<?xml version="1.0" encoding="UTF-8"?>
<!-- Generated by org.testng.reporters.JUnitXMLReporter -->
<testsuite ignored="8" hostname="Ashok" failures="1" tests="1" name="Default test" time="102.012" errors="0" timestamp="2023-07-27T09:31:57 IST">
  <testcase classname="com.jivi.auto.employeetest.PMPlanner" name="VerifyCreatePMPlanning" time="96.062">
    <failure type="org.openqa.selenium.ElementClickInterceptedException" message="element click intercepted: Element &amp;lt;button type=&amp;quot;button&amp;quot; class=&amp;quot;btn btn-sm btn-outline-danger icon-btn mx-1 delete&amp;quot; data-toggle=&amp;quot;modal&amp;quot; data-placement=&amp;quot;bottom&amp;quot; title=&amp;quot;&amp;quot; id=&amp;quot;btnPrimeMoverSkillDel3&amp;quot; data-original-title=&amp;quot;Delete&amp;quot;&amp;gt;...&amp;lt;/button&amp;gt; is not clickable at point (1121, 35). Other element would receive the click: &amp;lt;div class=&amp;quot;toast-title&amp;quot;&amp;gt;...&amp;lt;/div&amp;gt;
  (Session info: chrome=115.0.5790.110)
Build info: version: &amp;apos;4.1.2&amp;apos;, revision: &amp;apos;9a5a329c5a&amp;apos;
System info: host: &amp;apos;ASHOK&amp;apos;, ip: &amp;apos;192.168.0.105&amp;apos;, os.name: &amp;apos;Windows 11&amp;apos;, os.arch: &amp;apos;amd64&amp;apos;, os.version: &amp;apos;10.0&amp;apos;, java.version: &amp;apos;17.0.5&amp;apos;
Driver info: org.openqa.selenium.chrome.ChromeDriver
Command: [3681bc70859051c30775f0dd842cc332, clickElement {id=A30BFB41ED3AEC43FF50CCD832792B42_element_374}]
Capabilities {acceptInsecureCerts: false, browserName: chrome, browserVersion: 115.0.5790.110, chrome: {chromedriverVersion: 114.0.5735.90 (386bc09e8f4f..., userDataDir: C:\Users\ashok\AppData\Loca...}, goog:chromeOptions: {debuggerAddress: localhost:53725}, javascriptEnabled: true, networkConnectionEnabled: false, pageLoadStrategy: normal, platform: WINDOWS, platformName: WINDOWS, proxy: Proxy(), se:cdp: ws://localhost:53725/devtoo..., se:cdpVersion: 115.0.5790.110, setWindowRect: true, strictFileInteractability: false, timeouts: {implicit: 0, pageLoad: 300000, script: 30000}, unhandledPromptBehavior: dismiss and notify, webauthn:extension:credBlob: true, webauthn:extension:largeBlob: true, webauthn:extension:minPinLength: true, webauthn:extension:prf: true, webauthn:virtualAuthenticators: true}
Element: [[ChromeDriver: chrome on WINDOWS (3681bc70859051c30775f0dd842cc332)] -&amp;gt; xpath: //button[@id=&amp;apos;btnPrimeMoverSkillDel3&amp;apos;]]
Session ID: 3681bc70859051c30775f0dd842cc332">
      <![CDATA[org.openqa.selenium.ElementClickInterceptedException: element click intercepted: Element <button type="button" class="btn btn-sm btn-outline-danger icon-btn mx-1 delete" data-toggle="modal" data-placement="bottom" title="" id="btnPrimeMoverSkillDel3" data-original-title="Delete">...</button> is not clickable at point (1121, 35). Other element would receive the click: <div class="toast-title">...</div>
  (Session info: chrome=115.0.5790.110)
Build info: version: '4.1.2', revision: '9a5a329c5a'
System info: host: 'ASHOK', ip: '192.168.0.105', os.name: 'Windows 11', os.arch: 'amd64', os.version: '10.0', java.version: '17.0.5'
Driver info: org.openqa.selenium.chrome.ChromeDriver
Command: [3681bc70859051c30775f0dd842cc332, clickElement {id=A30BFB41ED3AEC43FF50CCD832792B42_element_374}]
Capabilities {acceptInsecureCerts: false, browserName: chrome, browserVersion: 115.0.5790.110, chrome: {chromedriverVersion: 114.0.5735.90 (386bc09e8f4f..., userDataDir: C:\Users\ashok\AppData\Loca...}, goog:chromeOptions: {debuggerAddress: localhost:53725}, javascriptEnabled: true, networkConnectionEnabled: false, pageLoadStrategy: normal, platform: WINDOWS, platformName: WINDOWS, proxy: Proxy(), se:cdp: ws://localhost:53725/devtoo..., se:cdpVersion: 115.0.5790.110, setWindowRect: true, strictFileInteractability: false, timeouts: {implicit: 0, pageLoad: 300000, script: 30000}, unhandledPromptBehavior: dismiss and notify, webauthn:extension:credBlob: true, webauthn:extension:largeBlob: true, webauthn:extension:minPinLength: true, webauthn:extension:prf: true, webauthn:virtualAuthenticators: true}
Element: [[ChromeDriver: chrome on WINDOWS (3681bc70859051c30775f0dd842cc332)] -> xpath: //button[@id='btnPrimeMoverSkillDel3']]
Session ID: 3681bc70859051c30775f0dd842cc332
at java.base/jdk.internal.reflect.NativeConstructorAccessorImpl.newInstance0(Native Method)
at java.base/jdk.internal.reflect.NativeConstructorAccessorImpl.newInstance(NativeConstructorAccessorImpl.java:77)
at java.base/jdk.internal.reflect.DelegatingConstructorAccessorImpl.newInstance(DelegatingConstructorAccessorImpl.java:45)
at java.base/java.lang.reflect.Constructor.newInstanceWithCaller(Constructor.java:499)
at java.base/java.lang.reflect.Constructor.newInstance(Constructor.java:480)
at org.openqa.selenium.remote.codec.w3c.W3CHttpResponseCodec.createException(W3CHttpResponseCodec.java:200)
at org.openqa.selenium.remote.codec.w3c.W3CHttpResponseCodec.decode(W3CHttpResponseCodec.java:133)
at org.openqa.selenium.remote.codec.w3c.W3CHttpResponseCodec.decode(W3CHttpResponseCodec.java:53)
at org.openqa.selenium.remote.HttpCommandExecutor.execute(HttpCommandExecutor.java:184)
at org.openqa.selenium.remote.service.DriverCommandExecutor.invokeExecute(DriverCommandExecutor.java:167)
at org.openqa.selenium.remote.service.DriverCommandExecutor.execute(DriverCommandExecutor.java:142)
at org.openqa.selenium.remote.RemoteWebDriver.execute(RemoteWebDriver.java:558)
at org.openqa.selenium.remote.RemoteWebElement.execute(RemoteWebElement.java:251)
at org.openqa.selenium.remote.RemoteWebElement.click(RemoteWebElement.java:77)
at java.base/jdk.internal.reflect.NativeMethodAccessorImpl.invoke0(Native Method)
at java.base/jdk.internal.reflect.NativeMethodAccessorImpl.invoke(NativeMethodAccessorImpl.java:77)
at java.base/jdk.internal.reflect.DelegatingMethodAccessorImpl.invoke(DelegatingMethodAccessorImpl.java:43)
at java.base/java.lang.reflect.Method.invoke(Method.java:568)
at org.openqa.selenium.support.pagefactory.internal.LocatingElementHandler.invoke(LocatingElementHandler.java:52)
at jdk.proxy2/jdk.proxy2.$Proxy17.click(Unknown Source)
at com.jivi.auto.employeepages.PMPlanning.createPMPlanning(PMPlanning.java:661)
at com.jivi.auto.employeetest.PMPlanner.VerifyCreatePMPlanning(PMPlanner.java:70)
at java.base/jdk.internal.reflect.NativeMethodAccessorImpl.invoke0(Native Method)
at java.base/jdk.internal.reflect.NativeMethodAccessorImpl.invoke(NativeMethodAccessorImpl.java:77)
at java.base/jdk.internal.reflect.DelegatingMethodAccessorImpl.invoke(DelegatingMethodAccessorImpl.java:43)
at java.base/java.lang.reflect.Method.invoke(Method.java:568)
at org.testng.internal.MethodInvocationHelper.invokeMethod(MethodInvocationHelper.java:134)
at org.testng.internal.TestInvoker.invokeMethod(TestInvoker.java:597)
at org.testng.internal.TestInvoker.invokeTestMethod(TestInvoker.java:173)
at org.testng.internal.MethodRunner.runInSequence(MethodRunner.java:46)
at org.testng.internal.TestInvoker$MethodInvocationAgent.invoke(TestInvoker.java:816)
at org.testng.internal.TestInvoker.invokeTestMethods(TestInvoker.java:146)
at org.testng.internal.TestMethodWorker.invokeTestMethods(TestMethodWorker.java:146)
at org.testng.internal.TestMethodWorker.run(TestMethodWorker.java:128)
at java.base/java.util.ArrayList.forEach(ArrayList.java:1511)
at org.testng.TestRunner.privateRun(TestRunner.java:766)
at org.testng.TestRunner.run(TestRunner.java:587)
at org.testng.SuiteRunner.runTest(SuiteRunner.java:384)
at org.testng.SuiteRunner.runSequentially(SuiteRunner.java:378)
at org.testng.SuiteRunner.privateRun(SuiteRunner.java:337)
at org.testng.SuiteRunner.run(SuiteRunner.java:286)
at org.testng.SuiteRunnerWorker.runSuite(SuiteRunnerWorker.java:53)
at org.testng.SuiteRunnerWorker.run(SuiteRunnerWorker.java:96)
at org.testng.TestNG.runSuitesSequentially(TestNG.java:1187)
at org.testng.TestNG.runSuitesLocally(TestNG.java:1109)
at org.testng.TestNG.runSuites(TestNG.java:1039)
at org.testng.TestNG.run(TestNG.java:1007)
at org.testng.remote.AbstractRemoteTestNG.run(AbstractRemoteTestNG.java:115)
at org.testng.remote.RemoteTestNG.initAndRun(RemoteTestNG.java:251)
at org.testng.remote.RemoteTestNG.main(RemoteTestNG.java:77)
]]>
    </failure>
  </testcase> <!-- VerifyCreatePMPlanning -->
  <testcase classname="com.jivi.auto.employeetest.PMPlanner" name="VerifyRTGPlanningFinalBookingAddshift" time="0.0">
    <ignored/>
  </testcase> <!-- VerifyRTGPlanningFinalBookingAddshift -->
  <testcase classname="com.jivi.auto.employeetest.PMPlanner" name="VerifyDateRangeDeployment" time="0.0">
    <ignored/>
  </testcase> <!-- VerifyDateRangeDeployment -->
  <testcase classname="com.jivi.auto.employeetest.PMPlanner" name="VerifyRTGPlanningFinalBookingStandByEmployee" time="0.0">
    <ignored/>
  </testcase> <!-- VerifyRTGPlanningFinalBookingStandByEmployee -->
  <testcase classname="com.jivi.auto.employeetest.PMPlanner" name="VerifyDeployment" time="0.0">
    <ignored/>
  </testcase> <!-- VerifyDeployment -->
  <testcase classname="com.jivi.auto.employeetest.PMPlanner" name="VerifyBroadcast" time="0.0">
    <ignored/>
  </testcase> <!-- VerifyBroadcast -->
  <testcase classname="com.jivi.auto.employeetest.PMPlanner" name="VerifyCreateRTGPlanningwithSingOff" time="0.0">
    <ignored/>
  </testcase> <!-- VerifyCreateRTGPlanningwithSingOff -->
  <testcase classname="com.jivi.auto.employeetest.PMPlanner" name="VerifyRTGPlanningFinalBookingReport" time="0.0">
    <ignored/>
  </testcase> <!-- VerifyRTGPlanningFinalBookingReport -->
  <testcase classname="com.jivi.auto.employeetest.PMPlanner" name="VerifyRevokeSignOff" time="0.0">
    <ignored/>
  </testcase> <!-- VerifyRevokeSignOff -->
</testsuite> <!-- Default test -->
