<?xml version="1.0" encoding="UTF-8"?>
<!-- Generated by org.testng.reporters.JUnitXMLReporter -->
<testsuite ignored="6" hostname="Ashok" failures="0" tests="1" name="Default test" time="110.637" errors="0" timestamp="2023-06-08T23:27:48 IST">
  <testcase classname="com.jivi.auto.employeetest.EmployeeSelfServiceTest" name="employeeSelfServiceApplyLeave" time="107.239"/>
  <testcase classname="com.jivi.auto.employeetest.EmployeeSelfServiceTest" name="employeeSelfServiceApplyTimeOff" time="0.0">
    <ignored/>
  </testcase> <!-- employeeSelfServiceApplyTimeOff -->
  <testcase classname="com.jivi.auto.employeetest.EmployeeSelfServiceTest" name="employeeSelfServiceEmployeeTest" time="0.0">
    <ignored/>
  </testcase> <!-- employeeSelfServiceEmployeeTest -->
  <testcase classname="com.jivi.auto.employeetest.EmployeeSelfServiceTest" name="employeeSelfServiceApproveLeave" time="0.0">
    <ignored/>
  </testcase> <!-- employeeSelfServiceApproveLeave -->
  <testcase classname="com.jivi.auto.employeetest.EmployeeSelfServiceTest" name="leaveBalance" time="0.0">
    <ignored/>
  </testcase> <!-- leaveBalance -->
  <testcase classname="com.jivi.auto.employeetest.EmployeeSelfServiceTest" name="employeeSelfServiceRejectLeave" time="0.0">
    <ignored/>
  </testcase> <!-- employeeSelfServiceRejectLeave -->
  <testcase classname="com.jivi.auto.employeetest.EmployeeSelfServiceTest" name="employeeSelfServiceAdminTest" time="0.0">
    <ignored/>
  </testcase> <!-- employeeSelfServiceAdminTest -->
</testsuite> <!-- Default test -->
