<?xml version="1.0" encoding="UTF-8"?>
<!-- Generated by org.testng.reporters.JUnitXMLReporter -->
<testsuite ignored="9" hostname="Ashok" failures="1" tests="1" name="Default test" time="68.831" errors="0" timestamp="2023-05-09T20:14:43 IST">
  <testcase classname="com.jivi.auto.employeetest.RoaserSetup" name="rosterCreation" time="63.427">
    <failure type="java.lang.NullPointerException" message="Cannot invoke &amp;quot;String.equals(Object)&amp;quot; because &amp;quot;com.jivi.auto.employeepages.Roaster.RosterGroupNameforRosterCreation&amp;quot; is null">
      <![CDATA[java.lang.NullPointerException: Cannot invoke "String.equals(Object)" because "com.jivi.auto.employeepages.Roaster.RosterGroupNameforRosterCreation" is null
at com.jivi.auto.employeepages.Roaster.rosterCreation(Roaster.java:595)
at com.jivi.auto.employeetest.RoaserSetup.rosterCreation(RoaserSetup.java:262)
at java.base/jdk.internal.reflect.NativeMethodAccessorImpl.invoke0(Native Method)
at java.base/jdk.internal.reflect.NativeMethodAccessorImpl.invoke(NativeMethodAccessorImpl.java:77)
at java.base/jdk.internal.reflect.DelegatingMethodAccessorImpl.invoke(DelegatingMethodAccessorImpl.java:43)
at java.base/java.lang.reflect.Method.invoke(Method.java:568)
at org.testng.internal.MethodInvocationHelper.invokeMethod(MethodInvocationHelper.java:134)
at org.testng.internal.TestInvoker.invokeMethod(TestInvoker.java:597)
at org.testng.internal.TestInvoker.invokeTestMethod(TestInvoker.java:173)
at org.testng.internal.MethodRunner.runInSequence(MethodRunner.java:46)
at org.testng.internal.TestInvoker$MethodInvocationAgent.invoke(TestInvoker.java:816)
at org.testng.internal.TestInvoker.invokeTestMethods(TestInvoker.java:146)
at org.testng.internal.TestMethodWorker.invokeTestMethods(TestMethodWorker.java:146)
at org.testng.internal.TestMethodWorker.run(TestMethodWorker.java:128)
at java.base/java.util.ArrayList.forEach(ArrayList.java:1511)
at org.testng.TestRunner.privateRun(TestRunner.java:766)
at org.testng.TestRunner.run(TestRunner.java:587)
at org.testng.SuiteRunner.runTest(SuiteRunner.java:384)
at org.testng.SuiteRunner.runSequentially(SuiteRunner.java:378)
at org.testng.SuiteRunner.privateRun(SuiteRunner.java:337)
at org.testng.SuiteRunner.run(SuiteRunner.java:286)
at org.testng.SuiteRunnerWorker.runSuite(SuiteRunnerWorker.java:53)
at org.testng.SuiteRunnerWorker.run(SuiteRunnerWorker.java:96)
at org.testng.TestNG.runSuitesSequentially(TestNG.java:1187)
at org.testng.TestNG.runSuitesLocally(TestNG.java:1109)
at org.testng.TestNG.runSuites(TestNG.java:1039)
at org.testng.TestNG.run(TestNG.java:1007)
at org.testng.remote.AbstractRemoteTestNG.run(AbstractRemoteTestNG.java:115)
at org.testng.remote.RemoteTestNG.initAndRun(RemoteTestNG.java:251)
at org.testng.remote.RemoteTestNG.main(RemoteTestNG.java:77)
]]>
    </failure>
  </testcase> <!-- rosterCreation -->
  <testcase classname="com.jivi.auto.employeetest.RoaserSetup" name="createShiftBandDefinition" time="0.0">
    <ignored/>
  </testcase> <!-- createShiftBandDefinition -->
  <testcase classname="com.jivi.auto.employeetest.RoaserSetup" name="deleteShiftBandDefinition" time="0.0">
    <ignored/>
  </testcase> <!-- deleteShiftBandDefinition -->
  <testcase classname="com.jivi.auto.employeetest.RoaserSetup" name="rosterGroupAssignmentAddingAllEmp" time="0.0">
    <ignored/>
  </testcase> <!-- rosterGroupAssignmentAddingAllEmp -->
  <testcase classname="com.jivi.auto.employeetest.RoaserSetup" name="rosterGroupAssignmentAddingSelectedEmp" time="0.0">
    <ignored/>
  </testcase> <!-- rosterGroupAssignmentAddingSelectedEmp -->
  <testcase classname="com.jivi.auto.employeetest.RoaserSetup" name="scheduleCreationRules" time="0.0">
    <ignored/>
  </testcase> <!-- scheduleCreationRules -->
  <testcase classname="com.jivi.auto.employeetest.RoaserSetup" name="rosterGroupAssignmentRemoveAllEmp" time="0.0">
    <ignored/>
  </testcase> <!-- rosterGroupAssignmentRemoveAllEmp -->
  <testcase classname="com.jivi.auto.employeetest.RoaserSetup" name="rosterGroupAssignmentRemoveSelectedEmp" time="0.0">
    <ignored/>
  </testcase> <!-- rosterGroupAssignmentRemoveSelectedEmp -->
  <testcase classname="com.jivi.auto.employeetest.RoaserSetup" name="reActivatedeletedShiftBandDefinition" time="0.0">
    <ignored/>
  </testcase> <!-- reActivatedeletedShiftBandDefinition -->
  <testcase classname="com.jivi.auto.employeetest.RoaserSetup" name="editShiftBandDefinition" time="0.0">
    <ignored/>
  </testcase> <!-- editShiftBandDefinition -->
</testsuite> <!-- Default test -->
