<?xml version="1.0" encoding="UTF-8"?>
<!-- Generated by org.testng.reporters.JUnitXMLReporter -->
<testsuite ignored="0" hostname="Ashok" failures="2" tests="25" name="Default test" time="236.159" errors="0" timestamp="2023-09-20T23:45:09 IST">
  <testcase classname="com.jivi.auto.utilities.BaseTest" name="@AfterMethod afterMethod" time="0.032">
    <failure type="org.openqa.selenium.WebDriverException" message="disconnected: not connected to DevTools
  (failed to check if window was closed: disconnected: not connected to DevTools)
  (Session info: chrome=117.0.5938.88)
Build info: version: &amp;apos;4.11.0&amp;apos;, revision: &amp;apos;040bc5406b&amp;apos;
System info: os.name: &amp;apos;Windows 11&amp;apos;, os.arch: &amp;apos;amd64&amp;apos;, os.version: &amp;apos;10.0&amp;apos;, java.version: &amp;apos;17.0.5&amp;apos;
Driver info: org.openqa.selenium.chrome.ChromeDriver
Command: [26b561f9f64c65c231da50248d6220db, screenshot {}]
Capabilities {acceptInsecureCerts: false, browserName: chrome, browserVersion: 117.0.5938.88, chrome: {chromedriverVersion: 117.0.5938.88 (be6afae47212..., userDataDir: C:\Users\ashok\AppData\Loca...}, fedcm:accounts: true, goog:chromeOptions: {debuggerAddress: localhost:54545}, networkConnectionEnabled: false, pageLoadStrategy: normal, platformName: windows, proxy: Proxy(), se:cdp: ws://localhost:54545/devtoo..., se:cdpVersion: 117.0.5938.88, setWindowRect: true, strictFileInteractability: false, timeouts: {implicit: 0, pageLoad: 300000, script: 30000}, unhandledPromptBehavior: dismiss and notify, webauthn:extension:credBlob: true, webauthn:extension:largeBlob: true, webauthn:extension:minPinLength: true, webauthn:extension:prf: true, webauthn:virtualAuthenticators: true}
Session ID: 26b561f9f64c65c231da50248d6220db">
      <![CDATA[org.openqa.selenium.WebDriverException: disconnected: not connected to DevTools
  (failed to check if window was closed: disconnected: not connected to DevTools)
  (Session info: chrome=117.0.5938.88)
Build info: version: '4.11.0', revision: '040bc5406b'
System info: os.name: 'Windows 11', os.arch: 'amd64', os.version: '10.0', java.version: '17.0.5'
Driver info: org.openqa.selenium.chrome.ChromeDriver
Command: [26b561f9f64c65c231da50248d6220db, screenshot {}]
Capabilities {acceptInsecureCerts: false, browserName: chrome, browserVersion: 117.0.5938.88, chrome: {chromedriverVersion: 117.0.5938.88 (be6afae47212..., userDataDir: C:\Users\ashok\AppData\Loca...}, fedcm:accounts: true, goog:chromeOptions: {debuggerAddress: localhost:54545}, networkConnectionEnabled: false, pageLoadStrategy: normal, platformName: windows, proxy: Proxy(), se:cdp: ws://localhost:54545/devtoo..., se:cdpVersion: 117.0.5938.88, setWindowRect: true, strictFileInteractability: false, timeouts: {implicit: 0, pageLoad: 300000, script: 30000}, unhandledPromptBehavior: dismiss and notify, webauthn:extension:credBlob: true, webauthn:extension:largeBlob: true, webauthn:extension:minPinLength: true, webauthn:extension:prf: true, webauthn:virtualAuthenticators: true}
Session ID: 26b561f9f64c65c231da50248d6220db
at java.base/jdk.internal.reflect.NativeConstructorAccessorImpl.newInstance0(Native Method)
at java.base/jdk.internal.reflect.NativeConstructorAccessorImpl.newInstance(NativeConstructorAccessorImpl.java:77)
at java.base/jdk.internal.reflect.DelegatingConstructorAccessorImpl.newInstance(DelegatingConstructorAccessorImpl.java:45)
at java.base/java.lang.reflect.Constructor.newInstanceWithCaller(Constructor.java:499)
at java.base/java.lang.reflect.Constructor.newInstance(Constructor.java:480)
at org.openqa.selenium.remote.codec.w3c.W3CHttpResponseCodec.createException(W3CHttpResponseCodec.java:200)
at org.openqa.selenium.remote.codec.w3c.W3CHttpResponseCodec.decode(W3CHttpResponseCodec.java:133)
at org.openqa.selenium.remote.codec.w3c.W3CHttpResponseCodec.decode(W3CHttpResponseCodec.java:52)
at org.openqa.selenium.remote.HttpCommandExecutor.execute(HttpCommandExecutor.java:191)
at org.openqa.selenium.remote.service.DriverCommandExecutor.invokeExecute(DriverCommandExecutor.java:196)
at org.openqa.selenium.remote.service.DriverCommandExecutor.execute(DriverCommandExecutor.java:171)
at org.openqa.selenium.remote.RemoteWebDriver.execute(RemoteWebDriver.java:518)
at org.openqa.selenium.remote.RemoteWebDriver.execute(RemoteWebDriver.java:591)
at org.openqa.selenium.remote.RemoteWebDriver.execute(RemoteWebDriver.java:595)
at org.openqa.selenium.remote.RemoteWebDriver.getScreenshotAs(RemoteWebDriver.java:321)
at com.jivi.auto.utilities.ReportUtils.takeScreenShotBASE64(ReportUtils.java:145)
at com.jivi.auto.utilities.ReportUtils.takeScreenShot(ReportUtils.java:115)
at com.jivi.auto.utilities.ReportUtils.takeScreenShotOnFailure(ReportUtils.java:100)
at com.jivi.auto.utilities.ReportUtils.addInfoOnValidations(ReportUtils.java:72)
at com.jivi.auto.utilities.BaseTest.afterMethod(BaseTest.java:180)
at java.base/jdk.internal.reflect.NativeMethodAccessorImpl.invoke0(Native Method)
at java.base/jdk.internal.reflect.NativeMethodAccessorImpl.invoke(NativeMethodAccessorImpl.java:77)
at java.base/jdk.internal.reflect.DelegatingMethodAccessorImpl.invoke(DelegatingMethodAccessorImpl.java:43)
at java.base/java.lang.reflect.Method.invoke(Method.java:568)
at org.testng.internal.MethodInvocationHelper.invokeMethod(MethodInvocationHelper.java:134)
at org.testng.internal.MethodInvocationHelper.invokeMethodConsideringTimeout(MethodInvocationHelper.java:63)
at org.testng.internal.ConfigInvoker.invokeConfigurationMethod(ConfigInvoker.java:348)
at org.testng.internal.ConfigInvoker.invokeConfigurations(ConfigInvoker.java:302)
at org.testng.internal.TestInvoker.runConfigMethods(TestInvoker.java:695)
at org.testng.internal.TestInvoker.runAfterGroupsConfigurations(TestInvoker.java:671)
at org.testng.internal.TestInvoker.invokeMethod(TestInvoker.java:655)
at org.testng.internal.TestInvoker.invokeTestMethod(TestInvoker.java:173)
at org.testng.internal.MethodRunner.runInSequence(MethodRunner.java:46)
at org.testng.internal.TestInvoker$MethodInvocationAgent.invoke(TestInvoker.java:816)
at org.testng.internal.TestInvoker.invokeTestMethods(TestInvoker.java:146)
at org.testng.internal.TestMethodWorker.invokeTestMethods(TestMethodWorker.java:146)
at org.testng.internal.TestMethodWorker.run(TestMethodWorker.java:128)
at java.base/java.util.ArrayList.forEach(ArrayList.java:1511)
at org.testng.TestRunner.privateRun(TestRunner.java:766)
at org.testng.TestRunner.run(TestRunner.java:587)
at org.testng.SuiteRunner.runTest(SuiteRunner.java:384)
at org.testng.SuiteRunner.runSequentially(SuiteRunner.java:378)
at org.testng.SuiteRunner.privateRun(SuiteRunner.java:337)
at org.testng.SuiteRunner.run(SuiteRunner.java:286)
at org.testng.SuiteRunnerWorker.runSuite(SuiteRunnerWorker.java:53)
at org.testng.SuiteRunnerWorker.run(SuiteRunnerWorker.java:96)
at org.testng.TestNG.runSuitesSequentially(TestNG.java:1187)
at org.testng.TestNG.runSuitesLocally(TestNG.java:1109)
at org.testng.TestNG.runSuites(TestNG.java:1039)
at org.testng.TestNG.run(TestNG.java:1007)
at org.testng.remote.AbstractRemoteTestNG.run(AbstractRemoteTestNG.java:115)
at org.testng.remote.RemoteTestNG.initAndRun(RemoteTestNG.java:251)
at org.testng.remote.RemoteTestNG.main(RemoteTestNG.java:77)
]]>
    </failure>
  </testcase> <!-- @AfterMethod afterMethod -->
  <testcase classname="com.jivi.auto.utilities.BaseTest" name="@BeforeMethod beforeMethod" time="-1.695233709323E9">
    <skipped/>
  </testcase> <!-- @BeforeMethod beforeMethod -->
  <testcase classname="com.jivi.auto.utilities.BaseTest" name="@AfterMethod afterMethod" time="-1.695233709323E9">
    <skipped/>
  </testcase> <!-- @AfterMethod afterMethod -->
  <testcase classname="com.jivi.auto.utilities.BaseTest" name="@BeforeMethod beforeMethod" time="-1.695233709323E9">
    <skipped/>
  </testcase> <!-- @BeforeMethod beforeMethod -->
  <testcase classname="com.jivi.auto.utilities.BaseTest" name="@AfterMethod afterMethod" time="-1.695233709341E9">
    <skipped/>
  </testcase> <!-- @AfterMethod afterMethod -->
  <testcase classname="com.jivi.auto.utilities.BaseTest" name="@BeforeMethod beforeMethod" time="-1.695233709341E9">
    <skipped/>
  </testcase> <!-- @BeforeMethod beforeMethod -->
  <testcase classname="com.jivi.auto.utilities.BaseTest" name="@AfterMethod afterMethod" time="-1.695233709341E9">
    <skipped/>
  </testcase> <!-- @AfterMethod afterMethod -->
  <testcase classname="com.jivi.auto.utilities.BaseTest" name="@BeforeMethod beforeMethod" time="-1.695233709341E9">
    <skipped/>
  </testcase> <!-- @BeforeMethod beforeMethod -->
  <testcase classname="com.jivi.auto.utilities.BaseTest" name="@AfterMethod afterMethod" time="-1.695233709356E9">
    <skipped/>
  </testcase> <!-- @AfterMethod afterMethod -->
  <testcase classname="com.jivi.auto.utilities.BaseTest" name="@BeforeMethod beforeMethod" time="-1.695233709356E9">
    <skipped/>
  </testcase> <!-- @BeforeMethod beforeMethod -->
  <testcase classname="com.jivi.auto.utilities.BaseTest" name="@AfterMethod afterMethod" time="-1.695233709368E9">
    <skipped/>
  </testcase> <!-- @AfterMethod afterMethod -->
  <testcase classname="com.jivi.auto.utilities.BaseTest" name="@BeforeMethod beforeMethod" time="-1.695233709368E9">
    <skipped/>
  </testcase> <!-- @BeforeMethod beforeMethod -->
  <testcase classname="com.jivi.auto.utilities.BaseTest" name="@AfterMethod afterMethod" time="-1.695233709371E9">
    <skipped/>
  </testcase> <!-- @AfterMethod afterMethod -->
  <testcase classname="com.jivi.auto.utilities.BaseTest" name="@BeforeMethod beforeMethod" time="-1.695233709371E9">
    <skipped/>
  </testcase> <!-- @BeforeMethod beforeMethod -->
  <testcase classname="com.jivi.auto.utilities.BaseTest" name="@AfterMethod afterMethod" time="-1.695233709371E9">
    <skipped/>
  </testcase> <!-- @AfterMethod afterMethod -->
  <testcase classname="com.jivi.auto.utilities.BaseTest" name="@BeforeMethod beforeMethod" time="-1.695233709371E9">
    <skipped/>
  </testcase> <!-- @BeforeMethod beforeMethod -->
  <testcase classname="com.jivi.auto.utilities.BaseTest" name="@AfterMethod afterMethod" time="-1.695233709371E9">
    <skipped/>
  </testcase> <!-- @AfterMethod afterMethod -->
  <testcase classname="com.jivi.auto.utilities.BaseTest" name="@BeforeMethod beforeMethod" time="-1.695233709387E9">
    <skipped/>
  </testcase> <!-- @BeforeMethod beforeMethod -->
  <testcase classname="com.jivi.auto.utilities.BaseTest" name="@AfterMethod afterMethod" time="-1.695233709387E9">
    <skipped/>
  </testcase> <!-- @AfterMethod afterMethod -->
  <testcase classname="com.jivi.auto.utilities.BaseTest" name="@BeforeMethod beforeMethod" time="-1.695233709387E9">
    <skipped/>
  </testcase> <!-- @BeforeMethod beforeMethod -->
  <testcase classname="com.jivi.auto.utilities.BaseTest" name="@AfterMethod afterMethod" time="-1.695233709387E9">
    <skipped/>
  </testcase> <!-- @AfterMethod afterMethod -->
  <testcase classname="com.jivi.auto.utilities.BaseTest" name="@BeforeMethod beforeMethod" time="-1.695233709387E9">
    <skipped/>
  </testcase> <!-- @BeforeMethod beforeMethod -->
  <testcase classname="com.jivi.auto.utilities.BaseTest" name="@AfterMethod afterMethod" time="-1.695233709402E9">
    <skipped/>
  </testcase> <!-- @AfterMethod afterMethod -->
  <testcase classname="com.jivi.auto.utilities.BaseTest" name="@BeforeMethod beforeMethod" time="-1.695233709402E9">
    <skipped/>
  </testcase> <!-- @BeforeMethod beforeMethod -->
  <testcase classname="com.jivi.auto.utilities.BaseTest" name="@AfterMethod afterMethod" time="-1.695233709407E9">
    <skipped/>
  </testcase> <!-- @AfterMethod afterMethod -->
  <testcase classname="com.jivi.auto.utilities.BaseTest" name="@BeforeMethod beforeMethod" time="-1.695233709407E9">
    <skipped/>
  </testcase> <!-- @BeforeMethod beforeMethod -->
  <testcase classname="com.jivi.auto.utilities.BaseTest" name="@AfterMethod afterMethod" time="-1.695233709415E9">
    <skipped/>
  </testcase> <!-- @AfterMethod afterMethod -->
  <testcase classname="com.jivi.auto.utilities.BaseTest" name="@BeforeMethod beforeMethod" time="-1.695233709415E9">
    <skipped/>
  </testcase> <!-- @BeforeMethod beforeMethod -->
  <testcase classname="com.jivi.auto.utilities.BaseTest" name="@AfterMethod afterMethod" time="-1.695233709418E9">
    <skipped/>
  </testcase> <!-- @AfterMethod afterMethod -->
  <testcase classname="com.jivi.auto.utilities.BaseTest" name="@BeforeMethod beforeMethod" time="-1.695233709418E9">
    <skipped/>
  </testcase> <!-- @BeforeMethod beforeMethod -->
  <testcase classname="com.jivi.auto.utilities.BaseTest" name="@AfterMethod afterMethod" time="-1.695233709418E9">
    <skipped/>
  </testcase> <!-- @AfterMethod afterMethod -->
  <testcase classname="com.jivi.auto.utilities.BaseTest" name="@BeforeMethod beforeMethod" time="-1.695233709418E9">
    <skipped/>
  </testcase> <!-- @BeforeMethod beforeMethod -->
  <testcase classname="com.jivi.auto.utilities.BaseTest" name="@AfterMethod afterMethod" time="-1.695233709418E9">
    <skipped/>
  </testcase> <!-- @AfterMethod afterMethod -->
  <testcase classname="com.jivi.auto.utilities.BaseTest" name="@BeforeMethod beforeMethod" time="-1.695233709418E9">
    <skipped/>
  </testcase> <!-- @BeforeMethod beforeMethod -->
  <testcase classname="com.jivi.auto.utilities.BaseTest" name="@AfterMethod afterMethod" time="-1.695233709434E9">
    <skipped/>
  </testcase> <!-- @AfterMethod afterMethod -->
  <testcase classname="com.jivi.auto.utilities.BaseTest" name="@BeforeMethod beforeMethod" time="-1.695233709434E9">
    <skipped/>
  </testcase> <!-- @BeforeMethod beforeMethod -->
  <testcase classname="com.jivi.auto.utilities.BaseTest" name="@AfterMethod afterMethod" time="-1.695233709434E9">
    <skipped/>
  </testcase> <!-- @AfterMethod afterMethod -->
  <testcase classname="com.jivi.auto.utilities.BaseTest" name="@BeforeMethod beforeMethod" time="-1.695233709434E9">
    <skipped/>
  </testcase> <!-- @BeforeMethod beforeMethod -->
  <testcase classname="com.jivi.auto.utilities.BaseTest" name="@AfterMethod afterMethod" time="-1.695233709441E9">
    <skipped/>
  </testcase> <!-- @AfterMethod afterMethod -->
  <testcase classname="com.jivi.auto.utilities.BaseTest" name="@AfterClass afterClass" time="-1.695233709441E9">
    <skipped/>
  </testcase> <!-- @AfterClass afterClass -->
  <testcase classname="com.jivi.auto.employeetest.JiViewsEmployeeAdministrationTest" name="VerifEmpIDSerach" time="64.945"/>
  <testcase classname="com.jivi.auto.employeetest.JiViewsEmployeeAdministrationTest" name="VerifEmpNameSearch" time="30.653"/>
  <testcase classname="com.jivi.auto.employeetest.JiViewsEmployeeAdministrationTest" name="VerifyEmpAdd" time="5.526">
    <failure type="java.lang.Exception" message="Test Data Not Found in JSON: java.lang.NullPointerException: Cannot invoke &amp;quot;com.google.gson.JsonElement.getAsJsonObject()&amp;quot; because the return value of &amp;quot;com.google.gson.JsonObject.get(String)&amp;quot; is null">
      <![CDATA[java.lang.Exception: Test Data Not Found in JSON: java.lang.NullPointerException: Cannot invoke "com.google.gson.JsonElement.getAsJsonObject()" because the return value of "com.google.gson.JsonObject.get(String)" is null
at com.jivi.auto.utilities.JSONReader.get(JSONReader.java:44)
at com.jivi.auto.employeetest.JiViewsEmployeeAdministrationTest.VerifyEmpAdd(JiViewsEmployeeAdministrationTest.java:154)
at java.base/jdk.internal.reflect.NativeMethodAccessorImpl.invoke0(Native Method)
at java.base/jdk.internal.reflect.NativeMethodAccessorImpl.invoke(NativeMethodAccessorImpl.java:77)
at java.base/jdk.internal.reflect.DelegatingMethodAccessorImpl.invoke(DelegatingMethodAccessorImpl.java:43)
at java.base/java.lang.reflect.Method.invoke(Method.java:568)
at org.testng.internal.MethodInvocationHelper.invokeMethod(MethodInvocationHelper.java:134)
at org.testng.internal.TestInvoker.invokeMethod(TestInvoker.java:597)
at org.testng.internal.TestInvoker.invokeTestMethod(TestInvoker.java:173)
at org.testng.internal.MethodRunner.runInSequence(MethodRunner.java:46)
at org.testng.internal.TestInvoker$MethodInvocationAgent.invoke(TestInvoker.java:816)
at org.testng.internal.TestInvoker.invokeTestMethods(TestInvoker.java:146)
at org.testng.internal.TestMethodWorker.invokeTestMethods(TestMethodWorker.java:146)
at org.testng.internal.TestMethodWorker.run(TestMethodWorker.java:128)
at java.base/java.util.ArrayList.forEach(ArrayList.java:1511)
at org.testng.TestRunner.privateRun(TestRunner.java:766)
at org.testng.TestRunner.run(TestRunner.java:587)
at org.testng.SuiteRunner.runTest(SuiteRunner.java:384)
at org.testng.SuiteRunner.runSequentially(SuiteRunner.java:378)
at org.testng.SuiteRunner.privateRun(SuiteRunner.java:337)
at org.testng.SuiteRunner.run(SuiteRunner.java:286)
at org.testng.SuiteRunnerWorker.runSuite(SuiteRunnerWorker.java:53)
at org.testng.SuiteRunnerWorker.run(SuiteRunnerWorker.java:96)
at org.testng.TestNG.runSuitesSequentially(TestNG.java:1187)
at org.testng.TestNG.runSuitesLocally(TestNG.java:1109)
at org.testng.TestNG.runSuites(TestNG.java:1039)
at org.testng.TestNG.run(TestNG.java:1007)
at org.testng.remote.AbstractRemoteTestNG.run(AbstractRemoteTestNG.java:115)
at org.testng.remote.RemoteTestNG.initAndRun(RemoteTestNG.java:251)
at org.testng.remote.RemoteTestNG.main(RemoteTestNG.java:77)
]]>
    </failure>
  </testcase> <!-- VerifyEmpAdd -->
  <testcase classname="com.jivi.auto.employeetest.JiViewsEmployeeAdministrationTest" name="VerifyEmpAddinEmpProfile" time="34.073"/>
  <testcase classname="com.jivi.auto.employeetest.JiViewsEmployeeAdministrationTest" name="VerifyEmpAddinEmpProfileAlreadyExist" time="35.712"/>
  <testcase classname="com.jivi.auto.employeetest.JiViewsEmployeeAdministrationTest" name="VerifyEmpCategory" time="52.14">
    <failure type="org.openqa.selenium.WebDriverException" message="disconnected: unable to send message to renderer
  (failed to check if window was closed: disconnected: not connected to DevTools)
  (Session info: chrome=117.0.5938.88)
Build info: version: &amp;apos;4.11.0&amp;apos;, revision: &amp;apos;040bc5406b&amp;apos;
System info: os.name: &amp;apos;Windows 11&amp;apos;, os.arch: &amp;apos;amd64&amp;apos;, os.version: &amp;apos;10.0&amp;apos;, java.version: &amp;apos;17.0.5&amp;apos;
Driver info: org.openqa.selenium.chrome.ChromeDriver
Command: [26b561f9f64c65c231da50248d6220db, findElement {using=xpath, value=//*[@id=&amp;apos;dvOrgUnitDropdown&amp;apos;]/a/i}]
Capabilities {acceptInsecureCerts: false, browserName: chrome, browserVersion: 117.0.5938.88, chrome: {chromedriverVersion: 117.0.5938.88 (be6afae47212..., userDataDir: C:\Users\ashok\AppData\Loca...}, fedcm:accounts: true, goog:chromeOptions: {debuggerAddress: localhost:54545}, networkConnectionEnabled: false, pageLoadStrategy: normal, platformName: windows, proxy: Proxy(), se:cdp: ws://localhost:54545/devtoo..., se:cdpVersion: 117.0.5938.88, setWindowRect: true, strictFileInteractability: false, timeouts: {implicit: 0, pageLoad: 300000, script: 30000}, unhandledPromptBehavior: dismiss and notify, webauthn:extension:credBlob: true, webauthn:extension:largeBlob: true, webauthn:extension:minPinLength: true, webauthn:extension:prf: true, webauthn:virtualAuthenticators: true}
Session ID: 26b561f9f64c65c231da50248d6220db">
      <![CDATA[org.openqa.selenium.WebDriverException: disconnected: unable to send message to renderer
  (failed to check if window was closed: disconnected: not connected to DevTools)
  (Session info: chrome=117.0.5938.88)
Build info: version: '4.11.0', revision: '040bc5406b'
System info: os.name: 'Windows 11', os.arch: 'amd64', os.version: '10.0', java.version: '17.0.5'
Driver info: org.openqa.selenium.chrome.ChromeDriver
Command: [26b561f9f64c65c231da50248d6220db, findElement {using=xpath, value=//*[@id='dvOrgUnitDropdown']/a/i}]
Capabilities {acceptInsecureCerts: false, browserName: chrome, browserVersion: 117.0.5938.88, chrome: {chromedriverVersion: 117.0.5938.88 (be6afae47212..., userDataDir: C:\Users\ashok\AppData\Loca...}, fedcm:accounts: true, goog:chromeOptions: {debuggerAddress: localhost:54545}, networkConnectionEnabled: false, pageLoadStrategy: normal, platformName: windows, proxy: Proxy(), se:cdp: ws://localhost:54545/devtoo..., se:cdpVersion: 117.0.5938.88, setWindowRect: true, strictFileInteractability: false, timeouts: {implicit: 0, pageLoad: 300000, script: 30000}, unhandledPromptBehavior: dismiss and notify, webauthn:extension:credBlob: true, webauthn:extension:largeBlob: true, webauthn:extension:minPinLength: true, webauthn:extension:prf: true, webauthn:virtualAuthenticators: true}
Session ID: 26b561f9f64c65c231da50248d6220db
at java.base/jdk.internal.reflect.NativeConstructorAccessorImpl.newInstance0(Native Method)
at java.base/jdk.internal.reflect.NativeConstructorAccessorImpl.newInstance(NativeConstructorAccessorImpl.java:77)
at java.base/jdk.internal.reflect.DelegatingConstructorAccessorImpl.newInstance(DelegatingConstructorAccessorImpl.java:45)
at java.base/java.lang.reflect.Constructor.newInstanceWithCaller(Constructor.java:499)
at java.base/java.lang.reflect.Constructor.newInstance(Constructor.java:480)
at org.openqa.selenium.remote.codec.w3c.W3CHttpResponseCodec.createException(W3CHttpResponseCodec.java:200)
at org.openqa.selenium.remote.codec.w3c.W3CHttpResponseCodec.decode(W3CHttpResponseCodec.java:133)
at org.openqa.selenium.remote.codec.w3c.W3CHttpResponseCodec.decode(W3CHttpResponseCodec.java:52)
at org.openqa.selenium.remote.HttpCommandExecutor.execute(HttpCommandExecutor.java:191)
at org.openqa.selenium.remote.service.DriverCommandExecutor.invokeExecute(DriverCommandExecutor.java:196)
at org.openqa.selenium.remote.service.DriverCommandExecutor.execute(DriverCommandExecutor.java:171)
at org.openqa.selenium.remote.RemoteWebDriver.execute(RemoteWebDriver.java:518)
at org.openqa.selenium.remote.ElementLocation$ElementFinder$2.findElement(ElementLocation.java:165)
at org.openqa.selenium.remote.ElementLocation.findElement(ElementLocation.java:59)
at org.openqa.selenium.remote.RemoteWebDriver.findElement(RemoteWebDriver.java:355)
at org.openqa.selenium.remote.RemoteWebDriver.findElement(RemoteWebDriver.java:349)
at org.openqa.selenium.support.pagefactory.DefaultElementLocator.findElement(DefaultElementLocator.java:68)
at org.openqa.selenium.support.pagefactory.internal.LocatingElementHandler.invoke(LocatingElementHandler.java:38)
at jdk.proxy2/jdk.proxy2.$Proxy25.toString(Unknown Source)
at java.base/java.lang.String.valueOf(String.java:4218)
at java.base/java.lang.StringBuilder.append(StringBuilder.java:173)
at org.openqa.selenium.support.ui.ExpectedConditions$10.toString(ExpectedConditions.java:295)
at java.base/java.lang.String.valueOf(String.java:4218)
at java.base/java.lang.StringBuilder.append(StringBuilder.java:173)
at org.openqa.selenium.support.ui.FluentWait.until(FluentWait.java:227)
at com.jivi.auto.pageobjectutils.POMCommon.waitUntilElementIsVisible(POMCommon.java:48)
at com.jivi.auto.pageobjectutils.POMCommon.getObject(POMCommon.java:32)
at com.jivi.auto.pageobjectutils.WebElementKeys.clickUsingJavaScript(WebElementKeys.java:64)
at com.jivi.auto.employeepages.JiViewsEmployeeAdministration.empCategory(JiViewsEmployeeAdministration.java:454)
at com.jivi.auto.employeetest.JiViewsEmployeeAdministrationTest.VerifyEmpCategory(JiViewsEmployeeAdministrationTest.java:143)
at java.base/jdk.internal.reflect.NativeMethodAccessorImpl.invoke0(Native Method)
at java.base/jdk.internal.reflect.NativeMethodAccessorImpl.invoke(NativeMethodAccessorImpl.java:77)
at java.base/jdk.internal.reflect.DelegatingMethodAccessorImpl.invoke(DelegatingMethodAccessorImpl.java:43)
at java.base/java.lang.reflect.Method.invoke(Method.java:568)
at org.testng.internal.MethodInvocationHelper.invokeMethod(MethodInvocationHelper.java:134)
at org.testng.internal.TestInvoker.invokeMethod(TestInvoker.java:597)
at org.testng.internal.TestInvoker.invokeTestMethod(TestInvoker.java:173)
at org.testng.internal.MethodRunner.runInSequence(MethodRunner.java:46)
at org.testng.internal.TestInvoker$MethodInvocationAgent.invoke(TestInvoker.java:816)
at org.testng.internal.TestInvoker.invokeTestMethods(TestInvoker.java:146)
at org.testng.internal.TestMethodWorker.invokeTestMethods(TestMethodWorker.java:146)
at org.testng.internal.TestMethodWorker.run(TestMethodWorker.java:128)
at java.base/java.util.ArrayList.forEach(ArrayList.java:1511)
at org.testng.TestRunner.privateRun(TestRunner.java:766)
at org.testng.TestRunner.run(TestRunner.java:587)
at org.testng.SuiteRunner.runTest(SuiteRunner.java:384)
at org.testng.SuiteRunner.runSequentially(SuiteRunner.java:378)
at org.testng.SuiteRunner.privateRun(SuiteRunner.java:337)
at org.testng.SuiteRunner.run(SuiteRunner.java:286)
at org.testng.SuiteRunnerWorker.runSuite(SuiteRunnerWorker.java:53)
at org.testng.SuiteRunnerWorker.run(SuiteRunnerWorker.java:96)
at org.testng.TestNG.runSuitesSequentially(TestNG.java:1187)
at org.testng.TestNG.runSuitesLocally(TestNG.java:1109)
at org.testng.TestNG.runSuites(TestNG.java:1039)
at org.testng.TestNG.run(TestNG.java:1007)
at org.testng.remote.AbstractRemoteTestNG.run(AbstractRemoteTestNG.java:115)
at org.testng.remote.RemoteTestNG.initAndRun(RemoteTestNG.java:251)
at org.testng.remote.RemoteTestNG.main(RemoteTestNG.java:77)
]]>
    </failure>
  </testcase> <!-- VerifyEmpCategory -->
  <testcase classname="com.jivi.auto.employeetest.JiViewsEmployeeAdministrationTest" name="VerifyEmpProCreationFiveEmp" time="0.0">
    <skipped/>
  </testcase> <!-- VerifyEmpProCreationFiveEmp -->
  <testcase classname="com.jivi.auto.employeetest.JiViewsEmployeeAdministrationTest" name="VerifyEmpUpdate" time="0.0">
    <skipped/>
  </testcase> <!-- VerifyEmpUpdate -->
  <testcase classname="com.jivi.auto.employeetest.JiViewsEmployeeAdministrationTest" name="VerifyEmpUpdateAddRolesNegative" time="0.0">
    <skipped/>
  </testcase> <!-- VerifyEmpUpdateAddRolesNegative -->
  <testcase classname="com.jivi.auto.employeetest.JiViewsEmployeeAdministrationTest" name="VerifyEmpUpdateAddRolesPositive" time="0.0">
    <skipped/>
  </testcase> <!-- VerifyEmpUpdateAddRolesPositive -->
  <testcase classname="com.jivi.auto.employeetest.JiViewsEmployeeAdministrationTest" name="VerifyEmpUpdateContactsNegative" time="0.0">
    <skipped/>
  </testcase> <!-- VerifyEmpUpdateContactsNegative -->
  <testcase classname="com.jivi.auto.employeetest.JiViewsEmployeeAdministrationTest" name="VerifyEmpUpdateContactsPositive" time="0.0">
    <skipped/>
  </testcase> <!-- VerifyEmpUpdateContactsPositive -->
  <testcase classname="com.jivi.auto.employeetest.JiViewsEmployeeAdministrationTest" name="VerifyEmpUpdateDuplicate" time="0.0">
    <skipped/>
  </testcase> <!-- VerifyEmpUpdateDuplicate -->
  <testcase classname="com.jivi.auto.employeetest.JiViewsEmployeeAdministrationTest" name="VerifyEmpUpdateESS" time="0.0">
    <skipped/>
  </testcase> <!-- VerifyEmpUpdateESS -->
  <testcase classname="com.jivi.auto.employeetest.JiViewsEmployeeAdministrationTest" name="VerifyEmpUpdateExcludedSkillsNegative" time="0.0">
    <skipped/>
  </testcase> <!-- VerifyEmpUpdateExcludedSkillsNegative -->
  <testcase classname="com.jivi.auto.employeetest.JiViewsEmployeeAdministrationTest" name="VerifyEmpUpdateExcludedSkillsPositive" time="0.0">
    <skipped/>
  </testcase> <!-- VerifyEmpUpdateExcludedSkillsPositive -->
  <testcase classname="com.jivi.auto.employeetest.JiViewsEmployeeAdministrationTest" name="VerifyEmpUpdateMisc" time="0.0">
    <skipped/>
  </testcase> <!-- VerifyEmpUpdateMisc -->
  <testcase classname="com.jivi.auto.employeetest.JiViewsEmployeeAdministrationTest" name="VerifyEmpUpdateSecurity" time="0.0">
    <skipped/>
  </testcase> <!-- VerifyEmpUpdateSecurity -->
  <testcase classname="com.jivi.auto.employeetest.JiViewsEmployeeAdministrationTest" name="VerifyLogin" time="0.0">
    <skipped/>
  </testcase> <!-- VerifyLogin -->
  <testcase classname="com.jivi.auto.employeetest.JiViewsEmployeeAdministrationTest" name="VerifyLoginwTermindatedEmp" time="0.0">
    <skipped/>
  </testcase> <!-- VerifyLoginwTermindatedEmp -->
  <testcase classname="com.jivi.auto.employeetest.JiViewsEmployeeAdministrationTest" name="VerifyLoginwithNewEmployee" time="0.0">
    <skipped/>
  </testcase> <!-- VerifyLoginwithNewEmployee -->
  <testcase classname="com.jivi.auto.employeetest.JiViewsEmployeeAdministrationTest" name="VerifyRolesAdd" time="0.0">
    <skipped/>
  </testcase> <!-- VerifyRolesAdd -->
  <testcase classname="com.jivi.auto.employeetest.JiViewsEmployeeAdministrationTest" name="VerifySkillAdd" time="0.0">
    <skipped/>
  </testcase> <!-- VerifySkillAdd -->
  <testcase classname="com.jivi.auto.employeetest.JiViewsEmployeeAdministrationTest" name="VerifyTerminateEmployee" time="0.0">
    <skipped/>
  </testcase> <!-- VerifyTerminateEmployee -->
  <testcase classname="com.jivi.auto.employeetest.JiViewsEmployeeAdministrationTest" name="VerifyTesting" time="0.0">
    <skipped/>
  </testcase> <!-- VerifyTesting -->
</testsuite> <!-- Default test -->
