<?xml version="1.0" encoding="UTF-8"?>
<!-- Generated by org.testng.reporters.JUnitXMLReporter -->
<testsuite ignored="1" hostname="Ashok" failures="0" tests="1" name="Default test" time="98.111" errors="0" timestamp="2023-06-22T10:15:21 IST">
  <testcase classname="com.jivi.auto.employeetest.HSSEPlanner" name="createHSSEPlanningAlreadyDeployedShift" time="94.671"/>
  <testcase classname="com.jivi.auto.employeetest.HSSEPlanner" name="createHSSEPlanning" time="0.0">
    <ignored/>
  </testcase> <!-- createHSSEPlanning -->
</testsuite> <!-- Default test -->
