<?xml version="1.0" encoding="UTF-8"?>
<!-- Generated by org.testng.reporters.JUnitXMLReporter -->
<testsuite ignored="5" hostname="Ashok" failures="0" tests="1" name="Default test" time="78.29" errors="0" timestamp="2023-07-05T09:29:25 IST">
  <testcase classname="com.jivi.auto.employeetest.HSSEPlanner" name="VerifyDeployment" time="76.262"/>
  <testcase classname="com.jivi.auto.employeetest.HSSEPlanner" name="VerifyBroadcast" time="0.0">
    <ignored/>
  </testcase> <!-- VerifyBroadcast -->
  <testcase classname="com.jivi.auto.employeetest.HSSEPlanner" name="createHSSEPlanning" time="0.0">
    <ignored/>
  </testcase> <!-- createHSSEPlanning -->
  <testcase classname="com.jivi.auto.employeetest.HSSEPlanner" name="VerifyRevokeSignOff" time="0.0">
    <ignored/>
  </testcase> <!-- VerifyRevokeSignOff -->
  <testcase classname="com.jivi.auto.employeetest.HSSEPlanner" name="createHSSEPlanningAlreadyDeployedShift" time="0.0">
    <ignored/>
  </testcase> <!-- createHSSEPlanningAlreadyDeployedShift -->
  <testcase classname="com.jivi.auto.employeetest.HSSEPlanner" name="VerifyHSSEFinalBookingReport" time="0.0">
    <ignored/>
  </testcase> <!-- VerifyHSSEFinalBookingReport -->
</testsuite> <!-- Default test -->
