<?xml version="1.0" encoding="UTF-8"?>
<!-- Generated by org.testng.reporters.JUnitXMLReporter -->
<testsuite ignored="20" hostname="Ashok" failures="1" tests="5" name="Test1" time="345.68" errors="0" timestamp="2023-05-26T07:17:40 IST">
  <testcase classname="com.jivi.auto.employeetest.JiViewsSystemDefinitionsTest" name="VerifyLogin" time="27.301"/>
  <testcase classname="com.jivi.auto.employeetest.JiViewsSystemDefinitionsTest" name="VerifyEmpCategory" time="74.577"/>
  <testcase classname="com.jivi.auto.employeetest.JiViewsSystemDefinitionsTest" name="VerifyEmpAdd" time="102.993"/>
  <testcase classname="com.jivi.auto.employeetest.JiViewsSystemDefinitionsTest" name="VerifySkillAdd" time="53.902">
    <failure type="org.openqa.selenium.ElementClickInterceptedException" message="element click intercepted: Element &amp;lt;i class=&amp;quot;fas fa-sitemap navbar-icon align-middle&amp;quot; style=&amp;quot;&amp;quot;&amp;gt;&amp;lt;/i&amp;gt; is not clickable at point (1101, 31). Other element would receive the click: &amp;lt;div class=&amp;quot;toast-message&amp;quot;&amp;gt;...&amp;lt;/div&amp;gt;
  (Session info: chrome=113.0.5672.127)
Build info: version: &amp;apos;4.9.1&amp;apos;, revision: &amp;apos;eb2032df7f&amp;apos;
System info: os.name: &amp;apos;Windows 11&amp;apos;, os.arch: &amp;apos;amd64&amp;apos;, os.version: &amp;apos;10.0&amp;apos;, java.version: &amp;apos;17.0.5&amp;apos;
Driver info: org.openqa.selenium.chrome.ChromeDriver
Command: [bcecd17d57250a29fae36390024e874e, clickElement {id=89FCFD162B1CFA77A6A0370B72667B9E_element_28}]
Capabilities {acceptInsecureCerts: false, browserName: chrome, browserVersion: 113.0.5672.127, chrome: {chromedriverVersion: 113.0.5672.63 (0e1a4471d5ae..., userDataDir: C:\Users\ashok\AppData\Loca...}, goog:chromeOptions: {debuggerAddress: localhost:64802}, networkConnectionEnabled: false, pageLoadStrategy: normal, platformName: windows, proxy: Proxy(), se:cdp: ws://localhost:64802/devtoo..., se:cdpVersion: 113.0.5672.127, setWindowRect: true, strictFileInteractability: false, timeouts: {implicit: 0, pageLoad: 300000, script: 30000}, unhandledPromptBehavior: dismiss and notify, webauthn:extension:credBlob: true, webauthn:extension:largeBlob: true, webauthn:extension:minPinLength: true, webauthn:extension:prf: true, webauthn:virtualAuthenticators: true}
Element: [[ChromeDriver: chrome on windows (bcecd17d57250a29fae36390024e874e)] -&amp;gt; xpath: //*[@id=&amp;apos;dvOrgUnitDropdown&amp;apos;]/a/i]
Session ID: bcecd17d57250a29fae36390024e874e">
      <![CDATA[org.openqa.selenium.ElementClickInterceptedException: element click intercepted: Element <i class="fas fa-sitemap navbar-icon align-middle" style=""></i> is not clickable at point (1101, 31). Other element would receive the click: <div class="toast-message">...</div>
  (Session info: chrome=113.0.5672.127)
Build info: version: '4.9.1', revision: 'eb2032df7f'
System info: os.name: 'Windows 11', os.arch: 'amd64', os.version: '10.0', java.version: '17.0.5'
Driver info: org.openqa.selenium.chrome.ChromeDriver
Command: [bcecd17d57250a29fae36390024e874e, clickElement {id=89FCFD162B1CFA77A6A0370B72667B9E_element_28}]
Capabilities {acceptInsecureCerts: false, browserName: chrome, browserVersion: 113.0.5672.127, chrome: {chromedriverVersion: 113.0.5672.63 (0e1a4471d5ae..., userDataDir: C:\Users\ashok\AppData\Loca...}, goog:chromeOptions: {debuggerAddress: localhost:64802}, networkConnectionEnabled: false, pageLoadStrategy: normal, platformName: windows, proxy: Proxy(), se:cdp: ws://localhost:64802/devtoo..., se:cdpVersion: 113.0.5672.127, setWindowRect: true, strictFileInteractability: false, timeouts: {implicit: 0, pageLoad: 300000, script: 30000}, unhandledPromptBehavior: dismiss and notify, webauthn:extension:credBlob: true, webauthn:extension:largeBlob: true, webauthn:extension:minPinLength: true, webauthn:extension:prf: true, webauthn:virtualAuthenticators: true}
Element: [[ChromeDriver: chrome on windows (bcecd17d57250a29fae36390024e874e)] -> xpath: //*[@id='dvOrgUnitDropdown']/a/i]
Session ID: bcecd17d57250a29fae36390024e874e
at org.openqa.selenium.remote.codec.w3c.W3CHttpResponseCodec.createException(W3CHttpResponseCodec.java:200)
at org.openqa.selenium.remote.codec.w3c.W3CHttpResponseCodec.decode(W3CHttpResponseCodec.java:133)
at org.openqa.selenium.remote.codec.w3c.W3CHttpResponseCodec.decode(W3CHttpResponseCodec.java:53)
at org.openqa.selenium.remote.HttpCommandExecutor.execute(HttpCommandExecutor.java:193)
at org.openqa.selenium.remote.service.DriverCommandExecutor.invokeExecute(DriverCommandExecutor.java:183)
at org.openqa.selenium.remote.service.DriverCommandExecutor.execute(DriverCommandExecutor.java:158)
at org.openqa.selenium.remote.RemoteWebDriver.execute(RemoteWebDriver.java:543)
at org.openqa.selenium.remote.RemoteWebElement.execute(RemoteWebElement.java:257)
at org.openqa.selenium.remote.RemoteWebElement.click(RemoteWebElement.java:78)
at org.openqa.selenium.support.pagefactory.internal.LocatingElementHandler.invoke(LocatingElementHandler.java:52)
at jdk.proxy2/jdk.proxy2.$Proxy18.click(Unknown Source)
at com.jivi.auto.pageobjectutils.WebElementKeys.click(WebElementKeys.java:58)
at com.jivi.auto.employeepages.JiViewsEmployeeAdministration.addSkill(JiViewsEmployeeAdministration.java:429)
at com.jivi.auto.employeetest.JiViewsSystemDefinitionsTest.VerifySkillAdd(JiViewsSystemDefinitionsTest.java:127)
at java.base/java.util.ArrayList.forEach(ArrayList.java:1511)
at com.jivi.auto.driver.JiviewsMainClass.main(JiviewsMainClass.java:27)
... Removed 33 stack frames]]>
    </failure>
  </testcase> <!-- VerifySkillAdd -->
  <testcase classname="com.jivi.auto.employeetest.JiViewsSystemDefinitionsTest" name="VerifyRolesAdd" time="78.7"/>
  <testcase classname="com.jivi.auto.employeetest.JiViewsSystemDefinitionsTest" name="VerifyEmpUpdateContactsPositive" time="0.0">
    <ignored/>
  </testcase> <!-- VerifyEmpUpdateContactsPositive -->
  <testcase classname="com.jivi.auto.employeetest.JiViewsSystemDefinitionsTest" name="VerifEmpIDSerach" time="0.0">
    <ignored/>
  </testcase> <!-- VerifEmpIDSerach -->
  <testcase classname="com.jivi.auto.employeetest.JiViewsSystemDefinitionsTest" name="VerifyEmpUpdateMisc" time="0.0">
    <ignored/>
  </testcase> <!-- VerifyEmpUpdateMisc -->
  <testcase classname="com.jivi.auto.employeetest.JiViewsSystemDefinitionsTest" name="VerifyTerminateAndLoginwithNewEmployee" time="0.0">
    <ignored/>
  </testcase> <!-- VerifyTerminateAndLoginwithNewEmployee -->
  <testcase classname="com.jivi.auto.employeetest.JiViewsSystemDefinitionsTest" name="VerifyEmpProCreationFiveEmp" time="0.0">
    <ignored/>
  </testcase> <!-- VerifyEmpProCreationFiveEmp -->
  <testcase classname="com.jivi.auto.employeetest.JiViewsSystemDefinitionsTest" name="VerifyEmpUpdateExcludedSkillsNegative" time="0.0">
    <ignored/>
  </testcase> <!-- VerifyEmpUpdateExcludedSkillsNegative -->
  <testcase classname="com.jivi.auto.employeetest.JiViewsSystemDefinitionsTest" name="VerifyEmpUpdateAddRolesPositive" time="0.0">
    <ignored/>
  </testcase> <!-- VerifyEmpUpdateAddRolesPositive -->
  <testcase classname="com.jivi.auto.employeetest.JiViewsSystemDefinitionsTest" name="VerifyEmpUpdateESS" time="0.0">
    <ignored/>
  </testcase> <!-- VerifyEmpUpdateESS -->
  <testcase classname="com.jivi.auto.employeetest.JiViewsSystemDefinitionsTest" name="VerifyEmpUpdateDuplicate" time="0.0">
    <ignored/>
  </testcase> <!-- VerifyEmpUpdateDuplicate -->
  <testcase classname="com.jivi.auto.employeetest.JiViewsSystemDefinitionsTest" name="VerifyEmpUpdateAddRolesNegative" time="0.0">
    <ignored/>
  </testcase> <!-- VerifyEmpUpdateAddRolesNegative -->
  <testcase classname="com.jivi.auto.employeetest.JiViewsSystemDefinitionsTest" name="VerifyEmpUpdateExcludedSkillsPositive" time="0.0">
    <ignored/>
  </testcase> <!-- VerifyEmpUpdateExcludedSkillsPositive -->
  <testcase classname="com.jivi.auto.employeetest.JiViewsSystemDefinitionsTest" name="VerifyEmpAddinEmpProfileAlreadyExist" time="0.0">
    <ignored/>
  </testcase> <!-- VerifyEmpAddinEmpProfileAlreadyExist -->
  <testcase classname="com.jivi.auto.employeetest.JiViewsSystemDefinitionsTest" name="VerifEmpNameSearch" time="0.0">
    <ignored/>
  </testcase> <!-- VerifEmpNameSearch -->
  <testcase classname="com.jivi.auto.employeetest.JiViewsSystemDefinitionsTest" name="VerifyEmpUpdateContactsNegative" time="0.0">
    <ignored/>
  </testcase> <!-- VerifyEmpUpdateContactsNegative -->
  <testcase classname="com.jivi.auto.employeetest.JiViewsSystemDefinitionsTest" name="VerifyEmpAddinEmpProfile" time="0.0">
    <ignored/>
  </testcase> <!-- VerifyEmpAddinEmpProfile -->
  <testcase classname="com.jivi.auto.employeetest.JiViewsSystemDefinitionsTest" name="VerifyTesting" time="0.0">
    <ignored/>
  </testcase> <!-- VerifyTesting -->
  <testcase classname="com.jivi.auto.employeetest.JiViewsSystemDefinitionsTest" name="VerifyLoginwithNewEmployee" time="0.0">
    <ignored/>
  </testcase> <!-- VerifyLoginwithNewEmployee -->
  <testcase classname="com.jivi.auto.employeetest.JiViewsSystemDefinitionsTest" name="VerifyEmpUpdateSecurity" time="0.0">
    <ignored/>
  </testcase> <!-- VerifyEmpUpdateSecurity -->
  <testcase classname="com.jivi.auto.employeetest.JiViewsSystemDefinitionsTest" name="VerifyLoginwTermindatedEmp" time="0.0">
    <ignored/>
  </testcase> <!-- VerifyLoginwTermindatedEmp -->
  <testcase classname="com.jivi.auto.employeetest.JiViewsSystemDefinitionsTest" name="VerifyEmpUpdate" time="0.0">
    <ignored/>
  </testcase> <!-- VerifyEmpUpdate -->
</testsuite> <!-- Test1 -->
