<?xml version="1.0" encoding="UTF-8"?>
<!-- Generated by org.testng.reporters.JUnitXMLReporter -->
<testsuite ignored="2" hostname="Ashok" failures="1" tests="8" name="Test2" time="0.017" errors="0" timestamp="2023-04-10T09:02:13 IST">
  <testcase classname="com.jivi.auto.utilities.BaseTest" name="@AfterMethod afterMethod" time="0.005">
    <failure type="org.openqa.selenium.NoSuchWindowException" message="no such window: target window already closed
from unknown error: web view not found
  (Session info: chrome=111.0.5563.147)
Build info: version: &amp;apos;4.1.2&amp;apos;, revision: &amp;apos;9a5a329c5a&amp;apos;
System info: host: &amp;apos;ASHOK&amp;apos;, ip: &amp;apos;192.168.75.175&amp;apos;, os.name: &amp;apos;Windows 11&amp;apos;, os.arch: &amp;apos;amd64&amp;apos;, os.version: &amp;apos;10.0&amp;apos;, java.version: &amp;apos;17.0.5&amp;apos;
Driver info: org.openqa.selenium.chrome.ChromeDriver
Command: [fda7b5b9e7dd3482ff3a6ff69de56335, screenshot {}]
Capabilities {acceptInsecureCerts: false, browserName: chrome, browserVersion: 111.0.5563.147, chrome: {chromedriverVersion: 111.0.5563.64 (c710e93d5b63..., userDataDir: C:\Users\ashok\AppData\Loca...}, goog:chromeOptions: {debuggerAddress: localhost:60438}, javascriptEnabled: true, networkConnectionEnabled: false, pageLoadStrategy: normal, platform: WINDOWS, platformName: WINDOWS, proxy: Proxy(), se:cdp: ws://localhost:60438/devtoo..., se:cdpVersion: 111.0.5563.147, setWindowRect: true, strictFileInteractability: false, timeouts: {implicit: 0, pageLoad: 300000, script: 30000}, unhandledPromptBehavior: dismiss and notify, webauthn:extension:credBlob: true, webauthn:extension:largeBlob: true, webauthn:extension:minPinLength: true, webauthn:extension:prf: true, webauthn:virtualAuthenticators: true}
Session ID: fda7b5b9e7dd3482ff3a6ff69de56335">
      <![CDATA[org.openqa.selenium.NoSuchWindowException: no such window: target window already closed
from unknown error: web view not found
  (Session info: chrome=111.0.5563.147)
Build info: version: '4.1.2', revision: '9a5a329c5a'
System info: host: 'ASHOK', ip: '192.168.75.175', os.name: 'Windows 11', os.arch: 'amd64', os.version: '10.0', java.version: '17.0.5'
Driver info: org.openqa.selenium.chrome.ChromeDriver
Command: [fda7b5b9e7dd3482ff3a6ff69de56335, screenshot {}]
Capabilities {acceptInsecureCerts: false, browserName: chrome, browserVersion: 111.0.5563.147, chrome: {chromedriverVersion: 111.0.5563.64 (c710e93d5b63..., userDataDir: C:\Users\ashok\AppData\Loca...}, goog:chromeOptions: {debuggerAddress: localhost:60438}, javascriptEnabled: true, networkConnectionEnabled: false, pageLoadStrategy: normal, platform: WINDOWS, platformName: WINDOWS, proxy: Proxy(), se:cdp: ws://localhost:60438/devtoo..., se:cdpVersion: 111.0.5563.147, setWindowRect: true, strictFileInteractability: false, timeouts: {implicit: 0, pageLoad: 300000, script: 30000}, unhandledPromptBehavior: dismiss and notify, webauthn:extension:credBlob: true, webauthn:extension:largeBlob: true, webauthn:extension:minPinLength: true, webauthn:extension:prf: true, webauthn:virtualAuthenticators: true}
Session ID: fda7b5b9e7dd3482ff3a6ff69de56335
at org.openqa.selenium.remote.codec.w3c.W3CHttpResponseCodec.createException(W3CHttpResponseCodec.java:200)
at org.openqa.selenium.remote.codec.w3c.W3CHttpResponseCodec.decode(W3CHttpResponseCodec.java:133)
at org.openqa.selenium.remote.codec.w3c.W3CHttpResponseCodec.decode(W3CHttpResponseCodec.java:53)
at org.openqa.selenium.remote.HttpCommandExecutor.execute(HttpCommandExecutor.java:184)
at org.openqa.selenium.remote.service.DriverCommandExecutor.invokeExecute(DriverCommandExecutor.java:167)
at org.openqa.selenium.remote.service.DriverCommandExecutor.execute(DriverCommandExecutor.java:142)
at org.openqa.selenium.remote.RemoteWebDriver.execute(RemoteWebDriver.java:558)
at org.openqa.selenium.remote.RemoteWebDriver.execute(RemoteWebDriver.java:613)
at org.openqa.selenium.remote.RemoteWebDriver.execute(RemoteWebDriver.java:617)
at org.openqa.selenium.remote.RemoteWebDriver.getScreenshotAs(RemoteWebDriver.java:348)
at com.jivi.auto.utilities.ReportUtils.takeScreenShotBASE64(ReportUtils.java:145)
at com.jivi.auto.utilities.ReportUtils.takeScreenShot(ReportUtils.java:115)
at com.jivi.auto.utilities.ReportUtils.takeScreenShotOnFailure(ReportUtils.java:100)
at com.jivi.auto.utilities.ReportUtils.addInfoOnValidations(ReportUtils.java:72)
at com.jivi.auto.utilities.BaseTest.afterMethod(BaseTest.java:180)
at java.base/java.util.ArrayList.forEach(ArrayList.java:1511)
at com.jivi.auto.driver.JiviewsMainClass.main(JiviewsMainClass.java:27)
... Removed 33 stack frames]]>
    </failure>
  </testcase> <!-- @AfterMethod afterMethod -->
  <testcase classname="com.jivi.auto.utilities.BaseTest" name="@BeforeMethod beforeMethod" time="-1.681097533023E9">
    <skipped/>
  </testcase> <!-- @BeforeMethod beforeMethod -->
  <testcase classname="com.jivi.auto.utilities.BaseTest" name="@AfterMethod afterMethod" time="-1.681097533023E9">
    <skipped/>
  </testcase> <!-- @AfterMethod afterMethod -->
  <testcase classname="com.jivi.auto.utilities.BaseTest" name="@BeforeMethod beforeMethod" time="-1.681097533024E9">
    <skipped/>
  </testcase> <!-- @BeforeMethod beforeMethod -->
  <testcase classname="com.jivi.auto.utilities.BaseTest" name="@AfterMethod afterMethod" time="-1.681097533024E9">
    <skipped/>
  </testcase> <!-- @AfterMethod afterMethod -->
  <testcase classname="com.jivi.auto.utilities.BaseTest" name="@BeforeMethod beforeMethod" time="-1.681097533025E9">
    <skipped/>
  </testcase> <!-- @BeforeMethod beforeMethod -->
  <testcase classname="com.jivi.auto.utilities.BaseTest" name="@AfterMethod afterMethod" time="-1.681097533025E9">
    <skipped/>
  </testcase> <!-- @AfterMethod afterMethod -->
  <testcase classname="com.jivi.auto.utilities.BaseTest" name="@BeforeMethod beforeMethod" time="-1.681097533026E9">
    <skipped/>
  </testcase> <!-- @BeforeMethod beforeMethod -->
  <testcase classname="com.jivi.auto.utilities.BaseTest" name="@AfterMethod afterMethod" time="-1.681097533026E9">
    <skipped/>
  </testcase> <!-- @AfterMethod afterMethod -->
  <testcase classname="com.jivi.auto.utilities.BaseTest" name="@BeforeMethod beforeMethod" time="-1.681097533026E9">
    <skipped/>
  </testcase> <!-- @BeforeMethod beforeMethod -->
  <testcase classname="com.jivi.auto.utilities.BaseTest" name="@AfterMethod afterMethod" time="-1.681097533026E9">
    <skipped/>
  </testcase> <!-- @AfterMethod afterMethod -->
  <testcase classname="com.jivi.auto.utilities.BaseTest" name="@BeforeMethod beforeMethod" time="-1.681097533027E9">
    <skipped/>
  </testcase> <!-- @BeforeMethod beforeMethod -->
  <testcase classname="com.jivi.auto.utilities.BaseTest" name="@AfterMethod afterMethod" time="-1.681097533027E9">
    <skipped/>
  </testcase> <!-- @AfterMethod afterMethod -->
  <testcase classname="com.jivi.auto.utilities.BaseTest" name="@BeforeMethod beforeMethod" time="-1.681097533028E9">
    <skipped/>
  </testcase> <!-- @BeforeMethod beforeMethod -->
  <testcase classname="com.jivi.auto.utilities.BaseTest" name="@AfterMethod afterMethod" time="-1.681097533028E9">
    <skipped/>
  </testcase> <!-- @AfterMethod afterMethod -->
  <testcase classname="com.jivi.auto.utilities.BaseTest" name="@AfterClass afterClass" time="-1.681097533028E9">
    <skipped/>
  </testcase> <!-- @AfterClass afterClass -->
  <testcase classname="com.jivi.auto.employeetest.RoaserSetup" name="createShiftBandDefinition" time="0.002">
    <failure type="org.openqa.selenium.NoSuchWindowException" message="no such window: target window already closed
from unknown error: web view not found
  (Session info: chrome=111.0.5563.147)
Build info: version: &amp;apos;4.1.2&amp;apos;, revision: &amp;apos;9a5a329c5a&amp;apos;
System info: host: &amp;apos;ASHOK&amp;apos;, ip: &amp;apos;192.168.75.175&amp;apos;, os.name: &amp;apos;Windows 11&amp;apos;, os.arch: &amp;apos;amd64&amp;apos;, os.version: &amp;apos;10.0&amp;apos;, java.version: &amp;apos;17.0.5&amp;apos;
Driver info: org.openqa.selenium.chrome.ChromeDriver
Command: [fda7b5b9e7dd3482ff3a6ff69de56335, get {url=https://www.jiviews.com/DEMO/Home}]
Capabilities {acceptInsecureCerts: false, browserName: chrome, browserVersion: 111.0.5563.147, chrome: {chromedriverVersion: 111.0.5563.64 (c710e93d5b63..., userDataDir: C:\Users\ashok\AppData\Loca...}, goog:chromeOptions: {debuggerAddress: localhost:60438}, javascriptEnabled: true, networkConnectionEnabled: false, pageLoadStrategy: normal, platform: WINDOWS, platformName: WINDOWS, proxy: Proxy(), se:cdp: ws://localhost:60438/devtoo..., se:cdpVersion: 111.0.5563.147, setWindowRect: true, strictFileInteractability: false, timeouts: {implicit: 0, pageLoad: 300000, script: 30000}, unhandledPromptBehavior: dismiss and notify, webauthn:extension:credBlob: true, webauthn:extension:largeBlob: true, webauthn:extension:minPinLength: true, webauthn:extension:prf: true, webauthn:virtualAuthenticators: true}
Session ID: fda7b5b9e7dd3482ff3a6ff69de56335">
      <![CDATA[org.openqa.selenium.NoSuchWindowException: no such window: target window already closed
from unknown error: web view not found
  (Session info: chrome=111.0.5563.147)
Build info: version: '4.1.2', revision: '9a5a329c5a'
System info: host: 'ASHOK', ip: '192.168.75.175', os.name: 'Windows 11', os.arch: 'amd64', os.version: '10.0', java.version: '17.0.5'
Driver info: org.openqa.selenium.chrome.ChromeDriver
Command: [fda7b5b9e7dd3482ff3a6ff69de56335, get {url=https://www.jiviews.com/DEMO/Home}]
Capabilities {acceptInsecureCerts: false, browserName: chrome, browserVersion: 111.0.5563.147, chrome: {chromedriverVersion: 111.0.5563.64 (c710e93d5b63..., userDataDir: C:\Users\ashok\AppData\Loca...}, goog:chromeOptions: {debuggerAddress: localhost:60438}, javascriptEnabled: true, networkConnectionEnabled: false, pageLoadStrategy: normal, platform: WINDOWS, platformName: WINDOWS, proxy: Proxy(), se:cdp: ws://localhost:60438/devtoo..., se:cdpVersion: 111.0.5563.147, setWindowRect: true, strictFileInteractability: false, timeouts: {implicit: 0, pageLoad: 300000, script: 30000}, unhandledPromptBehavior: dismiss and notify, webauthn:extension:credBlob: true, webauthn:extension:largeBlob: true, webauthn:extension:minPinLength: true, webauthn:extension:prf: true, webauthn:virtualAuthenticators: true}
Session ID: fda7b5b9e7dd3482ff3a6ff69de56335
at org.openqa.selenium.remote.codec.w3c.W3CHttpResponseCodec.createException(W3CHttpResponseCodec.java:200)
at org.openqa.selenium.remote.codec.w3c.W3CHttpResponseCodec.decode(W3CHttpResponseCodec.java:133)
at org.openqa.selenium.remote.codec.w3c.W3CHttpResponseCodec.decode(W3CHttpResponseCodec.java:53)
at org.openqa.selenium.remote.HttpCommandExecutor.execute(HttpCommandExecutor.java:184)
at org.openqa.selenium.remote.service.DriverCommandExecutor.invokeExecute(DriverCommandExecutor.java:167)
at org.openqa.selenium.remote.service.DriverCommandExecutor.execute(DriverCommandExecutor.java:142)
at org.openqa.selenium.remote.RemoteWebDriver.execute(RemoteWebDriver.java:558)
at org.openqa.selenium.remote.RemoteWebDriver.get(RemoteWebDriver.java:327)
at com.jivi.auto.utilities.BaseTest.goTo(BaseTest.java:247)
at com.jivi.auto.utilities.BaseTest.launchBrowser(BaseTest.java:234)
at com.jivi.auto.utilities.BaseTest.setupTest(BaseTest.java:157)
at com.jivi.auto.employeetest.RoaserSetup.createShiftBandDefinition(RoaserSetup.java:95)
at java.base/java.util.ArrayList.forEach(ArrayList.java:1511)
at com.jivi.auto.driver.JiviewsMainClass.main(JiviewsMainClass.java:27)
... Removed 29 stack frames]]>
    </failure>
  </testcase> <!-- createShiftBandDefinition -->
  <testcase classname="com.jivi.auto.employeetest.RoaserSetup" name="editShiftBandDefinition" time="0.0">
    <skipped/>
  </testcase> <!-- editShiftBandDefinition -->
  <testcase classname="com.jivi.auto.employeetest.RoaserSetup" name="reActivatedeletedShiftBandDefinition" time="0.0">
    <skipped/>
  </testcase> <!-- reActivatedeletedShiftBandDefinition -->
  <testcase classname="com.jivi.auto.employeetest.RoaserSetup" name="rosterGroupAssignmentAddingSelectedEmp" time="0.0">
    <skipped/>
  </testcase> <!-- rosterGroupAssignmentAddingSelectedEmp -->
  <testcase classname="com.jivi.auto.employeetest.RoaserSetup" name="rosterGroupAssignmentAddingAllEmp" time="0.0">
    <skipped/>
  </testcase> <!-- rosterGroupAssignmentAddingAllEmp -->
  <testcase classname="com.jivi.auto.employeetest.RoaserSetup" name="rosterGroupAssignmentRemoveSelectedEmp" time="0.0">
    <skipped/>
  </testcase> <!-- rosterGroupAssignmentRemoveSelectedEmp -->
  <testcase classname="com.jivi.auto.employeetest.RoaserSetup" name="rosterGroupAssignmentRemoveAllEmp" time="0.0">
    <skipped/>
  </testcase> <!-- rosterGroupAssignmentRemoveAllEmp -->
  <testcase classname="com.jivi.auto.employeetest.RoaserSetup" name="rosterCreation" time="0.0">
    <skipped/>
  </testcase> <!-- rosterCreation -->
  <testcase classname="com.jivi.auto.employeetest.RoaserSetup" name="deleteShiftBandDefinition" time="0.0">
    <ignored/>
  </testcase> <!-- deleteShiftBandDefinition -->
  <testcase classname="com.jivi.auto.employeetest.RoaserSetup" name="scheduleCreationRules" time="0.0">
    <ignored/>
  </testcase> <!-- scheduleCreationRules -->
</testsuite> <!-- Test2 -->
