<?xml version="1.0" encoding="UTF-8"?>
<!-- Generated by org.testng.reporters.JUnitXMLReporter -->
<testsuite ignored="7" hostname="Ashok" failures="2" tests="18" name="Test2" time="1434.731" errors="0" timestamp="2023-04-29T10:01:08 IST">
  <testcase classname="com.jivi.auto.employeetest.JiViewsEmployeeAdministrationTest" name="VerifyEmpAddinEmpProfile" time="80.459"/>
  <testcase classname="com.jivi.auto.employeetest.JiViewsEmployeeAdministrationTest" name="VerifyEmpAddinEmpProfileAlreadyExist" time="87.047"/>
  <testcase classname="com.jivi.auto.employeetest.JiViewsEmployeeAdministrationTest" name="VerifEmpIDSerach" time="55.605"/>
  <testcase classname="com.jivi.auto.employeetest.JiViewsEmployeeAdministrationTest" name="VerifEmpNameSearch" time="39.015"/>
  <testcase classname="com.jivi.auto.employeetest.JiViewsEmployeeAdministrationTest" name="VerifyEmpUpdate" time="68.852"/>
  <testcase classname="com.jivi.auto.employeetest.JiViewsEmployeeAdministrationTest" name="VerifyEmpUpdateDuplicate" time="97.773"/>
  <testcase classname="com.jivi.auto.employeetest.JiViewsEmployeeAdministrationTest" name="VerifyEmpUpdateContactsPositive" time="69.193"/>
  <testcase classname="com.jivi.auto.employeetest.JiViewsEmployeeAdministrationTest" name="VerifyEmpUpdateContactsNegative" time="84.004"/>
  <testcase classname="com.jivi.auto.employeetest.JiViewsEmployeeAdministrationTest" name="VerifyEmpUpdateExcludedSkillsPositive" time="68.61"/>
  <testcase classname="com.jivi.auto.employeetest.JiViewsEmployeeAdministrationTest" name="VerifyEmpUpdateExcludedSkillsNegative" time="79.48"/>
  <testcase classname="com.jivi.auto.employeetest.JiViewsEmployeeAdministrationTest" name="VerifyEmpUpdateAddRolesPositive" time="70.379"/>
  <testcase classname="com.jivi.auto.employeetest.JiViewsEmployeeAdministrationTest" name="VerifyEmpUpdateAddRolesNegative" time="39.137">
    <failure type="org.openqa.selenium.ElementClickInterceptedException" message="element click intercepted: Element &amp;lt;i class=&amp;quot;fas fa-sitemap navbar-icon align-middle&amp;quot; style=&amp;quot;&amp;quot;&amp;gt;&amp;lt;/i&amp;gt; is not clickable at point (1101, 31). Other element would receive the click: &amp;lt;div class=&amp;quot;toast-message&amp;quot;&amp;gt;...&amp;lt;/div&amp;gt;
  (Session info: chrome=112.0.5615.138)
Build info: version: &amp;apos;4.1.2&amp;apos;, revision: &amp;apos;9a5a329c5a&amp;apos;
System info: host: &amp;apos;ASHOK&amp;apos;, ip: &amp;apos;192.168.0.104&amp;apos;, os.name: &amp;apos;Windows 11&amp;apos;, os.arch: &amp;apos;amd64&amp;apos;, os.version: &amp;apos;10.0&amp;apos;, java.version: &amp;apos;17.0.5&amp;apos;
Driver info: org.openqa.selenium.chrome.ChromeDriver
Command: [ba98cf6bae487a1d38eca938e0f62855, clickElement {id=efb82c7a-3c25-4abb-9378-a347f0eaf598}]
Capabilities {acceptInsecureCerts: false, browserName: chrome, browserVersion: 112.0.5615.138, chrome: {chromedriverVersion: 112.0.5615.49 (bd2a7bcb881c..., userDataDir: C:\Users\ashok\AppData\Loca...}, goog:chromeOptions: {debuggerAddress: localhost:58880}, javascriptEnabled: true, networkConnectionEnabled: false, pageLoadStrategy: normal, platform: WINDOWS, platformName: WINDOWS, proxy: Proxy(), se:cdp: ws://localhost:58880/devtoo..., se:cdpVersion: 112.0.5615.138, setWindowRect: true, strictFileInteractability: false, timeouts: {implicit: 0, pageLoad: 300000, script: 30000}, unhandledPromptBehavior: dismiss and notify, webauthn:extension:credBlob: true, webauthn:extension:largeBlob: true, webauthn:extension:minPinLength: true, webauthn:extension:prf: true, webauthn:virtualAuthenticators: true}
Element: [[ChromeDriver: chrome on WINDOWS (ba98cf6bae487a1d38eca938e0f62855)] -&amp;gt; xpath: //*[@id=&amp;apos;dvOrgUnitDropdown&amp;apos;]/a/i]
Session ID: ba98cf6bae487a1d38eca938e0f62855">
      <![CDATA[org.openqa.selenium.ElementClickInterceptedException: element click intercepted: Element <i class="fas fa-sitemap navbar-icon align-middle" style=""></i> is not clickable at point (1101, 31). Other element would receive the click: <div class="toast-message">...</div>
  (Session info: chrome=112.0.5615.138)
Build info: version: '4.1.2', revision: '9a5a329c5a'
System info: host: 'ASHOK', ip: '192.168.0.104', os.name: 'Windows 11', os.arch: 'amd64', os.version: '10.0', java.version: '17.0.5'
Driver info: org.openqa.selenium.chrome.ChromeDriver
Command: [ba98cf6bae487a1d38eca938e0f62855, clickElement {id=efb82c7a-3c25-4abb-9378-a347f0eaf598}]
Capabilities {acceptInsecureCerts: false, browserName: chrome, browserVersion: 112.0.5615.138, chrome: {chromedriverVersion: 112.0.5615.49 (bd2a7bcb881c..., userDataDir: C:\Users\ashok\AppData\Loca...}, goog:chromeOptions: {debuggerAddress: localhost:58880}, javascriptEnabled: true, networkConnectionEnabled: false, pageLoadStrategy: normal, platform: WINDOWS, platformName: WINDOWS, proxy: Proxy(), se:cdp: ws://localhost:58880/devtoo..., se:cdpVersion: 112.0.5615.138, setWindowRect: true, strictFileInteractability: false, timeouts: {implicit: 0, pageLoad: 300000, script: 30000}, unhandledPromptBehavior: dismiss and notify, webauthn:extension:credBlob: true, webauthn:extension:largeBlob: true, webauthn:extension:minPinLength: true, webauthn:extension:prf: true, webauthn:virtualAuthenticators: true}
Element: [[ChromeDriver: chrome on WINDOWS (ba98cf6bae487a1d38eca938e0f62855)] -> xpath: //*[@id='dvOrgUnitDropdown']/a/i]
Session ID: ba98cf6bae487a1d38eca938e0f62855
at org.openqa.selenium.remote.codec.w3c.W3CHttpResponseCodec.createException(W3CHttpResponseCodec.java:200)
at org.openqa.selenium.remote.codec.w3c.W3CHttpResponseCodec.decode(W3CHttpResponseCodec.java:133)
at org.openqa.selenium.remote.codec.w3c.W3CHttpResponseCodec.decode(W3CHttpResponseCodec.java:53)
at org.openqa.selenium.remote.HttpCommandExecutor.execute(HttpCommandExecutor.java:184)
at org.openqa.selenium.remote.service.DriverCommandExecutor.invokeExecute(DriverCommandExecutor.java:167)
at org.openqa.selenium.remote.service.DriverCommandExecutor.execute(DriverCommandExecutor.java:142)
at org.openqa.selenium.remote.RemoteWebDriver.execute(RemoteWebDriver.java:558)
at org.openqa.selenium.remote.RemoteWebElement.execute(RemoteWebElement.java:251)
at org.openqa.selenium.remote.RemoteWebElement.click(RemoteWebElement.java:77)
at org.openqa.selenium.support.pagefactory.internal.LocatingElementHandler.invoke(LocatingElementHandler.java:52)
at jdk.proxy2/jdk.proxy2.$Proxy22.click(Unknown Source)
at com.jivi.auto.pageobjectutils.WebElementKeys.click(WebElementKeys.java:58)
at com.jivi.auto.employeepages.JiViewsEmployeeAdministration.empAddRoles_RemoveAllRoles(JiViewsEmployeeAdministration.java:1050)
at com.jivi.auto.employeetest.JiViewsEmployeeAdministrationTest.VerifyEmpUpdateAddRolesNegative(JiViewsEmployeeAdministrationTest.java:541)
at java.base/java.util.ArrayList.forEach(ArrayList.java:1511)
at com.jivi.auto.driver.JiviewsMainClass.main(JiviewsMainClass.java:27)
... Removed 32 stack frames]]>
    </failure>
  </testcase> <!-- VerifyEmpUpdateAddRolesNegative -->
  <testcase classname="com.jivi.auto.employeetest.JiViewsEmployeeAdministrationTest" name="VerifyEmpUpdateSecurity" time="83.657"/>
  <testcase classname="com.jivi.auto.employeetest.JiViewsEmployeeAdministrationTest" name="VerifyEmpUpdateESS" time="77.274"/>
  <testcase classname="com.jivi.auto.employeetest.JiViewsEmployeeAdministrationTest" name="VerifyEmpUpdateMisc" time="36.631">
    <failure type="org.openqa.selenium.ElementClickInterceptedException" message="element click intercepted: Element &amp;lt;i class=&amp;quot;fas fa-sitemap navbar-icon align-middle&amp;quot; style=&amp;quot;&amp;quot;&amp;gt;&amp;lt;/i&amp;gt; is not clickable at point (1101, 31). Other element would receive the click: &amp;lt;div class=&amp;quot;toast-message&amp;quot;&amp;gt;...&amp;lt;/div&amp;gt;
  (Session info: chrome=112.0.5615.138)
Build info: version: &amp;apos;4.1.2&amp;apos;, revision: &amp;apos;9a5a329c5a&amp;apos;
System info: host: &amp;apos;ASHOK&amp;apos;, ip: &amp;apos;192.168.0.104&amp;apos;, os.name: &amp;apos;Windows 11&amp;apos;, os.arch: &amp;apos;amd64&amp;apos;, os.version: &amp;apos;10.0&amp;apos;, java.version: &amp;apos;17.0.5&amp;apos;
Driver info: org.openqa.selenium.chrome.ChromeDriver
Command: [c3ce302100e80af384bc1f2c01624bfa, clickElement {id=ebbaab5c-b195-4c38-8f56-76cd5bbfe9e2}]
Capabilities {acceptInsecureCerts: false, browserName: chrome, browserVersion: 112.0.5615.138, chrome: {chromedriverVersion: 112.0.5615.49 (bd2a7bcb881c..., userDataDir: C:\Users\ashok\AppData\Loca...}, goog:chromeOptions: {debuggerAddress: localhost:59000}, javascriptEnabled: true, networkConnectionEnabled: false, pageLoadStrategy: normal, platform: WINDOWS, platformName: WINDOWS, proxy: Proxy(), se:cdp: ws://localhost:59000/devtoo..., se:cdpVersion: 112.0.5615.138, setWindowRect: true, strictFileInteractability: false, timeouts: {implicit: 0, pageLoad: 300000, script: 30000}, unhandledPromptBehavior: dismiss and notify, webauthn:extension:credBlob: true, webauthn:extension:largeBlob: true, webauthn:extension:minPinLength: true, webauthn:extension:prf: true, webauthn:virtualAuthenticators: true}
Element: [[ChromeDriver: chrome on WINDOWS (c3ce302100e80af384bc1f2c01624bfa)] -&amp;gt; xpath: //*[@id=&amp;apos;dvOrgUnitDropdown&amp;apos;]/a/i]
Session ID: c3ce302100e80af384bc1f2c01624bfa">
      <![CDATA[org.openqa.selenium.ElementClickInterceptedException: element click intercepted: Element <i class="fas fa-sitemap navbar-icon align-middle" style=""></i> is not clickable at point (1101, 31). Other element would receive the click: <div class="toast-message">...</div>
  (Session info: chrome=112.0.5615.138)
Build info: version: '4.1.2', revision: '9a5a329c5a'
System info: host: 'ASHOK', ip: '192.168.0.104', os.name: 'Windows 11', os.arch: 'amd64', os.version: '10.0', java.version: '17.0.5'
Driver info: org.openqa.selenium.chrome.ChromeDriver
Command: [c3ce302100e80af384bc1f2c01624bfa, clickElement {id=ebbaab5c-b195-4c38-8f56-76cd5bbfe9e2}]
Capabilities {acceptInsecureCerts: false, browserName: chrome, browserVersion: 112.0.5615.138, chrome: {chromedriverVersion: 112.0.5615.49 (bd2a7bcb881c..., userDataDir: C:\Users\ashok\AppData\Loca...}, goog:chromeOptions: {debuggerAddress: localhost:59000}, javascriptEnabled: true, networkConnectionEnabled: false, pageLoadStrategy: normal, platform: WINDOWS, platformName: WINDOWS, proxy: Proxy(), se:cdp: ws://localhost:59000/devtoo..., se:cdpVersion: 112.0.5615.138, setWindowRect: true, strictFileInteractability: false, timeouts: {implicit: 0, pageLoad: 300000, script: 30000}, unhandledPromptBehavior: dismiss and notify, webauthn:extension:credBlob: true, webauthn:extension:largeBlob: true, webauthn:extension:minPinLength: true, webauthn:extension:prf: true, webauthn:virtualAuthenticators: true}
Element: [[ChromeDriver: chrome on WINDOWS (c3ce302100e80af384bc1f2c01624bfa)] -> xpath: //*[@id='dvOrgUnitDropdown']/a/i]
Session ID: c3ce302100e80af384bc1f2c01624bfa
at org.openqa.selenium.remote.codec.w3c.W3CHttpResponseCodec.createException(W3CHttpResponseCodec.java:200)
at org.openqa.selenium.remote.codec.w3c.W3CHttpResponseCodec.decode(W3CHttpResponseCodec.java:133)
at org.openqa.selenium.remote.codec.w3c.W3CHttpResponseCodec.decode(W3CHttpResponseCodec.java:53)
at org.openqa.selenium.remote.HttpCommandExecutor.execute(HttpCommandExecutor.java:184)
at org.openqa.selenium.remote.service.DriverCommandExecutor.invokeExecute(DriverCommandExecutor.java:167)
at org.openqa.selenium.remote.service.DriverCommandExecutor.execute(DriverCommandExecutor.java:142)
at org.openqa.selenium.remote.RemoteWebDriver.execute(RemoteWebDriver.java:558)
at org.openqa.selenium.remote.RemoteWebElement.execute(RemoteWebElement.java:251)
at org.openqa.selenium.remote.RemoteWebElement.click(RemoteWebElement.java:77)
at org.openqa.selenium.support.pagefactory.internal.LocatingElementHandler.invoke(LocatingElementHandler.java:52)
at jdk.proxy2/jdk.proxy2.$Proxy22.click(Unknown Source)
at com.jivi.auto.pageobjectutils.WebElementKeys.click(WebElementKeys.java:58)
at com.jivi.auto.employeepages.JiViewsEmployeeAdministration.empAdd_Misc(JiViewsEmployeeAdministration.java:1236)
at com.jivi.auto.employeetest.JiViewsEmployeeAdministrationTest.VerifyEmpUpdateMisc(JiViewsEmployeeAdministrationTest.java:636)
at java.base/java.util.ArrayList.forEach(ArrayList.java:1511)
at com.jivi.auto.driver.JiviewsMainClass.main(JiviewsMainClass.java:27)
... Removed 32 stack frames]]>
    </failure>
  </testcase> <!-- VerifyEmpUpdateMisc -->
  <testcase classname="com.jivi.auto.employeetest.JiViewsEmployeeAdministrationTest" name="VerifyLoginwithNewEmployee" time="22.149"/>
  <testcase classname="com.jivi.auto.employeetest.JiViewsEmployeeAdministrationTest" name="VerifyEmpProCreationFiveEmp" time="278.639"/>
  <testcase classname="com.jivi.auto.employeetest.JiViewsEmployeeAdministrationTest" name="VerifyTerminateEmployee" time="78.832"/>
  <testcase classname="com.jivi.auto.employeetest.JiViewsEmployeeAdministrationTest" name="VerifyLoginwTermindatedEmp" time="0.0">
    <ignored/>
  </testcase> <!-- VerifyLoginwTermindatedEmp -->
  <testcase classname="com.jivi.auto.employeetest.JiViewsEmployeeAdministrationTest" name="VerifyEmpAdd" time="0.0">
    <ignored/>
  </testcase> <!-- VerifyEmpAdd -->
  <testcase classname="com.jivi.auto.employeetest.JiViewsEmployeeAdministrationTest" name="VerifySkillAdd" time="0.0">
    <ignored/>
  </testcase> <!-- VerifySkillAdd -->
  <testcase classname="com.jivi.auto.employeetest.JiViewsEmployeeAdministrationTest" name="VerifyEmpCategory" time="0.0">
    <ignored/>
  </testcase> <!-- VerifyEmpCategory -->
  <testcase classname="com.jivi.auto.employeetest.JiViewsEmployeeAdministrationTest" name="VerifyTesting" time="0.0">
    <ignored/>
  </testcase> <!-- VerifyTesting -->
  <testcase classname="com.jivi.auto.employeetest.JiViewsEmployeeAdministrationTest" name="VerifyLogin" time="0.0">
    <ignored/>
  </testcase> <!-- VerifyLogin -->
  <testcase classname="com.jivi.auto.employeetest.JiViewsEmployeeAdministrationTest" name="VerifyRolesAdd" time="0.0">
    <ignored/>
  </testcase> <!-- VerifyRolesAdd -->
</testsuite> <!-- Test2 -->
