<?xml version="1.0" encoding="UTF-8"?>
<!-- Generated by org.testng.reporters.JUnitXMLReporter -->
<testsuite ignored="7" hostname="Ashok" failures="3" tests="18" name="Test2" time="1559.702" errors="0" timestamp="2023-05-19T08:26:47 IST">
  <testcase classname="com.jivi.auto.employeetest.JiViewsEmployeeAdministrationTest" name="VerifyEmpAddinEmpProfile" time="82.618"/>
  <testcase classname="com.jivi.auto.employeetest.JiViewsEmployeeAdministrationTest" name="VerifyEmpAddinEmpProfileAlreadyExist" time="70.233"/>
  <testcase classname="com.jivi.auto.employeetest.JiViewsEmployeeAdministrationTest" name="VerifEmpIDSerach" time="51.135"/>
  <testcase classname="com.jivi.auto.employeetest.JiViewsEmployeeAdministrationTest" name="VerifEmpNameSearch" time="50.196"/>
  <testcase classname="com.jivi.auto.employeetest.JiViewsEmployeeAdministrationTest" name="VerifyEmpUpdate" time="87.331"/>
  <testcase classname="com.jivi.auto.employeetest.JiViewsEmployeeAdministrationTest" name="VerifyEmpUpdateDuplicate" time="89.146"/>
  <testcase classname="com.jivi.auto.employeetest.JiViewsEmployeeAdministrationTest" name="VerifyEmpUpdateContactsPositive" time="61.105">
    <failure type="org.openqa.selenium.ElementClickInterceptedException" message="element click intercepted: Element &amp;lt;button type=&amp;quot;button&amp;quot; class=&amp;quot;btn btn-sm btn-secondary btn-round icon-btn mr-1&amp;quot; id=&amp;quot;btnAddNewContact&amp;quot; data-toggle=&amp;quot;modal&amp;quot; data-placement=&amp;quot;bottom&amp;quot; title=&amp;quot;&amp;quot; data-target=&amp;quot;#modals-employee-contacts&amp;quot; data-original-title=&amp;quot;Add&amp;quot; style=&amp;quot;&amp;quot;&amp;gt;...&amp;lt;/button&amp;gt; is not clickable at point (1197, 264). Other element would receive the click: &amp;lt;div class=&amp;quot;blockUI blockOverlay&amp;quot; style=&amp;quot;z-index: 1000; border: none; margin: 0px; padding: 0px; width: 100%; height: 100%; top: 0px; left: 0px; background-color: rgb(255, 255, 255); opacity: 0.54725; cursor: default; position: absolute;&amp;quot;&amp;gt;&amp;lt;/div&amp;gt;
  (Session info: chrome=113.0.5672.127)
Build info: version: &amp;apos;4.1.2&amp;apos;, revision: &amp;apos;9a5a329c5a&amp;apos;
System info: host: &amp;apos;ASHOK&amp;apos;, ip: &amp;apos;192.168.0.104&amp;apos;, os.name: &amp;apos;Windows 11&amp;apos;, os.arch: &amp;apos;amd64&amp;apos;, os.version: &amp;apos;10.0&amp;apos;, java.version: &amp;apos;17.0.5&amp;apos;
Driver info: org.openqa.selenium.chrome.ChromeDriver
Command: [532a8306f61d773d22b8dbe5f56f9b07, clickElement {id=AE42D69C051711F3E43CBCD9060AE939_element_203}]
Capabilities {acceptInsecureCerts: false, browserName: chrome, browserVersion: 113.0.5672.127, chrome: {chromedriverVersion: 113.0.5672.63 (0e1a4471d5ae..., userDataDir: C:\Users\ashok\AppData\Loca...}, goog:chromeOptions: {debuggerAddress: localhost:50944}, javascriptEnabled: true, networkConnectionEnabled: false, pageLoadStrategy: normal, platform: WINDOWS, platformName: WINDOWS, proxy: Proxy(), se:cdp: ws://localhost:50944/devtoo..., se:cdpVersion: 113.0.5672.127, setWindowRect: true, strictFileInteractability: false, timeouts: {implicit: 0, pageLoad: 300000, script: 30000}, unhandledPromptBehavior: dismiss and notify, webauthn:extension:credBlob: true, webauthn:extension:largeBlob: true, webauthn:extension:minPinLength: true, webauthn:extension:prf: true, webauthn:virtualAuthenticators: true}
Element: [[ChromeDriver: chrome on WINDOWS (532a8306f61d773d22b8dbe5f56f9b07)] -&amp;gt; id: btnAddNewContact]
Session ID: 532a8306f61d773d22b8dbe5f56f9b07">
      <![CDATA[org.openqa.selenium.ElementClickInterceptedException: element click intercepted: Element <button type="button" class="btn btn-sm btn-secondary btn-round icon-btn mr-1" id="btnAddNewContact" data-toggle="modal" data-placement="bottom" title="" data-target="#modals-employee-contacts" data-original-title="Add" style="">...</button> is not clickable at point (1197, 264). Other element would receive the click: <div class="blockUI blockOverlay" style="z-index: 1000; border: none; margin: 0px; padding: 0px; width: 100%; height: 100%; top: 0px; left: 0px; background-color: rgb(255, 255, 255); opacity: 0.54725; cursor: default; position: absolute;"></div>
  (Session info: chrome=113.0.5672.127)
Build info: version: '4.1.2', revision: '9a5a329c5a'
System info: host: 'ASHOK', ip: '192.168.0.104', os.name: 'Windows 11', os.arch: 'amd64', os.version: '10.0', java.version: '17.0.5'
Driver info: org.openqa.selenium.chrome.ChromeDriver
Command: [532a8306f61d773d22b8dbe5f56f9b07, clickElement {id=AE42D69C051711F3E43CBCD9060AE939_element_203}]
Capabilities {acceptInsecureCerts: false, browserName: chrome, browserVersion: 113.0.5672.127, chrome: {chromedriverVersion: 113.0.5672.63 (0e1a4471d5ae..., userDataDir: C:\Users\ashok\AppData\Loca...}, goog:chromeOptions: {debuggerAddress: localhost:50944}, javascriptEnabled: true, networkConnectionEnabled: false, pageLoadStrategy: normal, platform: WINDOWS, platformName: WINDOWS, proxy: Proxy(), se:cdp: ws://localhost:50944/devtoo..., se:cdpVersion: 113.0.5672.127, setWindowRect: true, strictFileInteractability: false, timeouts: {implicit: 0, pageLoad: 300000, script: 30000}, unhandledPromptBehavior: dismiss and notify, webauthn:extension:credBlob: true, webauthn:extension:largeBlob: true, webauthn:extension:minPinLength: true, webauthn:extension:prf: true, webauthn:virtualAuthenticators: true}
Element: [[ChromeDriver: chrome on WINDOWS (532a8306f61d773d22b8dbe5f56f9b07)] -> id: btnAddNewContact]
Session ID: 532a8306f61d773d22b8dbe5f56f9b07
at org.openqa.selenium.remote.codec.w3c.W3CHttpResponseCodec.createException(W3CHttpResponseCodec.java:200)
at org.openqa.selenium.remote.codec.w3c.W3CHttpResponseCodec.decode(W3CHttpResponseCodec.java:133)
at org.openqa.selenium.remote.codec.w3c.W3CHttpResponseCodec.decode(W3CHttpResponseCodec.java:53)
at org.openqa.selenium.remote.HttpCommandExecutor.execute(HttpCommandExecutor.java:184)
at org.openqa.selenium.remote.service.DriverCommandExecutor.invokeExecute(DriverCommandExecutor.java:167)
at org.openqa.selenium.remote.service.DriverCommandExecutor.execute(DriverCommandExecutor.java:142)
at org.openqa.selenium.remote.RemoteWebDriver.execute(RemoteWebDriver.java:558)
at org.openqa.selenium.remote.RemoteWebElement.execute(RemoteWebElement.java:251)
at org.openqa.selenium.remote.RemoteWebElement.click(RemoteWebElement.java:77)
at org.openqa.selenium.support.pagefactory.internal.LocatingElementHandler.invoke(LocatingElementHandler.java:52)
at jdk.proxy2/jdk.proxy2.$Proxy18.click(Unknown Source)
at com.jivi.auto.pageobjectutils.WebElementKeys.click(WebElementKeys.java:58)
at com.jivi.auto.employeepages.JiViewsEmployeeAdministration.empAddContacts_Positive(JiViewsEmployeeAdministration.java:931)
at com.jivi.auto.employeetest.JiViewsEmployeeAdministrationTest.VerifyEmpUpdateContactsPositive(JiViewsEmployeeAdministrationTest.java:384)
at java.base/java.util.ArrayList.forEach(ArrayList.java:1511)
at com.jivi.auto.driver.JiviewsMainClass.main(JiviewsMainClass.java:27)
... Removed 32 stack frames]]>
    </failure>
  </testcase> <!-- VerifyEmpUpdateContactsPositive -->
  <testcase classname="com.jivi.auto.employeetest.JiViewsEmployeeAdministrationTest" name="VerifyEmpUpdateContactsNegative" time="79.069"/>
  <testcase classname="com.jivi.auto.employeetest.JiViewsEmployeeAdministrationTest" name="VerifyEmpUpdateExcludedSkillsPositive" time="69.823"/>
  <testcase classname="com.jivi.auto.employeetest.JiViewsEmployeeAdministrationTest" name="VerifyEmpUpdateExcludedSkillsNegative" time="72.193"/>
  <testcase classname="com.jivi.auto.employeetest.JiViewsEmployeeAdministrationTest" name="VerifyEmpUpdateAddRolesPositive" time="60.005"/>
  <testcase classname="com.jivi.auto.employeetest.JiViewsEmployeeAdministrationTest" name="VerifyEmpUpdateAddRolesNegative" time="76.463"/>
  <testcase classname="com.jivi.auto.employeetest.JiViewsEmployeeAdministrationTest" name="VerifyEmpUpdateSecurity" time="122.051">
    <failure type="org.openqa.selenium.NoSuchElementException" message="no such element: Unable to locate element: {&amp;quot;method&amp;quot;:&amp;quot;xpath&amp;quot;,&amp;quot;selector&amp;quot;:&amp;quot;//*[@class=&amp;apos;toast-message&amp;apos;]&amp;quot;}
  (Session info: chrome=113.0.5672.127)
For documentation on this error, please visit: https://selenium.dev/exceptions/#no_such_element
Build info: version: &amp;apos;4.1.2&amp;apos;, revision: &amp;apos;9a5a329c5a&amp;apos;
System info: host: &amp;apos;ASHOK&amp;apos;, ip: &amp;apos;192.168.0.104&amp;apos;, os.name: &amp;apos;Windows 11&amp;apos;, os.arch: &amp;apos;amd64&amp;apos;, os.version: &amp;apos;10.0&amp;apos;, java.version: &amp;apos;17.0.5&amp;apos;
Driver info: org.openqa.selenium.chrome.ChromeDriver
Command: [18fc2bb6a812ea312f532bbd17ce1e80, findElement {using=xpath, value=//*[@class=&amp;apos;toast-message&amp;apos;]}]
Capabilities {acceptInsecureCerts: false, browserName: chrome, browserVersion: 113.0.5672.127, chrome: {chromedriverVersion: 113.0.5672.63 (0e1a4471d5ae..., userDataDir: C:\Users\ashok\AppData\Loca...}, goog:chromeOptions: {debuggerAddress: localhost:51156}, javascriptEnabled: true, networkConnectionEnabled: false, pageLoadStrategy: normal, platform: WINDOWS, platformName: WINDOWS, proxy: Proxy(), se:cdp: ws://localhost:51156/devtoo..., se:cdpVersion: 113.0.5672.127, setWindowRect: true, strictFileInteractability: false, timeouts: {implicit: 0, pageLoad: 300000, script: 30000}, unhandledPromptBehavior: dismiss and notify, webauthn:extension:credBlob: true, webauthn:extension:largeBlob: true, webauthn:extension:minPinLength: true, webauthn:extension:prf: true, webauthn:virtualAuthenticators: true}
Session ID: 18fc2bb6a812ea312f532bbd17ce1e80">
      <![CDATA[org.openqa.selenium.NoSuchElementException: no such element: Unable to locate element: {"method":"xpath","selector":"//*[@class='toast-message']"}
  (Session info: chrome=113.0.5672.127)
For documentation on this error, please visit: https://selenium.dev/exceptions/#no_such_element
Build info: version: '4.1.2', revision: '9a5a329c5a'
System info: host: 'ASHOK', ip: '192.168.0.104', os.name: 'Windows 11', os.arch: 'amd64', os.version: '10.0', java.version: '17.0.5'
Driver info: org.openqa.selenium.chrome.ChromeDriver
Command: [18fc2bb6a812ea312f532bbd17ce1e80, findElement {using=xpath, value=//*[@class='toast-message']}]
Capabilities {acceptInsecureCerts: false, browserName: chrome, browserVersion: 113.0.5672.127, chrome: {chromedriverVersion: 113.0.5672.63 (0e1a4471d5ae..., userDataDir: C:\Users\ashok\AppData\Loca...}, goog:chromeOptions: {debuggerAddress: localhost:51156}, javascriptEnabled: true, networkConnectionEnabled: false, pageLoadStrategy: normal, platform: WINDOWS, platformName: WINDOWS, proxy: Proxy(), se:cdp: ws://localhost:51156/devtoo..., se:cdpVersion: 113.0.5672.127, setWindowRect: true, strictFileInteractability: false, timeouts: {implicit: 0, pageLoad: 300000, script: 30000}, unhandledPromptBehavior: dismiss and notify, webauthn:extension:credBlob: true, webauthn:extension:largeBlob: true, webauthn:extension:minPinLength: true, webauthn:extension:prf: true, webauthn:virtualAuthenticators: true}
Session ID: 18fc2bb6a812ea312f532bbd17ce1e80
at org.openqa.selenium.remote.codec.w3c.W3CHttpResponseCodec.createException(W3CHttpResponseCodec.java:200)
at org.openqa.selenium.remote.codec.w3c.W3CHttpResponseCodec.decode(W3CHttpResponseCodec.java:133)
at org.openqa.selenium.remote.codec.w3c.W3CHttpResponseCodec.decode(W3CHttpResponseCodec.java:53)
at org.openqa.selenium.remote.HttpCommandExecutor.execute(HttpCommandExecutor.java:184)
at org.openqa.selenium.remote.service.DriverCommandExecutor.invokeExecute(DriverCommandExecutor.java:167)
at org.openqa.selenium.remote.service.DriverCommandExecutor.execute(DriverCommandExecutor.java:142)
at org.openqa.selenium.remote.RemoteWebDriver.execute(RemoteWebDriver.java:558)
at org.openqa.selenium.remote.ElementLocation$ElementFinder$2.findElement(ElementLocation.java:162)
at org.openqa.selenium.remote.ElementLocation.findElement(ElementLocation.java:60)
at org.openqa.selenium.remote.RemoteWebDriver.findElement(RemoteWebDriver.java:382)
at org.openqa.selenium.remote.RemoteWebDriver.findElement(RemoteWebDriver.java:374)
at org.openqa.selenium.support.pagefactory.DefaultElementLocator.findElement(DefaultElementLocator.java:70)
at org.openqa.selenium.support.pagefactory.internal.LocatingElementHandler.invoke(LocatingElementHandler.java:39)
at jdk.proxy2/jdk.proxy2.$Proxy18.getText(Unknown Source)
at com.jivi.auto.employeepages.JiViewsEmployeeAdministration.empAdd_security(JiViewsEmployeeAdministration.java:1264)
at com.jivi.auto.employeetest.JiViewsEmployeeAdministrationTest.VerifyEmpUpdateSecurity(JiViewsEmployeeAdministrationTest.java:572)
at java.base/java.util.ArrayList.forEach(ArrayList.java:1511)
at com.jivi.auto.driver.JiviewsMainClass.main(JiviewsMainClass.java:27)
... Removed 29 stack frames]]>
    </failure>
  </testcase> <!-- VerifyEmpUpdateSecurity -->
  <testcase classname="com.jivi.auto.employeetest.JiViewsEmployeeAdministrationTest" name="VerifyEmpUpdateESS" time="105.704">
    <failure type="org.openqa.selenium.NoSuchElementException" message="Cannot locate option with value: Leave Profile  One
For documentation on this error, please visit: https://selenium.dev/exceptions/#no_such_element
Build info: version: &amp;apos;4.1.2&amp;apos;, revision: &amp;apos;9a5a329c5a&amp;apos;
System info: host: &amp;apos;ASHOK&amp;apos;, ip: &amp;apos;192.168.0.104&amp;apos;, os.name: &amp;apos;Windows 11&amp;apos;, os.arch: &amp;apos;amd64&amp;apos;, os.version: &amp;apos;10.0&amp;apos;, java.version: &amp;apos;17.0.5&amp;apos;
Driver info: driver.version: unknown">
      <![CDATA[org.openqa.selenium.NoSuchElementException: Cannot locate option with value: Leave Profile  One
For documentation on this error, please visit: https://selenium.dev/exceptions/#no_such_element
Build info: version: '4.1.2', revision: '9a5a329c5a'
System info: host: 'ASHOK', ip: '192.168.0.104', os.name: 'Windows 11', os.arch: 'amd64', os.version: '10.0', java.version: '17.0.5'
Driver info: driver.version: unknown
at org.openqa.selenium.support.ui.Select.findOptionsByValue(Select.java:287)
at org.openqa.selenium.support.ui.Select.selectByValue(Select.java:190)
at com.jivi.auto.pageobjectutils.DropDown.selectByValue(DropDown.java:32)
at com.jivi.auto.employeepages.JiViewsEmployeeAdministration.empAdd_ESSAdd(JiViewsEmployeeAdministration.java:1297)
at com.jivi.auto.employeetest.JiViewsEmployeeAdministrationTest.VerifyEmpUpdateESS(JiViewsEmployeeAdministrationTest.java:604)
at java.base/java.util.ArrayList.forEach(ArrayList.java:1511)
at com.jivi.auto.driver.JiviewsMainClass.main(JiviewsMainClass.java:27)
... Removed 24 stack frames]]>
    </failure>
  </testcase> <!-- VerifyEmpUpdateESS -->
  <testcase classname="com.jivi.auto.employeetest.JiViewsEmployeeAdministrationTest" name="VerifyEmpUpdateMisc" time="55.781"/>
  <testcase classname="com.jivi.auto.employeetest.JiViewsEmployeeAdministrationTest" name="VerifyLoginwithNewEmployee" time="14.668"/>
  <testcase classname="com.jivi.auto.employeetest.JiViewsEmployeeAdministrationTest" name="VerifyEmpProCreationFiveEmp" time="313.483"/>
  <testcase classname="com.jivi.auto.employeetest.JiViewsEmployeeAdministrationTest" name="VerifyTerminateEmployee" time="75.72"/>
  <testcase classname="com.jivi.auto.employeetest.JiViewsEmployeeAdministrationTest" name="VerifyLoginwTermindatedEmp" time="0.0">
    <ignored/>
  </testcase> <!-- VerifyLoginwTermindatedEmp -->
  <testcase classname="com.jivi.auto.employeetest.JiViewsEmployeeAdministrationTest" name="VerifyEmpAdd" time="0.0">
    <ignored/>
  </testcase> <!-- VerifyEmpAdd -->
  <testcase classname="com.jivi.auto.employeetest.JiViewsEmployeeAdministrationTest" name="VerifySkillAdd" time="0.0">
    <ignored/>
  </testcase> <!-- VerifySkillAdd -->
  <testcase classname="com.jivi.auto.employeetest.JiViewsEmployeeAdministrationTest" name="VerifyEmpCategory" time="0.0">
    <ignored/>
  </testcase> <!-- VerifyEmpCategory -->
  <testcase classname="com.jivi.auto.employeetest.JiViewsEmployeeAdministrationTest" name="VerifyTesting" time="0.0">
    <ignored/>
  </testcase> <!-- VerifyTesting -->
  <testcase classname="com.jivi.auto.employeetest.JiViewsEmployeeAdministrationTest" name="VerifyLogin" time="0.0">
    <ignored/>
  </testcase> <!-- VerifyLogin -->
  <testcase classname="com.jivi.auto.employeetest.JiViewsEmployeeAdministrationTest" name="VerifyRolesAdd" time="0.0">
    <ignored/>
  </testcase> <!-- VerifyRolesAdd -->
</testsuite> <!-- Test2 -->
