<?xml version="1.0" encoding="UTF-8"?>
<!-- Generated by org.testng.reporters.JUnitXMLReporter -->
<testsuite ignored="7" hostname="Ashok" failures="1" tests="3" name="Test3" time="359.447" errors="0" timestamp="2023-05-08T09:58:46 IST">
  <testcase classname="com.jivi.auto.employeetest.RoaserSetup" name="createShiftBandDefinition" time="118.222">
    <failure type="java.lang.AssertionError" message="ShiftBand Creation expected [true] but found [false]">
      <![CDATA[java.lang.AssertionError: ShiftBand Creation expected [true] but found [false]
at com.jivi.auto.employeetest.RoaserSetup.createShiftBandDefinition(RoaserSetup.java:114)
at java.base/java.util.ArrayList.forEach(ArrayList.java:1511)
at com.jivi.auto.driver.JiviewsMainClass.main(JiviewsMainClass.java:27)
... Removed 27 stack frames]]>
    </failure>
  </testcase> <!-- createShiftBandDefinition -->
  <testcase classname="com.jivi.auto.employeetest.RoaserSetup" name="rosterGroupAssignmentAddingSelectedEmp" time="88.893"/>
  <testcase classname="com.jivi.auto.employeetest.RoaserSetup" name="rosterCreation" time="147.339"/>
  <testcase classname="com.jivi.auto.employeetest.RoaserSetup" name="deleteShiftBandDefinition" time="0.0">
    <ignored/>
  </testcase> <!-- deleteShiftBandDefinition -->
  <testcase classname="com.jivi.auto.employeetest.RoaserSetup" name="rosterGroupAssignmentAddingAllEmp" time="0.0">
    <ignored/>
  </testcase> <!-- rosterGroupAssignmentAddingAllEmp -->
  <testcase classname="com.jivi.auto.employeetest.RoaserSetup" name="scheduleCreationRules" time="0.0">
    <ignored/>
  </testcase> <!-- scheduleCreationRules -->
  <testcase classname="com.jivi.auto.employeetest.RoaserSetup" name="rosterGroupAssignmentRemoveAllEmp" time="0.0">
    <ignored/>
  </testcase> <!-- rosterGroupAssignmentRemoveAllEmp -->
  <testcase classname="com.jivi.auto.employeetest.RoaserSetup" name="rosterGroupAssignmentRemoveSelectedEmp" time="0.0">
    <ignored/>
  </testcase> <!-- rosterGroupAssignmentRemoveSelectedEmp -->
  <testcase classname="com.jivi.auto.employeetest.RoaserSetup" name="reActivatedeletedShiftBandDefinition" time="0.0">
    <ignored/>
  </testcase> <!-- reActivatedeletedShiftBandDefinition -->
  <testcase classname="com.jivi.auto.employeetest.RoaserSetup" name="editShiftBandDefinition" time="0.0">
    <ignored/>
  </testcase> <!-- editShiftBandDefinition -->
</testsuite> <!-- Test3 -->
