<?xml version="1.0" encoding="UTF-8"?>
<!-- Generated by org.testng.reporters.JUnitXMLReporter -->
<testsuite ignored="7" hostname="Ashok" failures="1" tests="18" name="Test2" time="0.03" errors="0" timestamp="2023-06-17T09:32:50 IST">
  <testcase classname="com.jivi.auto.employeetest.JiViewsEmployeeAdministrationTest" name="VerifyEmpAddinEmpProfile" time="0.007">
    <failure type="org.openqa.selenium.NoSuchWindowException" message="no such window: target window already closed
from unknown error: web view not found
  (Session info: chrome=114.0.5735.134)
Build info: version: &amp;apos;4.1.2&amp;apos;, revision: &amp;apos;9a5a329c5a&amp;apos;
System info: host: &amp;apos;ASHOK&amp;apos;, ip: &amp;apos;192.168.0.103&amp;apos;, os.name: &amp;apos;Windows 11&amp;apos;, os.arch: &amp;apos;amd64&amp;apos;, os.version: &amp;apos;10.0&amp;apos;, java.version: &amp;apos;17.0.5&amp;apos;
Driver info: org.openqa.selenium.chrome.ChromeDriver
Command: [2d7602e9c0242796df612a7fcd4b139e, get {url=https://www.jiviews.com/DEMO/Home}]
Capabilities {acceptInsecureCerts: false, browserName: chrome, browserVersion: 114.0.5735.134, chrome: {chromedriverVersion: 114.0.5735.90 (386bc09e8f4f..., userDataDir: C:\Users\ashok\AppData\Loca...}, goog:chromeOptions: {debuggerAddress: localhost:56967}, javascriptEnabled: true, networkConnectionEnabled: false, pageLoadStrategy: normal, platform: WINDOWS, platformName: WINDOWS, proxy: Proxy(), se:cdp: ws://localhost:56967/devtoo..., se:cdpVersion: 114.0.5735.134, setWindowRect: true, strictFileInteractability: false, timeouts: {implicit: 0, pageLoad: 300000, script: 30000}, unhandledPromptBehavior: dismiss and notify, webauthn:extension:credBlob: true, webauthn:extension:largeBlob: true, webauthn:extension:minPinLength: true, webauthn:extension:prf: true, webauthn:virtualAuthenticators: true}
Session ID: 2d7602e9c0242796df612a7fcd4b139e">
      <![CDATA[org.openqa.selenium.NoSuchWindowException: no such window: target window already closed
from unknown error: web view not found
  (Session info: chrome=114.0.5735.134)
Build info: version: '4.1.2', revision: '9a5a329c5a'
System info: host: 'ASHOK', ip: '192.168.0.103', os.name: 'Windows 11', os.arch: 'amd64', os.version: '10.0', java.version: '17.0.5'
Driver info: org.openqa.selenium.chrome.ChromeDriver
Command: [2d7602e9c0242796df612a7fcd4b139e, get {url=https://www.jiviews.com/DEMO/Home}]
Capabilities {acceptInsecureCerts: false, browserName: chrome, browserVersion: 114.0.5735.134, chrome: {chromedriverVersion: 114.0.5735.90 (386bc09e8f4f..., userDataDir: C:\Users\ashok\AppData\Loca...}, goog:chromeOptions: {debuggerAddress: localhost:56967}, javascriptEnabled: true, networkConnectionEnabled: false, pageLoadStrategy: normal, platform: WINDOWS, platformName: WINDOWS, proxy: Proxy(), se:cdp: ws://localhost:56967/devtoo..., se:cdpVersion: 114.0.5735.134, setWindowRect: true, strictFileInteractability: false, timeouts: {implicit: 0, pageLoad: 300000, script: 30000}, unhandledPromptBehavior: dismiss and notify, webauthn:extension:credBlob: true, webauthn:extension:largeBlob: true, webauthn:extension:minPinLength: true, webauthn:extension:prf: true, webauthn:virtualAuthenticators: true}
Session ID: 2d7602e9c0242796df612a7fcd4b139e
at org.openqa.selenium.remote.codec.w3c.W3CHttpResponseCodec.createException(W3CHttpResponseCodec.java:200)
at org.openqa.selenium.remote.codec.w3c.W3CHttpResponseCodec.decode(W3CHttpResponseCodec.java:133)
at org.openqa.selenium.remote.codec.w3c.W3CHttpResponseCodec.decode(W3CHttpResponseCodec.java:53)
at org.openqa.selenium.remote.HttpCommandExecutor.execute(HttpCommandExecutor.java:184)
at org.openqa.selenium.remote.service.DriverCommandExecutor.invokeExecute(DriverCommandExecutor.java:167)
at org.openqa.selenium.remote.service.DriverCommandExecutor.execute(DriverCommandExecutor.java:142)
at org.openqa.selenium.remote.RemoteWebDriver.execute(RemoteWebDriver.java:558)
at org.openqa.selenium.remote.RemoteWebDriver.get(RemoteWebDriver.java:327)
at com.jivi.auto.utilities.BaseTest.goTo(BaseTest.java:250)
at com.jivi.auto.utilities.BaseTest.launchBrowser(BaseTest.java:237)
at com.jivi.auto.utilities.BaseTest.setupTest(BaseTest.java:157)
at com.jivi.auto.employeetest.JiViewsEmployeeAdministrationTest.VerifyEmpAddinEmpProfile(JiViewsEmployeeAdministrationTest.java:189)
at java.base/java.util.ArrayList.forEach(ArrayList.java:1511)
at com.jivi.auto.driver.JiviewsMainClass.main(JiviewsMainClass.java:27)
... Removed 29 stack frames]]>
    </failure>
  </testcase> <!-- VerifyEmpAddinEmpProfile -->
  <testcase classname="com.jivi.auto.employeetest.JiViewsEmployeeAdministrationTest" name="VerifyEmpAddinEmpProfileAlreadyExist" time="0.0">
    <skipped/>
  </testcase> <!-- VerifyEmpAddinEmpProfileAlreadyExist -->
  <testcase classname="com.jivi.auto.employeetest.JiViewsEmployeeAdministrationTest" name="VerifEmpIDSerach" time="0.0">
    <skipped/>
  </testcase> <!-- VerifEmpIDSerach -->
  <testcase classname="com.jivi.auto.employeetest.JiViewsEmployeeAdministrationTest" name="VerifEmpNameSearch" time="0.0">
    <skipped/>
  </testcase> <!-- VerifEmpNameSearch -->
  <testcase classname="com.jivi.auto.employeetest.JiViewsEmployeeAdministrationTest" name="VerifyEmpUpdate" time="0.0">
    <skipped/>
  </testcase> <!-- VerifyEmpUpdate -->
  <testcase classname="com.jivi.auto.employeetest.JiViewsEmployeeAdministrationTest" name="VerifyEmpUpdateDuplicate" time="0.0">
    <skipped/>
  </testcase> <!-- VerifyEmpUpdateDuplicate -->
  <testcase classname="com.jivi.auto.employeetest.JiViewsEmployeeAdministrationTest" name="VerifyEmpUpdateContactsPositive" time="0.0">
    <skipped/>
  </testcase> <!-- VerifyEmpUpdateContactsPositive -->
  <testcase classname="com.jivi.auto.employeetest.JiViewsEmployeeAdministrationTest" name="VerifyEmpUpdateContactsNegative" time="0.0">
    <skipped/>
  </testcase> <!-- VerifyEmpUpdateContactsNegative -->
  <testcase classname="com.jivi.auto.employeetest.JiViewsEmployeeAdministrationTest" name="VerifyEmpUpdateExcludedSkillsPositive" time="0.0">
    <skipped/>
  </testcase> <!-- VerifyEmpUpdateExcludedSkillsPositive -->
  <testcase classname="com.jivi.auto.employeetest.JiViewsEmployeeAdministrationTest" name="VerifyEmpUpdateExcludedSkillsNegative" time="0.0">
    <skipped/>
  </testcase> <!-- VerifyEmpUpdateExcludedSkillsNegative -->
  <testcase classname="com.jivi.auto.employeetest.JiViewsEmployeeAdministrationTest" name="VerifyEmpUpdateAddRolesPositive" time="0.0">
    <skipped/>
  </testcase> <!-- VerifyEmpUpdateAddRolesPositive -->
  <testcase classname="com.jivi.auto.employeetest.JiViewsEmployeeAdministrationTest" name="VerifyEmpUpdateAddRolesNegative" time="0.0">
    <skipped/>
  </testcase> <!-- VerifyEmpUpdateAddRolesNegative -->
  <testcase classname="com.jivi.auto.employeetest.JiViewsEmployeeAdministrationTest" name="VerifyEmpUpdateSecurity" time="0.0">
    <skipped/>
  </testcase> <!-- VerifyEmpUpdateSecurity -->
  <testcase classname="com.jivi.auto.employeetest.JiViewsEmployeeAdministrationTest" name="VerifyEmpUpdateESS" time="0.0">
    <skipped/>
  </testcase> <!-- VerifyEmpUpdateESS -->
  <testcase classname="com.jivi.auto.employeetest.JiViewsEmployeeAdministrationTest" name="VerifyEmpUpdateMisc" time="0.0">
    <skipped/>
  </testcase> <!-- VerifyEmpUpdateMisc -->
  <testcase classname="com.jivi.auto.employeetest.JiViewsEmployeeAdministrationTest" name="VerifyLoginwithNewEmployee" time="0.0">
    <skipped/>
  </testcase> <!-- VerifyLoginwithNewEmployee -->
  <testcase classname="com.jivi.auto.employeetest.JiViewsEmployeeAdministrationTest" name="VerifyEmpProCreationFiveEmp" time="0.0">
    <skipped/>
  </testcase> <!-- VerifyEmpProCreationFiveEmp -->
  <testcase classname="com.jivi.auto.employeetest.JiViewsEmployeeAdministrationTest" name="VerifyTerminateEmployee" time="0.0">
    <skipped/>
  </testcase> <!-- VerifyTerminateEmployee -->
  <testcase classname="com.jivi.auto.employeetest.JiViewsEmployeeAdministrationTest" name="VerifyLoginwTermindatedEmp" time="0.0">
    <ignored/>
  </testcase> <!-- VerifyLoginwTermindatedEmp -->
  <testcase classname="com.jivi.auto.employeetest.JiViewsEmployeeAdministrationTest" name="VerifyEmpAdd" time="0.0">
    <ignored/>
  </testcase> <!-- VerifyEmpAdd -->
  <testcase classname="com.jivi.auto.employeetest.JiViewsEmployeeAdministrationTest" name="VerifySkillAdd" time="0.0">
    <ignored/>
  </testcase> <!-- VerifySkillAdd -->
  <testcase classname="com.jivi.auto.employeetest.JiViewsEmployeeAdministrationTest" name="VerifyEmpCategory" time="0.0">
    <ignored/>
  </testcase> <!-- VerifyEmpCategory -->
  <testcase classname="com.jivi.auto.employeetest.JiViewsEmployeeAdministrationTest" name="VerifyTesting" time="0.0">
    <ignored/>
  </testcase> <!-- VerifyTesting -->
  <testcase classname="com.jivi.auto.employeetest.JiViewsEmployeeAdministrationTest" name="VerifyLogin" time="0.0">
    <ignored/>
  </testcase> <!-- VerifyLogin -->
  <testcase classname="com.jivi.auto.employeetest.JiViewsEmployeeAdministrationTest" name="VerifyRolesAdd" time="0.0">
    <ignored/>
  </testcase> <!-- VerifyRolesAdd -->
</testsuite> <!-- Test2 -->
