<?xml version="1.0" encoding="UTF-8"?>
<!-- Generated by org.testng.reporters.JUnitXMLReporter -->
<testsuite ignored="0" hostname="Ashok" failures="0" tests="9" name="Test1" time="792.389" errors="0" timestamp="2023-06-20T10:46:59 IST">
  <testcase classname="com.jivi.auto.employeetest.EmployeeSelfServiceTest" name="employeeSelfServiceEmployeeTest" time="106.556"/>
  <testcase classname="com.jivi.auto.employeetest.EmployeeSelfServiceTest" name="employeeSelfServiceAdminTest" time="96.378"/>
  <testcase classname="com.jivi.auto.employeetest.EmployeeSelfServiceTest" name="employeeSelfServiceApplyLeave" time="106.785"/>
  <testcase classname="com.jivi.auto.employeetest.EmployeeSelfServiceTest" name="employeeSelfServiceRejectLeave" time="72.926"/>
  <testcase classname="com.jivi.auto.employeetest.EmployeeSelfServiceTest" name="leaveBalanceAfterRejection" time="69.006"/>
  <testcase classname="com.jivi.auto.employeetest.EmployeeSelfServiceTest" name="employeeSelfServiceApplyLeaveSecondTime" time="115.595"/>
  <testcase classname="com.jivi.auto.employeetest.EmployeeSelfServiceTest" name="employeeSelfServiceApproveLeave" time="75.24"/>
  <testcase classname="com.jivi.auto.employeetest.EmployeeSelfServiceTest" name="leaveBalanceAfterApprove" time="56.883"/>
  <testcase classname="com.jivi.auto.employeetest.EmployeeSelfServiceTest" name="employeeSelfServiceApplyTimeOff" time="81.269"/>
</testsuite> <!-- Test1 -->
