<?xml version="1.0" encoding="UTF-8"?>
<!-- Generated by org.testng.reporters.JUnitXMLReporter -->
<testsuite ignored="8" hostname="Ashok" failures="0" tests="1" name="Test8" time="180.888" errors="0" timestamp="2023-08-16T15:16:33 IST">
  <testcase classname="com.jivi.auto.employeetest.PMPlanner" name="VerifyCreatePMPlanning" time="178.222"/>
  <testcase classname="com.jivi.auto.employeetest.PMPlanner" name="VerifyRTGPlanningFinalBookingAddshift" time="0.0">
    <ignored/>
  </testcase> <!-- VerifyRTGPlanningFinalBookingAddshift -->
  <testcase classname="com.jivi.auto.employeetest.PMPlanner" name="VerifyDateRangeDeployment" time="0.0">
    <ignored/>
  </testcase> <!-- VerifyDateRangeDeployment -->
  <testcase classname="com.jivi.auto.employeetest.PMPlanner" name="VerifyPMPlanningFinalBookingReport" time="0.0">
    <ignored/>
  </testcase> <!-- VerifyPMPlanningFinalBookingReport -->
  <testcase classname="com.jivi.auto.employeetest.PMPlanner" name="VerifyRTGPlanningFinalBookingStandByEmployee" time="0.0">
    <ignored/>
  </testcase> <!-- VerifyRTGPlanningFinalBookingStandByEmployee -->
  <testcase classname="com.jivi.auto.employeetest.PMPlanner" name="VerifyDeployment" time="0.0">
    <ignored/>
  </testcase> <!-- VerifyDeployment -->
  <testcase classname="com.jivi.auto.employeetest.PMPlanner" name="VerifyBroadcast" time="0.0">
    <ignored/>
  </testcase> <!-- VerifyBroadcast -->
  <testcase classname="com.jivi.auto.employeetest.PMPlanner" name="VerifyCreatePMPlanningwithSingOff" time="0.0">
    <ignored/>
  </testcase> <!-- VerifyCreatePMPlanningwithSingOff -->
  <testcase classname="com.jivi.auto.employeetest.PMPlanner" name="VerifyRevokeSignOff" time="0.0">
    <ignored/>
  </testcase> <!-- VerifyRevokeSignOff -->
</testsuite> <!-- Test8 -->
