<?xml version="1.0" encoding="UTF-8"?>
<!-- Generated by org.testng.reporters.JUnitXMLReporter -->
<testsuite ignored="0" hostname="Ashok" failures="1" tests="11" name="Test2" time="486.636" errors="0" timestamp="2023-09-04T09:52:38 IST">
  <testcase classname="com.jivi.auto.employeetest.HSSEPlanner" name="createHSSEPlanning" time="201.382"/>
  <testcase classname="com.jivi.auto.employeetest.HSSEPlanner" name="createHSSEPlanningAlreadyDeployedShift" time="282.87">
    <failure type="org.openqa.selenium.WebDriverException" message="disconnected: Unable to receive message from renderer
  (failed to check if window was closed: disconnected: not connected to DevTools)
  (Session info: chrome=116.0.5845.141)
Build info: version: &amp;apos;4.11.0&amp;apos;, revision: &amp;apos;040bc5406b&amp;apos;
System info: os.name: &amp;apos;Windows 11&amp;apos;, os.arch: &amp;apos;amd64&amp;apos;, os.version: &amp;apos;10.0&amp;apos;, java.version: &amp;apos;17.0.5&amp;apos;
Driver info: org.openqa.selenium.chrome.ChromeDriver
Command: [ca9c9dba3f64c91ef3883a6bffa836c3, get {url=https://www.jiviews.com/DEMO/Home}]
Capabilities {acceptInsecureCerts: false, browserName: chrome, browserVersion: 116.0.5845.141, chrome: {chromedriverVersion: 116.0.5845.96 (1a3918166880..., userDataDir: C:\Users\ashok\AppData\Loca...}, fedcm:accounts: true, goog:chromeOptions: {debuggerAddress: localhost:58175}, networkConnectionEnabled: false, pageLoadStrategy: normal, platformName: windows, proxy: Proxy(), se:cdp: ws://localhost:58175/devtoo..., se:cdpVersion: 116.0.5845.141, setWindowRect: true, strictFileInteractability: false, timeouts: {implicit: 0, pageLoad: 300000, script: 30000}, unhandledPromptBehavior: dismiss and notify, webauthn:extension:credBlob: true, webauthn:extension:largeBlob: true, webauthn:extension:minPinLength: true, webauthn:extension:prf: true, webauthn:virtualAuthenticators: true}
Session ID: ca9c9dba3f64c91ef3883a6bffa836c3">
      <![CDATA[org.openqa.selenium.WebDriverException: disconnected: Unable to receive message from renderer
  (failed to check if window was closed: disconnected: not connected to DevTools)
  (Session info: chrome=116.0.5845.141)
Build info: version: '4.11.0', revision: '040bc5406b'
System info: os.name: 'Windows 11', os.arch: 'amd64', os.version: '10.0', java.version: '17.0.5'
Driver info: org.openqa.selenium.chrome.ChromeDriver
Command: [ca9c9dba3f64c91ef3883a6bffa836c3, get {url=https://www.jiviews.com/DEMO/Home}]
Capabilities {acceptInsecureCerts: false, browserName: chrome, browserVersion: 116.0.5845.141, chrome: {chromedriverVersion: 116.0.5845.96 (1a3918166880..., userDataDir: C:\Users\ashok\AppData\Loca...}, fedcm:accounts: true, goog:chromeOptions: {debuggerAddress: localhost:58175}, networkConnectionEnabled: false, pageLoadStrategy: normal, platformName: windows, proxy: Proxy(), se:cdp: ws://localhost:58175/devtoo..., se:cdpVersion: 116.0.5845.141, setWindowRect: true, strictFileInteractability: false, timeouts: {implicit: 0, pageLoad: 300000, script: 30000}, unhandledPromptBehavior: dismiss and notify, webauthn:extension:credBlob: true, webauthn:extension:largeBlob: true, webauthn:extension:minPinLength: true, webauthn:extension:prf: true, webauthn:virtualAuthenticators: true}
Session ID: ca9c9dba3f64c91ef3883a6bffa836c3
at org.openqa.selenium.remote.codec.w3c.W3CHttpResponseCodec.createException(W3CHttpResponseCodec.java:200)
at org.openqa.selenium.remote.codec.w3c.W3CHttpResponseCodec.decode(W3CHttpResponseCodec.java:133)
at org.openqa.selenium.remote.codec.w3c.W3CHttpResponseCodec.decode(W3CHttpResponseCodec.java:52)
at org.openqa.selenium.remote.HttpCommandExecutor.execute(HttpCommandExecutor.java:191)
at org.openqa.selenium.remote.service.DriverCommandExecutor.invokeExecute(DriverCommandExecutor.java:196)
at org.openqa.selenium.remote.service.DriverCommandExecutor.execute(DriverCommandExecutor.java:171)
at org.openqa.selenium.remote.RemoteWebDriver.execute(RemoteWebDriver.java:518)
at org.openqa.selenium.remote.RemoteWebDriver.get(RemoteWebDriver.java:300)
at com.jivi.auto.utilities.BaseTest.goTo(BaseTest.java:260)
at com.jivi.auto.utilities.BaseTest.launchBrowser(BaseTest.java:247)
at com.jivi.auto.utilities.BaseTest.setupTest(BaseTest.java:159)
at com.jivi.auto.employeetest.HSSEPlanner.createHSSEPlanningAlreadyDeployedShift(HSSEPlanner.java:71)
at java.base/java.util.ArrayList.forEach(ArrayList.java:1511)
at com.jivi.auto.driver.JiviewsMainClass.main(JiviewsMainClass.java:27)
... Removed 29 stack frames]]>
    </failure>
  </testcase> <!-- createHSSEPlanningAlreadyDeployedShift -->
  <testcase classname="com.jivi.auto.employeetest.HSSEPlanner" name="VerifyHSSEFinalBookingReport" time="0.0">
    <skipped/>
  </testcase> <!-- VerifyHSSEFinalBookingReport -->
  <testcase classname="com.jivi.auto.employeetest.HSSEPlanner" name="VerifyDeployment" time="0.0">
    <skipped/>
  </testcase> <!-- VerifyDeployment -->
  <testcase classname="com.jivi.auto.employeetest.HSSEPlanner" name="VerifyDateRangeDeployment" time="0.0">
    <skipped/>
  </testcase> <!-- VerifyDateRangeDeployment -->
  <testcase classname="com.jivi.auto.employeetest.HSSEPlanner" name="VerifyDeAllocate" time="0.0">
    <skipped/>
  </testcase> <!-- VerifyDeAllocate -->
  <testcase classname="com.jivi.auto.employeetest.HSSEPlanner" name="VerifyDateRangeDeAllocate" time="0.0">
    <skipped/>
  </testcase> <!-- VerifyDateRangeDeAllocate -->
  <testcase classname="com.jivi.auto.employeetest.HSSEPlanner" name="VerifyRevokeSignOff" time="0.0">
    <skipped/>
  </testcase> <!-- VerifyRevokeSignOff -->
  <testcase classname="com.jivi.auto.employeetest.HSSEPlanner" name="VerifyBroadcast" time="0.0">
    <skipped/>
  </testcase> <!-- VerifyBroadcast -->
  <testcase classname="com.jivi.auto.employeetest.HSSEPlanner" name="VerifyHSSEFinalBookingAssingStandByEmployee" time="0.0">
    <skipped/>
  </testcase> <!-- VerifyHSSEFinalBookingAssingStandByEmployee -->
  <testcase classname="com.jivi.auto.employeetest.HSSEPlanner" name="VerifyHSSEFinalBookingAddshift" time="0.0">
    <skipped/>
  </testcase> <!-- VerifyHSSEFinalBookingAddshift -->
</testsuite> <!-- Test2 -->
