<?xml version="1.0" encoding="UTF-8"?>
<!-- Generated by org.testng.reporters.JUnitXMLReporter -->
<testsuite ignored="8" hostname="Ashok" failures="1" tests="17" name="Test1" time="149.501" errors="0" timestamp="2023-09-21T00:26:59 IST">
  <testcase classname="com.jivi.auto.utilities.BaseTest" name="@AfterMethod afterMethod" time="0.01">
    <failure type="org.openqa.selenium.WebDriverException" message="disconnected: not connected to DevTools
  (failed to check if window was closed: disconnected: not connected to DevTools)
  (Session info: chrome=117.0.5938.88)
Build info: version: &amp;apos;4.11.0&amp;apos;, revision: &amp;apos;040bc5406b&amp;apos;
System info: os.name: &amp;apos;Windows 11&amp;apos;, os.arch: &amp;apos;amd64&amp;apos;, os.version: &amp;apos;10.0&amp;apos;, java.version: &amp;apos;17.0.5&amp;apos;
Driver info: org.openqa.selenium.chrome.ChromeDriver
Command: [0e79359c4fef6f56ee57b3f0f718a588, screenshot {}]
Capabilities {acceptInsecureCerts: false, browserName: chrome, browserVersion: 117.0.5938.88, chrome: {chromedriverVersion: 117.0.5938.88 (be6afae47212..., userDataDir: C:\Users\ashok\AppData\Loca...}, fedcm:accounts: true, goog:chromeOptions: {debuggerAddress: localhost:56171}, networkConnectionEnabled: false, pageLoadStrategy: normal, platformName: windows, proxy: Proxy(), se:cdp: ws://localhost:56171/devtoo..., se:cdpVersion: 117.0.5938.88, setWindowRect: true, strictFileInteractability: false, timeouts: {implicit: 0, pageLoad: 300000, script: 30000}, unhandledPromptBehavior: dismiss and notify, webauthn:extension:credBlob: true, webauthn:extension:largeBlob: true, webauthn:extension:minPinLength: true, webauthn:extension:prf: true, webauthn:virtualAuthenticators: true}
Session ID: 0e79359c4fef6f56ee57b3f0f718a588">
      <![CDATA[org.openqa.selenium.WebDriverException: disconnected: not connected to DevTools
  (failed to check if window was closed: disconnected: not connected to DevTools)
  (Session info: chrome=117.0.5938.88)
Build info: version: '4.11.0', revision: '040bc5406b'
System info: os.name: 'Windows 11', os.arch: 'amd64', os.version: '10.0', java.version: '17.0.5'
Driver info: org.openqa.selenium.chrome.ChromeDriver
Command: [0e79359c4fef6f56ee57b3f0f718a588, screenshot {}]
Capabilities {acceptInsecureCerts: false, browserName: chrome, browserVersion: 117.0.5938.88, chrome: {chromedriverVersion: 117.0.5938.88 (be6afae47212..., userDataDir: C:\Users\ashok\AppData\Loca...}, fedcm:accounts: true, goog:chromeOptions: {debuggerAddress: localhost:56171}, networkConnectionEnabled: false, pageLoadStrategy: normal, platformName: windows, proxy: Proxy(), se:cdp: ws://localhost:56171/devtoo..., se:cdpVersion: 117.0.5938.88, setWindowRect: true, strictFileInteractability: false, timeouts: {implicit: 0, pageLoad: 300000, script: 30000}, unhandledPromptBehavior: dismiss and notify, webauthn:extension:credBlob: true, webauthn:extension:largeBlob: true, webauthn:extension:minPinLength: true, webauthn:extension:prf: true, webauthn:virtualAuthenticators: true}
Session ID: 0e79359c4fef6f56ee57b3f0f718a588
at org.openqa.selenium.remote.codec.w3c.W3CHttpResponseCodec.createException(W3CHttpResponseCodec.java:200)
at org.openqa.selenium.remote.codec.w3c.W3CHttpResponseCodec.decode(W3CHttpResponseCodec.java:133)
at org.openqa.selenium.remote.codec.w3c.W3CHttpResponseCodec.decode(W3CHttpResponseCodec.java:52)
at org.openqa.selenium.remote.HttpCommandExecutor.execute(HttpCommandExecutor.java:191)
at org.openqa.selenium.remote.service.DriverCommandExecutor.invokeExecute(DriverCommandExecutor.java:196)
at org.openqa.selenium.remote.service.DriverCommandExecutor.execute(DriverCommandExecutor.java:171)
at org.openqa.selenium.remote.RemoteWebDriver.execute(RemoteWebDriver.java:518)
at org.openqa.selenium.remote.RemoteWebDriver.execute(RemoteWebDriver.java:591)
at org.openqa.selenium.remote.RemoteWebDriver.execute(RemoteWebDriver.java:595)
at org.openqa.selenium.remote.RemoteWebDriver.getScreenshotAs(RemoteWebDriver.java:321)
at com.jivi.auto.utilities.ReportUtils.takeScreenShotBASE64(ReportUtils.java:145)
at com.jivi.auto.utilities.ReportUtils.takeScreenShot(ReportUtils.java:115)
at com.jivi.auto.utilities.ReportUtils.takeScreenShotOnFailure(ReportUtils.java:100)
at com.jivi.auto.utilities.ReportUtils.addInfoOnValidations(ReportUtils.java:72)
at com.jivi.auto.utilities.BaseTest.afterMethod(BaseTest.java:180)
at java.base/java.util.ArrayList.forEach(ArrayList.java:1511)
at com.jivi.auto.driver.JiviewsMainClass.main(JiviewsMainClass.java:27)
... Removed 34 stack frames]]>
    </failure>
  </testcase> <!-- @AfterMethod afterMethod -->
  <testcase classname="com.jivi.auto.utilities.BaseTest" name="@BeforeMethod beforeMethod" time="-1.695236219209E9">
    <skipped/>
  </testcase> <!-- @BeforeMethod beforeMethod -->
  <testcase classname="com.jivi.auto.utilities.BaseTest" name="@AfterMethod afterMethod" time="-1.695236219209E9">
    <skipped/>
  </testcase> <!-- @AfterMethod afterMethod -->
  <testcase classname="com.jivi.auto.utilities.BaseTest" name="@BeforeMethod beforeMethod" time="-1.695236219209E9">
    <skipped/>
  </testcase> <!-- @BeforeMethod beforeMethod -->
  <testcase classname="com.jivi.auto.utilities.BaseTest" name="@AfterMethod afterMethod" time="-1.695236219209E9">
    <skipped/>
  </testcase> <!-- @AfterMethod afterMethod -->
  <testcase classname="com.jivi.auto.utilities.BaseTest" name="@BeforeMethod beforeMethod" time="-1.695236219209E9">
    <skipped/>
  </testcase> <!-- @BeforeMethod beforeMethod -->
  <testcase classname="com.jivi.auto.utilities.BaseTest" name="@AfterMethod afterMethod" time="-1.695236219209E9">
    <skipped/>
  </testcase> <!-- @AfterMethod afterMethod -->
  <testcase classname="com.jivi.auto.utilities.BaseTest" name="@BeforeMethod beforeMethod" time="-1.695236219209E9">
    <skipped/>
  </testcase> <!-- @BeforeMethod beforeMethod -->
  <testcase classname="com.jivi.auto.utilities.BaseTest" name="@AfterMethod afterMethod" time="-1.695236219209E9">
    <skipped/>
  </testcase> <!-- @AfterMethod afterMethod -->
  <testcase classname="com.jivi.auto.utilities.BaseTest" name="@BeforeMethod beforeMethod" time="-1.695236219209E9">
    <skipped/>
  </testcase> <!-- @BeforeMethod beforeMethod -->
  <testcase classname="com.jivi.auto.utilities.BaseTest" name="@AfterMethod afterMethod" time="-1.695236219209E9">
    <skipped/>
  </testcase> <!-- @AfterMethod afterMethod -->
  <testcase classname="com.jivi.auto.utilities.BaseTest" name="@BeforeMethod beforeMethod" time="-1.695236219209E9">
    <skipped/>
  </testcase> <!-- @BeforeMethod beforeMethod -->
  <testcase classname="com.jivi.auto.utilities.BaseTest" name="@AfterMethod afterMethod" time="-1.695236219209E9">
    <skipped/>
  </testcase> <!-- @AfterMethod afterMethod -->
  <testcase classname="com.jivi.auto.utilities.BaseTest" name="@BeforeMethod beforeMethod" time="-1.695236219209E9">
    <skipped/>
  </testcase> <!-- @BeforeMethod beforeMethod -->
  <testcase classname="com.jivi.auto.utilities.BaseTest" name="@AfterMethod afterMethod" time="-1.695236219209E9">
    <skipped/>
  </testcase> <!-- @AfterMethod afterMethod -->
  <testcase classname="com.jivi.auto.utilities.BaseTest" name="@BeforeMethod beforeMethod" time="-1.69523621922E9">
    <skipped/>
  </testcase> <!-- @BeforeMethod beforeMethod -->
  <testcase classname="com.jivi.auto.utilities.BaseTest" name="@AfterMethod afterMethod" time="-1.69523621922E9">
    <skipped/>
  </testcase> <!-- @AfterMethod afterMethod -->
  <testcase classname="com.jivi.auto.utilities.BaseTest" name="@BeforeMethod beforeMethod" time="-1.69523621922E9">
    <skipped/>
  </testcase> <!-- @BeforeMethod beforeMethod -->
  <testcase classname="com.jivi.auto.utilities.BaseTest" name="@AfterMethod afterMethod" time="-1.69523621922E9">
    <skipped/>
  </testcase> <!-- @AfterMethod afterMethod -->
  <testcase classname="com.jivi.auto.utilities.BaseTest" name="@BeforeMethod beforeMethod" time="-1.69523621922E9">
    <skipped/>
  </testcase> <!-- @BeforeMethod beforeMethod -->
  <testcase classname="com.jivi.auto.utilities.BaseTest" name="@AfterMethod afterMethod" time="-1.695236219221E9">
    <skipped/>
  </testcase> <!-- @AfterMethod afterMethod -->
  <testcase classname="com.jivi.auto.utilities.BaseTest" name="@BeforeMethod beforeMethod" time="-1.695236219221E9">
    <skipped/>
  </testcase> <!-- @BeforeMethod beforeMethod -->
  <testcase classname="com.jivi.auto.utilities.BaseTest" name="@AfterMethod afterMethod" time="-1.695236219221E9">
    <skipped/>
  </testcase> <!-- @AfterMethod afterMethod -->
  <testcase classname="com.jivi.auto.utilities.BaseTest" name="@BeforeMethod beforeMethod" time="-1.695236219221E9">
    <skipped/>
  </testcase> <!-- @BeforeMethod beforeMethod -->
  <testcase classname="com.jivi.auto.utilities.BaseTest" name="@AfterMethod afterMethod" time="-1.695236219221E9">
    <skipped/>
  </testcase> <!-- @AfterMethod afterMethod -->
  <testcase classname="com.jivi.auto.utilities.BaseTest" name="@BeforeMethod beforeMethod" time="-1.695236219221E9">
    <skipped/>
  </testcase> <!-- @BeforeMethod beforeMethod -->
  <testcase classname="com.jivi.auto.utilities.BaseTest" name="@AfterMethod afterMethod" time="-1.695236219221E9">
    <skipped/>
  </testcase> <!-- @AfterMethod afterMethod -->
  <testcase classname="com.jivi.auto.utilities.BaseTest" name="@AfterClass afterClass" time="-1.695236219221E9">
    <skipped/>
  </testcase> <!-- @AfterClass afterClass -->
  <testcase classname="com.jivi.auto.employeetest.JiViewsEmployeeAdministrationTest" name="VerifyEmpAddinEmpProfile" time="35.871"/>
  <testcase classname="com.jivi.auto.employeetest.JiViewsEmployeeAdministrationTest" name="VerifyEmpAddinEmpProfileAlreadyExist" time="30.27"/>
  <testcase classname="com.jivi.auto.employeetest.JiViewsEmployeeAdministrationTest" name="VerifEmpIDSerach" time="24.911"/>
  <testcase classname="com.jivi.auto.employeetest.JiViewsEmployeeAdministrationTest" name="VerifEmpNameSearch" time="51.11">
    <failure type="org.openqa.selenium.WebDriverException" message="disconnected: not connected to DevTools
  (failed to check if window was closed: disconnected: not connected to DevTools)
  (Session info: chrome=117.0.5938.88)
Build info: version: &amp;apos;4.11.0&amp;apos;, revision: &amp;apos;040bc5406b&amp;apos;
System info: os.name: &amp;apos;Windows 11&amp;apos;, os.arch: &amp;apos;amd64&amp;apos;, os.version: &amp;apos;10.0&amp;apos;, java.version: &amp;apos;17.0.5&amp;apos;
Driver info: org.openqa.selenium.chrome.ChromeDriver
Command: [0e79359c4fef6f56ee57b3f0f718a588, findElement {using=xpath, value=//*[text()=&amp;apos;Employee Administration&amp;apos;]}]
Capabilities {acceptInsecureCerts: false, browserName: chrome, browserVersion: 117.0.5938.88, chrome: {chromedriverVersion: 117.0.5938.88 (be6afae47212..., userDataDir: C:\Users\ashok\AppData\Loca...}, fedcm:accounts: true, goog:chromeOptions: {debuggerAddress: localhost:56171}, networkConnectionEnabled: false, pageLoadStrategy: normal, platformName: windows, proxy: Proxy(), se:cdp: ws://localhost:56171/devtoo..., se:cdpVersion: 117.0.5938.88, setWindowRect: true, strictFileInteractability: false, timeouts: {implicit: 0, pageLoad: 300000, script: 30000}, unhandledPromptBehavior: dismiss and notify, webauthn:extension:credBlob: true, webauthn:extension:largeBlob: true, webauthn:extension:minPinLength: true, webauthn:extension:prf: true, webauthn:virtualAuthenticators: true}
Session ID: 0e79359c4fef6f56ee57b3f0f718a588">
      <![CDATA[org.openqa.selenium.WebDriverException: disconnected: not connected to DevTools
  (failed to check if window was closed: disconnected: not connected to DevTools)
  (Session info: chrome=117.0.5938.88)
Build info: version: '4.11.0', revision: '040bc5406b'
System info: os.name: 'Windows 11', os.arch: 'amd64', os.version: '10.0', java.version: '17.0.5'
Driver info: org.openqa.selenium.chrome.ChromeDriver
Command: [0e79359c4fef6f56ee57b3f0f718a588, findElement {using=xpath, value=//*[text()='Employee Administration']}]
Capabilities {acceptInsecureCerts: false, browserName: chrome, browserVersion: 117.0.5938.88, chrome: {chromedriverVersion: 117.0.5938.88 (be6afae47212..., userDataDir: C:\Users\ashok\AppData\Loca...}, fedcm:accounts: true, goog:chromeOptions: {debuggerAddress: localhost:56171}, networkConnectionEnabled: false, pageLoadStrategy: normal, platformName: windows, proxy: Proxy(), se:cdp: ws://localhost:56171/devtoo..., se:cdpVersion: 117.0.5938.88, setWindowRect: true, strictFileInteractability: false, timeouts: {implicit: 0, pageLoad: 300000, script: 30000}, unhandledPromptBehavior: dismiss and notify, webauthn:extension:credBlob: true, webauthn:extension:largeBlob: true, webauthn:extension:minPinLength: true, webauthn:extension:prf: true, webauthn:virtualAuthenticators: true}
Session ID: 0e79359c4fef6f56ee57b3f0f718a588
at org.openqa.selenium.remote.codec.w3c.W3CHttpResponseCodec.createException(W3CHttpResponseCodec.java:200)
at org.openqa.selenium.remote.codec.w3c.W3CHttpResponseCodec.decode(W3CHttpResponseCodec.java:133)
at org.openqa.selenium.remote.codec.w3c.W3CHttpResponseCodec.decode(W3CHttpResponseCodec.java:52)
at org.openqa.selenium.remote.HttpCommandExecutor.execute(HttpCommandExecutor.java:191)
at org.openqa.selenium.remote.service.DriverCommandExecutor.invokeExecute(DriverCommandExecutor.java:196)
at org.openqa.selenium.remote.service.DriverCommandExecutor.execute(DriverCommandExecutor.java:171)
at org.openqa.selenium.remote.RemoteWebDriver.execute(RemoteWebDriver.java:518)
at org.openqa.selenium.remote.ElementLocation$ElementFinder$2.findElement(ElementLocation.java:165)
at org.openqa.selenium.remote.ElementLocation.findElement(ElementLocation.java:59)
at org.openqa.selenium.remote.RemoteWebDriver.findElement(RemoteWebDriver.java:355)
at org.openqa.selenium.remote.RemoteWebDriver.findElement(RemoteWebDriver.java:349)
at org.openqa.selenium.support.pagefactory.DefaultElementLocator.findElement(DefaultElementLocator.java:68)
at org.openqa.selenium.support.pagefactory.internal.LocatingElementHandler.invoke(LocatingElementHandler.java:38)
at jdk.proxy2/jdk.proxy2.$Proxy22.isDisplayed(Unknown Source)
at org.openqa.selenium.support.ui.ExpectedConditions.elementIfVisible(ExpectedConditions.java:304)
at org.openqa.selenium.support.ui.ExpectedConditions.access$000(ExpectedConditions.java:37)
at org.openqa.selenium.support.ui.ExpectedConditions$10.apply(ExpectedConditions.java:290)
at org.openqa.selenium.support.ui.ExpectedConditions$10.apply(ExpectedConditions.java:287)
at org.openqa.selenium.support.ui.FluentWait.until(FluentWait.java:205)
at com.jivi.auto.pageobjectutils.POMCommon.waitUntilElementIsVisible(POMCommon.java:48)
at com.jivi.auto.pageobjectutils.POMCommon.getObject(POMCommon.java:32)
at com.jivi.auto.pageobjectutils.WebElementKeys.click(WebElementKeys.java:57)
at com.jivi.auto.employeepages.JiViewsEmployeeAdministration.empSearchByName(JiViewsEmployeeAdministration.java:775)
at com.jivi.auto.employeetest.JiViewsEmployeeAdministrationTest.VerifEmpNameSearch(JiViewsEmployeeAdministrationTest.java:283)
at java.base/java.util.ArrayList.forEach(ArrayList.java:1511)
at com.jivi.auto.driver.JiviewsMainClass.main(JiviewsMainClass.java:27)
... Removed 29 stack frames]]>
    </failure>
  </testcase> <!-- VerifEmpNameSearch -->
  <testcase classname="com.jivi.auto.employeetest.JiViewsEmployeeAdministrationTest" name="VerifyEmpUpdate" time="0.0">
    <skipped/>
  </testcase> <!-- VerifyEmpUpdate -->
  <testcase classname="com.jivi.auto.employeetest.JiViewsEmployeeAdministrationTest" name="VerifyEmpUpdateDuplicate" time="0.0">
    <skipped/>
  </testcase> <!-- VerifyEmpUpdateDuplicate -->
  <testcase classname="com.jivi.auto.employeetest.JiViewsEmployeeAdministrationTest" name="VerifyEmpUpdateContactsPositive" time="0.0">
    <skipped/>
  </testcase> <!-- VerifyEmpUpdateContactsPositive -->
  <testcase classname="com.jivi.auto.employeetest.JiViewsEmployeeAdministrationTest" name="VerifyEmpUpdateContactsNegative" time="0.0">
    <skipped/>
  </testcase> <!-- VerifyEmpUpdateContactsNegative -->
  <testcase classname="com.jivi.auto.employeetest.JiViewsEmployeeAdministrationTest" name="VerifyEmpUpdateExcludedSkillsPositive" time="0.0">
    <skipped/>
  </testcase> <!-- VerifyEmpUpdateExcludedSkillsPositive -->
  <testcase classname="com.jivi.auto.employeetest.JiViewsEmployeeAdministrationTest" name="VerifyEmpUpdateExcludedSkillsNegative" time="0.0">
    <skipped/>
  </testcase> <!-- VerifyEmpUpdateExcludedSkillsNegative -->
  <testcase classname="com.jivi.auto.employeetest.JiViewsEmployeeAdministrationTest" name="VerifyEmpUpdateAddRolesPositive" time="0.0">
    <skipped/>
  </testcase> <!-- VerifyEmpUpdateAddRolesPositive -->
  <testcase classname="com.jivi.auto.employeetest.JiViewsEmployeeAdministrationTest" name="VerifyEmpUpdateAddRolesNegative" time="0.0">
    <skipped/>
  </testcase> <!-- VerifyEmpUpdateAddRolesNegative -->
  <testcase classname="com.jivi.auto.employeetest.JiViewsEmployeeAdministrationTest" name="VerifyEmpUpdateSecurity" time="0.0">
    <skipped/>
  </testcase> <!-- VerifyEmpUpdateSecurity -->
  <testcase classname="com.jivi.auto.employeetest.JiViewsEmployeeAdministrationTest" name="VerifyEmpUpdateESS" time="0.0">
    <skipped/>
  </testcase> <!-- VerifyEmpUpdateESS -->
  <testcase classname="com.jivi.auto.employeetest.JiViewsEmployeeAdministrationTest" name="VerifyEmpUpdateMisc" time="0.0">
    <skipped/>
  </testcase> <!-- VerifyEmpUpdateMisc -->
  <testcase classname="com.jivi.auto.employeetest.JiViewsEmployeeAdministrationTest" name="VerifyLoginwithNewEmployee" time="0.0">
    <skipped/>
  </testcase> <!-- VerifyLoginwithNewEmployee -->
  <testcase classname="com.jivi.auto.employeetest.JiViewsEmployeeAdministrationTest" name="VerifyEmpProCreationFiveEmp" time="0.0">
    <skipped/>
  </testcase> <!-- VerifyEmpProCreationFiveEmp -->
  <testcase classname="com.jivi.auto.employeetest.JiViewsEmployeeAdministrationTest" name="VerifyLoginwTermindatedEmp" time="0.0">
    <ignored/>
  </testcase> <!-- VerifyLoginwTermindatedEmp -->
  <testcase classname="com.jivi.auto.employeetest.JiViewsEmployeeAdministrationTest" name="VerifyTerminateEmployee" time="0.0">
    <ignored/>
  </testcase> <!-- VerifyTerminateEmployee -->
  <testcase classname="com.jivi.auto.employeetest.JiViewsEmployeeAdministrationTest" name="VerifyEmpAdd" time="0.0">
    <ignored/>
  </testcase> <!-- VerifyEmpAdd -->
  <testcase classname="com.jivi.auto.employeetest.JiViewsEmployeeAdministrationTest" name="VerifySkillAdd" time="0.0">
    <ignored/>
  </testcase> <!-- VerifySkillAdd -->
  <testcase classname="com.jivi.auto.employeetest.JiViewsEmployeeAdministrationTest" name="VerifyEmpCategory" time="0.0">
    <ignored/>
  </testcase> <!-- VerifyEmpCategory -->
  <testcase classname="com.jivi.auto.employeetest.JiViewsEmployeeAdministrationTest" name="VerifyTesting" time="0.0">
    <ignored/>
  </testcase> <!-- VerifyTesting -->
  <testcase classname="com.jivi.auto.employeetest.JiViewsEmployeeAdministrationTest" name="VerifyLogin" time="0.0">
    <ignored/>
  </testcase> <!-- VerifyLogin -->
  <testcase classname="com.jivi.auto.employeetest.JiViewsEmployeeAdministrationTest" name="VerifyRolesAdd" time="0.0">
    <ignored/>
  </testcase> <!-- VerifyRolesAdd -->
</testsuite> <!-- Test1 -->
