<?xml version="1.0" encoding="UTF-8"?>
<testng-results ignored="1" total="2" passed="1" failed="0" skipped="0">
  <reporter-output>
  </reporter-output>
  <suite started-at="2023-06-22T10:13:43 IST" name="Default suite" finished-at="2023-06-22T10:15:21 IST" duration-ms="98111">
    <groups>
    </groups>
    <test started-at="2023-06-22T10:13:43 IST" name="Default test" finished-at="2023-06-22T10:15:21 IST" duration-ms="98111">
      <class name="com.jivi.auto.employeetest.HSSEPlanner">
        <test-method is-config="true" signature="beforeSuiteSetup()[pri:0, instance:com.jivi.auto.employeetest.HSSEPlanner@108531c2]" started-at="2023-06-22T10:13:42 IST" name="beforeSuiteSetup" finished-at="2023-06-22T10:13:43 IST" duration-ms="295" status="PASS">
          <reporter-output>
          </reporter-output>
        </test-method> <!-- beforeSuiteSetup -->
        <test-method is-config="true" signature="setUpClass()[pri:0, instance:com.jivi.auto.employeetest.HSSEPlanner@108531c2]" started-at="2023-06-22T10:13:43 IST" name="setUpClass" finished-at="2023-06-22T10:13:43 IST" duration-ms="6" status="PASS">
          <reporter-output>
          </reporter-output>
        </test-method> <!-- setUpClass -->
        <test-method is-config="true" signature="beforeMethod(java.lang.reflect.Method)[pri:0, instance:com.jivi.auto.employeetest.HSSEPlanner@108531c2]" started-at="2023-06-22T10:13:43 IST" name="beforeMethod" finished-at="2023-06-22T10:13:44 IST" duration-ms="1572" status="PASS">
          <params>
            <param index="0">
              <value>
                <![CDATA[public void com.jivi.auto.employeetest.HSSEPlanner.createHSSEPlanningAlreadyDeployedShift() throws java.lang.Exception]]>
              </value>
            </param>
          </params>
          <reporter-output>
          </reporter-output>
        </test-method> <!-- beforeMethod -->
        <test-method signature="createHSSEPlanningAlreadyDeployedShift()[pri:0, instance:com.jivi.auto.employeetest.HSSEPlanner@108531c2]" started-at="2023-06-22T10:13:44 IST" name="createHSSEPlanningAlreadyDeployedShift" finished-at="2023-06-22T10:15:19 IST" duration-ms="94671" status="PASS">
          <reporter-output>
          </reporter-output>
        </test-method> <!-- createHSSEPlanningAlreadyDeployedShift -->
        <test-method is-config="true" signature="afterMethod(org.testng.ITestResult)[pri:0, instance:com.jivi.auto.employeetest.HSSEPlanner@108531c2]" started-at="2023-06-22T10:15:19 IST" name="afterMethod" finished-at="2023-06-22T10:15:21 IST" duration-ms="1659" status="PASS">
          <params>
            <param index="0">
              <value>
                <![CDATA[[TestResult name=createHSSEPlanningAlreadyDeployedShift status=SUCCESS method=HSSEPlanner.createHSSEPlanningAlreadyDeployedShift()[pri:0, instance:com.jivi.auto.employeetest.HSSEPlanner@108531c2] output={null}]]]>
              </value>
            </param>
          </params>
          <reporter-output>
          </reporter-output>
        </test-method> <!-- afterMethod -->
        <test-method is-config="true" signature="afterClass()[pri:0, instance:com.jivi.auto.employeetest.HSSEPlanner@108531c2]" started-at="2023-06-22T10:15:21 IST" name="afterClass" finished-at="2023-06-22T10:15:21 IST" duration-ms="0" status="PASS">
          <reporter-output>
          </reporter-output>
        </test-method> <!-- afterClass -->
        <test-method is-config="true" signature="afterTestSuite()[pri:0, instance:com.jivi.auto.employeetest.HSSEPlanner@108531c2]" started-at="2023-06-22T10:15:21 IST" name="afterTestSuite" finished-at="2023-06-22T10:15:21 IST" duration-ms="26" status="PASS">
          <reporter-output>
          </reporter-output>
        </test-method> <!-- afterTestSuite -->
      </class> <!-- com.jivi.auto.employeetest.HSSEPlanner -->
    </test> <!-- Default test -->
  </suite> <!-- Default suite -->
</testng-results>
