<?xml version="1.0" encoding="UTF-8"?>
<testng-results ignored="0" total="1" passed="1" failed="0" skipped="0">
  <reporter-output>
  </reporter-output>
  <suite started-at="2023-05-19T09:16:36 IST" name="Default suite" finished-at="2023-05-19T09:17:55 IST" duration-ms="78497">
    <groups>
    </groups>
    <test started-at="2023-05-19T09:16:36 IST" name="Default test" finished-at="2023-05-19T09:17:55 IST" duration-ms="78497">
      <class name="com.jivi.auto.employeetest.TimeAndAttendanceTest">
        <test-method is-config="true" signature="beforeSuiteSetup()[pri:0, instance:com.jivi.auto.employeetest.TimeAndAttendanceTest@70e02081]" started-at="2023-05-19T09:16:36 IST" name="beforeSuiteSetup" finished-at="2023-05-19T09:16:36 IST" duration-ms="385" status="PASS">
          <reporter-output>
          </reporter-output>
        </test-method> <!-- beforeSuiteSetup -->
        <test-method is-config="true" signature="setUpClass()[pri:0, instance:com.jivi.auto.employeetest.TimeAndAttendanceTest@70e02081]" started-at="2023-05-19T09:16:37 IST" name="setUpClass" finished-at="2023-05-19T09:16:37 IST" duration-ms="5" status="PASS">
          <reporter-output>
          </reporter-output>
        </test-method> <!-- setUpClass -->
        <test-method is-config="true" signature="beforeMethod(java.lang.reflect.Method)[pri:0, instance:com.jivi.auto.employeetest.TimeAndAttendanceTest@70e02081]" started-at="2023-05-19T09:16:37 IST" name="beforeMethod" finished-at="2023-05-19T09:16:38 IST" duration-ms="1845" status="PASS">
          <params>
            <param index="0">
              <value>
                <![CDATA[public void com.jivi.auto.employeetest.TimeAndAttendanceTest.attendaceRecon() throws java.lang.Exception]]>
              </value>
            </param>
          </params>
          <reporter-output>
          </reporter-output>
        </test-method> <!-- beforeMethod -->
        <test-method signature="attendaceRecon()[pri:0, instance:com.jivi.auto.employeetest.TimeAndAttendanceTest@70e02081]" started-at="2023-05-19T09:16:38 IST" name="attendaceRecon" finished-at="2023-05-19T09:17:54 IST" duration-ms="75890" status="PASS">
          <reporter-output>
          </reporter-output>
        </test-method> <!-- attendaceRecon -->
        <test-method is-config="true" signature="afterMethod(org.testng.ITestResult)[pri:0, instance:com.jivi.auto.employeetest.TimeAndAttendanceTest@70e02081]" started-at="2023-05-19T09:17:54 IST" name="afterMethod" finished-at="2023-05-19T09:17:55 IST" duration-ms="510" status="PASS">
          <params>
            <param index="0">
              <value>
                <![CDATA[[TestResult name=attendaceRecon status=SUCCESS method=TimeAndAttendanceTest.attendaceRecon()[pri:0, instance:com.jivi.auto.employeetest.TimeAndAttendanceTest@70e02081] output={null}]]]>
              </value>
            </param>
          </params>
          <reporter-output>
          </reporter-output>
        </test-method> <!-- afterMethod -->
        <test-method is-config="true" signature="afterClass()[pri:0, instance:com.jivi.auto.employeetest.TimeAndAttendanceTest@70e02081]" started-at="2023-05-19T09:17:55 IST" name="afterClass" finished-at="2023-05-19T09:17:55 IST" duration-ms="0" status="PASS">
          <reporter-output>
          </reporter-output>
        </test-method> <!-- afterClass -->
        <test-method is-config="true" signature="afterTestSuite()[pri:0, instance:com.jivi.auto.employeetest.TimeAndAttendanceTest@70e02081]" started-at="2023-05-19T09:17:55 IST" name="afterTestSuite" finished-at="2023-05-19T09:17:55 IST" duration-ms="16" status="PASS">
          <reporter-output>
          </reporter-output>
        </test-method> <!-- afterTestSuite -->
      </class> <!-- com.jivi.auto.employeetest.TimeAndAttendanceTest -->
    </test> <!-- Default test -->
  </suite> <!-- Default suite -->
</testng-results>
