<?xml version="1.0" encoding="UTF-8"?>
<testng-results ignored="33" total="71" passed="26" failed="6" skipped="6">
  <reporter-output>
  </reporter-output>
  <suite started-at="2023-06-19T06:49:47 IST" name="Suite" finished-at="2023-06-19T07:27:06 IST" duration-ms="2238965">
    <groups>
    </groups>
    <test started-at="2023-06-19T06:49:47 IST" name="Test1" finished-at="2023-06-19T06:53:00 IST" duration-ms="192871">
      <class name="com.jivi.auto.employeetest.JiViewsSystemDefinitionsTest">
        <test-method is-config="true" signature="setUpClass()[pri:0, instance:com.jivi.auto.employeetest.JiViewsSystemDefinitionsTest@2dcd0e41]" started-at="2023-06-19T06:49:47 IST" name="setUpClass" finished-at="2023-06-19T06:49:47 IST" duration-ms="6" status="PASS">
          <reporter-output>
          </reporter-output>
        </test-method> <!-- setUpClass -->
        <test-method is-config="true" signature="beforeMethod(java.lang.reflect.Method)[pri:0, instance:com.jivi.auto.employeetest.JiViewsSystemDefinitionsTest@2dcd0e41]" started-at="2023-06-19T06:49:47 IST" name="beforeMethod" finished-at="2023-06-19T06:49:52 IST" duration-ms="5280" status="PASS">
          <params>
            <param index="0">
              <value>
                <![CDATA[public void com.jivi.auto.employeetest.JiViewsSystemDefinitionsTest.VerifyLogin() throws java.lang.Exception]]>
              </value>
            </param>
          </params>
          <reporter-output>
          </reporter-output>
        </test-method> <!-- beforeMethod -->
        <test-method signature="VerifyLogin()[pri:0, instance:com.jivi.auto.employeetest.JiViewsSystemDefinitionsTest@2dcd0e41]" started-at="2023-06-19T06:49:52 IST" name="VerifyLogin" finished-at="2023-06-19T06:50:34 IST" duration-ms="41637" status="PASS">
          <reporter-output>
          </reporter-output>
        </test-method> <!-- VerifyLogin -->
        <test-method is-config="true" signature="afterMethod(org.testng.ITestResult)[pri:0, instance:com.jivi.auto.employeetest.JiViewsSystemDefinitionsTest@2dcd0e41]" started-at="2023-06-19T06:50:34 IST" name="afterMethod" finished-at="2023-06-19T06:50:35 IST" duration-ms="1252" status="PASS">
          <params>
            <param index="0">
              <value>
                <![CDATA[[TestResult name=VerifyLogin status=SUCCESS method=JiViewsSystemDefinitionsTest.VerifyLogin()[pri:0, instance:com.jivi.auto.employeetest.JiViewsSystemDefinitionsTest@2dcd0e41] output={null}]]]>
              </value>
            </param>
          </params>
          <reporter-output>
          </reporter-output>
        </test-method> <!-- afterMethod -->
        <test-method is-config="true" signature="beforeMethod(java.lang.reflect.Method)[pri:0, instance:com.jivi.auto.employeetest.JiViewsSystemDefinitionsTest@2dcd0e41]" started-at="2023-06-19T06:50:35 IST" name="beforeMethod" finished-at="2023-06-19T06:50:36 IST" duration-ms="1081" status="PASS">
          <params>
            <param index="0">
              <value>
                <![CDATA[public void com.jivi.auto.employeetest.JiViewsSystemDefinitionsTest.VerifyEmpCategory() throws java.lang.Exception]]>
              </value>
            </param>
          </params>
          <reporter-output>
          </reporter-output>
        </test-method> <!-- beforeMethod -->
        <test-method signature="VerifyEmpCategory()[pri:0, instance:com.jivi.auto.employeetest.JiViewsSystemDefinitionsTest@2dcd0e41]" started-at="2023-06-19T06:50:36 IST" name="VerifyEmpCategory" finished-at="2023-06-19T06:51:12 IST" duration-ms="35847" status="PASS">
          <reporter-output>
          </reporter-output>
        </test-method> <!-- VerifyEmpCategory -->
        <test-method is-config="true" signature="afterMethod(org.testng.ITestResult)[pri:0, instance:com.jivi.auto.employeetest.JiViewsSystemDefinitionsTest@2dcd0e41]" started-at="2023-06-19T06:51:12 IST" name="afterMethod" finished-at="2023-06-19T06:51:13 IST" duration-ms="527" status="PASS">
          <params>
            <param index="0">
              <value>
                <![CDATA[[TestResult name=VerifyEmpCategory status=SUCCESS method=JiViewsSystemDefinitionsTest.VerifyEmpCategory()[pri:0, instance:com.jivi.auto.employeetest.JiViewsSystemDefinitionsTest@2dcd0e41] output={null}]]]>
              </value>
            </param>
          </params>
          <reporter-output>
          </reporter-output>
        </test-method> <!-- afterMethod -->
        <test-method is-config="true" signature="beforeMethod(java.lang.reflect.Method)[pri:0, instance:com.jivi.auto.employeetest.JiViewsSystemDefinitionsTest@2dcd0e41]" started-at="2023-06-19T06:51:13 IST" name="beforeMethod" finished-at="2023-06-19T06:51:14 IST" duration-ms="1037" status="PASS">
          <params>
            <param index="0">
              <value>
                <![CDATA[public void com.jivi.auto.employeetest.JiViewsSystemDefinitionsTest.VerifyEmpAdd() throws java.lang.Exception]]>
              </value>
            </param>
          </params>
          <reporter-output>
          </reporter-output>
        </test-method> <!-- beforeMethod -->
        <test-method signature="VerifyEmpAdd()[pri:0, instance:com.jivi.auto.employeetest.JiViewsSystemDefinitionsTest@2dcd0e41]" started-at="2023-06-19T06:51:14 IST" name="VerifyEmpAdd" finished-at="2023-06-19T06:51:47 IST" duration-ms="33049" status="PASS">
          <reporter-output>
          </reporter-output>
        </test-method> <!-- VerifyEmpAdd -->
        <test-method is-config="true" signature="afterMethod(org.testng.ITestResult)[pri:0, instance:com.jivi.auto.employeetest.JiViewsSystemDefinitionsTest@2dcd0e41]" started-at="2023-06-19T06:51:47 IST" name="afterMethod" finished-at="2023-06-19T06:51:47 IST" duration-ms="348" status="PASS">
          <params>
            <param index="0">
              <value>
                <![CDATA[[TestResult name=VerifyEmpAdd status=SUCCESS method=JiViewsSystemDefinitionsTest.VerifyEmpAdd()[pri:0, instance:com.jivi.auto.employeetest.JiViewsSystemDefinitionsTest@2dcd0e41] output={null}]]]>
              </value>
            </param>
          </params>
          <reporter-output>
          </reporter-output>
        </test-method> <!-- afterMethod -->
        <test-method is-config="true" signature="beforeMethod(java.lang.reflect.Method)[pri:0, instance:com.jivi.auto.employeetest.JiViewsSystemDefinitionsTest@2dcd0e41]" started-at="2023-06-19T06:51:47 IST" name="beforeMethod" finished-at="2023-06-19T06:51:48 IST" duration-ms="1073" status="PASS">
          <params>
            <param index="0">
              <value>
                <![CDATA[public void com.jivi.auto.employeetest.JiViewsSystemDefinitionsTest.VerifySkillAdd() throws java.lang.Exception]]>
              </value>
            </param>
          </params>
          <reporter-output>
          </reporter-output>
        </test-method> <!-- beforeMethod -->
        <test-method signature="VerifySkillAdd()[pri:0, instance:com.jivi.auto.employeetest.JiViewsSystemDefinitionsTest@2dcd0e41]" started-at="2023-06-19T06:51:48 IST" name="VerifySkillAdd" finished-at="2023-06-19T06:52:26 IST" duration-ms="37959" status="PASS">
          <reporter-output>
          </reporter-output>
        </test-method> <!-- VerifySkillAdd -->
        <test-method is-config="true" signature="afterMethod(org.testng.ITestResult)[pri:0, instance:com.jivi.auto.employeetest.JiViewsSystemDefinitionsTest@2dcd0e41]" started-at="2023-06-19T06:52:26 IST" name="afterMethod" finished-at="2023-06-19T06:52:27 IST" duration-ms="419" status="PASS">
          <params>
            <param index="0">
              <value>
                <![CDATA[[TestResult name=VerifySkillAdd status=SUCCESS method=JiViewsSystemDefinitionsTest.VerifySkillAdd()[pri:0, instance:com.jivi.auto.employeetest.JiViewsSystemDefinitionsTest@2dcd0e41] output={null}]]]>
              </value>
            </param>
          </params>
          <reporter-output>
          </reporter-output>
        </test-method> <!-- afterMethod -->
        <test-method is-config="true" signature="beforeMethod(java.lang.reflect.Method)[pri:0, instance:com.jivi.auto.employeetest.JiViewsSystemDefinitionsTest@2dcd0e41]" started-at="2023-06-19T06:52:27 IST" name="beforeMethod" finished-at="2023-06-19T06:52:28 IST" duration-ms="1127" status="PASS">
          <params>
            <param index="0">
              <value>
                <![CDATA[public void com.jivi.auto.employeetest.JiViewsSystemDefinitionsTest.VerifyRolesAdd() throws java.lang.Exception]]>
              </value>
            </param>
          </params>
          <reporter-output>
          </reporter-output>
        </test-method> <!-- beforeMethod -->
        <test-method signature="VerifyRolesAdd()[pri:0, instance:com.jivi.auto.employeetest.JiViewsSystemDefinitionsTest@2dcd0e41]" started-at="2023-06-19T06:52:28 IST" name="VerifyRolesAdd" finished-at="2023-06-19T06:52:59 IST" duration-ms="31423" status="PASS">
          <reporter-output>
          </reporter-output>
        </test-method> <!-- VerifyRolesAdd -->
        <test-method is-config="true" signature="afterMethod(org.testng.ITestResult)[pri:0, instance:com.jivi.auto.employeetest.JiViewsSystemDefinitionsTest@2dcd0e41]" started-at="2023-06-19T06:52:59 IST" name="afterMethod" finished-at="2023-06-19T06:53:00 IST" duration-ms="460" status="PASS">
          <params>
            <param index="0">
              <value>
                <![CDATA[[TestResult name=VerifyRolesAdd status=SUCCESS method=JiViewsSystemDefinitionsTest.VerifyRolesAdd()[pri:0, instance:com.jivi.auto.employeetest.JiViewsSystemDefinitionsTest@2dcd0e41] output={null}]]]>
              </value>
            </param>
          </params>
          <reporter-output>
          </reporter-output>
        </test-method> <!-- afterMethod -->
        <test-method is-config="true" signature="afterClass()[pri:0, instance:com.jivi.auto.employeetest.JiViewsSystemDefinitionsTest@2dcd0e41]" started-at="2023-06-19T06:53:00 IST" name="afterClass" finished-at="2023-06-19T06:53:00 IST" duration-ms="0" status="PASS">
          <reporter-output>
          </reporter-output>
        </test-method> <!-- afterClass -->
      </class> <!-- com.jivi.auto.employeetest.JiViewsSystemDefinitionsTest -->
    </test> <!-- Test1 -->
    <test started-at="2023-06-19T06:53:00 IST" name="Test2" finished-at="2023-06-19T07:16:12 IST" duration-ms="1391746">
      <class name="com.jivi.auto.employeetest.JiViewsEmployeeAdministrationTest">
        <test-method is-config="true" signature="beforeMethod(java.lang.reflect.Method)[pri:0, instance:com.jivi.auto.employeetest.JiViewsEmployeeAdministrationTest@46d51d5e]" started-at="2023-06-19T06:53:00 IST" name="beforeMethod" finished-at="2023-06-19T06:53:01 IST" duration-ms="1077" status="PASS">
          <params>
            <param index="0">
              <value>
                <![CDATA[public void com.jivi.auto.employeetest.JiViewsEmployeeAdministrationTest.VerifyEmpAddinEmpProfile() throws java.lang.Exception]]>
              </value>
            </param>
          </params>
          <reporter-output>
          </reporter-output>
        </test-method> <!-- beforeMethod -->
        <test-method is-config="true" signature="setUpClass()[pri:0, instance:com.jivi.auto.employeetest.JiViewsEmployeeAdministrationTest@46d51d5e]" started-at="2023-06-19T06:53:00 IST" name="setUpClass" finished-at="2023-06-19T06:53:00 IST" duration-ms="0" status="PASS">
          <reporter-output>
          </reporter-output>
        </test-method> <!-- setUpClass -->
        <test-method signature="VerifyEmpAddinEmpProfile()[pri:0, instance:com.jivi.auto.employeetest.JiViewsEmployeeAdministrationTest@46d51d5e]" started-at="2023-06-19T06:53:01 IST" name="VerifyEmpAddinEmpProfile" finished-at="2023-06-19T06:54:09 IST" duration-ms="67890" status="PASS">
          <reporter-output>
          </reporter-output>
        </test-method> <!-- VerifyEmpAddinEmpProfile -->
        <test-method is-config="true" signature="afterMethod(org.testng.ITestResult)[pri:0, instance:com.jivi.auto.employeetest.JiViewsEmployeeAdministrationTest@46d51d5e]" started-at="2023-06-19T06:54:09 IST" name="afterMethod" finished-at="2023-06-19T06:54:09 IST" duration-ms="423" status="PASS">
          <params>
            <param index="0">
              <value>
                <![CDATA[[TestResult name=VerifyEmpAddinEmpProfile status=SUCCESS method=JiViewsEmployeeAdministrationTest.VerifyEmpAddinEmpProfile()[pri:0, instance:com.jivi.auto.employeetest.JiViewsEmployeeAdministrationTest@46d51d5e] output={null}]]]>
              </value>
            </param>
          </params>
          <reporter-output>
          </reporter-output>
        </test-method> <!-- afterMethod -->
        <test-method is-config="true" signature="beforeMethod(java.lang.reflect.Method)[pri:0, instance:com.jivi.auto.employeetest.JiViewsEmployeeAdministrationTest@46d51d5e]" started-at="2023-06-19T06:54:09 IST" name="beforeMethod" finished-at="2023-06-19T06:54:10 IST" duration-ms="977" status="PASS">
          <params>
            <param index="0">
              <value>
                <![CDATA[public void com.jivi.auto.employeetest.JiViewsEmployeeAdministrationTest.VerifyEmpAddinEmpProfileAlreadyExist() throws java.lang.Exception]]>
              </value>
            </param>
          </params>
          <reporter-output>
          </reporter-output>
        </test-method> <!-- beforeMethod -->
        <test-method signature="VerifyEmpAddinEmpProfileAlreadyExist()[pri:0, instance:com.jivi.auto.employeetest.JiViewsEmployeeAdministrationTest@46d51d5e]" started-at="2023-06-19T06:54:10 IST" name="VerifyEmpAddinEmpProfileAlreadyExist" finished-at="2023-06-19T06:55:25 IST" duration-ms="74392" status="PASS">
          <reporter-output>
          </reporter-output>
        </test-method> <!-- VerifyEmpAddinEmpProfileAlreadyExist -->
        <test-method is-config="true" signature="afterMethod(org.testng.ITestResult)[pri:0, instance:com.jivi.auto.employeetest.JiViewsEmployeeAdministrationTest@46d51d5e]" started-at="2023-06-19T06:55:25 IST" name="afterMethod" finished-at="2023-06-19T06:55:25 IST" duration-ms="529" status="PASS">
          <params>
            <param index="0">
              <value>
                <![CDATA[[TestResult name=VerifyEmpAddinEmpProfileAlreadyExist status=SUCCESS method=JiViewsEmployeeAdministrationTest.VerifyEmpAddinEmpProfileAlreadyExist()[pri:0, instance:com.jivi.auto.employeetest.JiViewsEmployeeAdministrationTest@46d51d5e] output={null}]]]>
              </value>
            </param>
          </params>
          <reporter-output>
          </reporter-output>
        </test-method> <!-- afterMethod -->
        <test-method is-config="true" signature="beforeMethod(java.lang.reflect.Method)[pri:0, instance:com.jivi.auto.employeetest.JiViewsEmployeeAdministrationTest@46d51d5e]" started-at="2023-06-19T06:55:25 IST" name="beforeMethod" finished-at="2023-06-19T06:55:26 IST" duration-ms="943" status="PASS">
          <params>
            <param index="0">
              <value>
                <![CDATA[public void com.jivi.auto.employeetest.JiViewsEmployeeAdministrationTest.VerifEmpIDSerach() throws java.lang.Exception]]>
              </value>
            </param>
          </params>
          <reporter-output>
          </reporter-output>
        </test-method> <!-- beforeMethod -->
        <test-method signature="VerifEmpIDSerach()[pri:0, instance:com.jivi.auto.employeetest.JiViewsEmployeeAdministrationTest@46d51d5e]" started-at="2023-06-19T06:55:26 IST" name="VerifEmpIDSerach" finished-at="2023-06-19T06:55:58 IST" duration-ms="31642" status="PASS">
          <reporter-output>
          </reporter-output>
        </test-method> <!-- VerifEmpIDSerach -->
        <test-method is-config="true" signature="afterMethod(org.testng.ITestResult)[pri:0, instance:com.jivi.auto.employeetest.JiViewsEmployeeAdministrationTest@46d51d5e]" started-at="2023-06-19T06:55:58 IST" name="afterMethod" finished-at="2023-06-19T06:55:58 IST" duration-ms="402" status="PASS">
          <params>
            <param index="0">
              <value>
                <![CDATA[[TestResult name=VerifEmpIDSerach status=SUCCESS method=JiViewsEmployeeAdministrationTest.VerifEmpIDSerach()[pri:0, instance:com.jivi.auto.employeetest.JiViewsEmployeeAdministrationTest@46d51d5e] output={null}]]]>
              </value>
            </param>
          </params>
          <reporter-output>
          </reporter-output>
        </test-method> <!-- afterMethod -->
        <test-method is-config="true" signature="beforeMethod(java.lang.reflect.Method)[pri:0, instance:com.jivi.auto.employeetest.JiViewsEmployeeAdministrationTest@46d51d5e]" started-at="2023-06-19T06:55:58 IST" name="beforeMethod" finished-at="2023-06-19T06:55:59 IST" duration-ms="869" status="PASS">
          <params>
            <param index="0">
              <value>
                <![CDATA[public void com.jivi.auto.employeetest.JiViewsEmployeeAdministrationTest.VerifEmpNameSearch() throws java.lang.Exception]]>
              </value>
            </param>
          </params>
          <reporter-output>
          </reporter-output>
        </test-method> <!-- beforeMethod -->
        <test-method signature="VerifEmpNameSearch()[pri:0, instance:com.jivi.auto.employeetest.JiViewsEmployeeAdministrationTest@46d51d5e]" started-at="2023-06-19T06:55:59 IST" name="VerifEmpNameSearch" finished-at="2023-06-19T06:56:34 IST" duration-ms="35260" status="PASS">
          <reporter-output>
          </reporter-output>
        </test-method> <!-- VerifEmpNameSearch -->
        <test-method is-config="true" signature="afterMethod(org.testng.ITestResult)[pri:0, instance:com.jivi.auto.employeetest.JiViewsEmployeeAdministrationTest@46d51d5e]" started-at="2023-06-19T06:56:34 IST" name="afterMethod" finished-at="2023-06-19T06:56:35 IST" duration-ms="464" status="PASS">
          <params>
            <param index="0">
              <value>
                <![CDATA[[TestResult name=VerifEmpNameSearch status=SUCCESS method=JiViewsEmployeeAdministrationTest.VerifEmpNameSearch()[pri:0, instance:com.jivi.auto.employeetest.JiViewsEmployeeAdministrationTest@46d51d5e] output={null}]]]>
              </value>
            </param>
          </params>
          <reporter-output>
          </reporter-output>
        </test-method> <!-- afterMethod -->
        <test-method is-config="true" signature="beforeMethod(java.lang.reflect.Method)[pri:0, instance:com.jivi.auto.employeetest.JiViewsEmployeeAdministrationTest@46d51d5e]" started-at="2023-06-19T06:56:35 IST" name="beforeMethod" finished-at="2023-06-19T06:56:36 IST" duration-ms="870" status="PASS">
          <params>
            <param index="0">
              <value>
                <![CDATA[public void com.jivi.auto.employeetest.JiViewsEmployeeAdministrationTest.VerifyEmpUpdate() throws java.lang.Exception]]>
              </value>
            </param>
          </params>
          <reporter-output>
          </reporter-output>
        </test-method> <!-- beforeMethod -->
        <test-method signature="VerifyEmpUpdate()[pri:0, instance:com.jivi.auto.employeetest.JiViewsEmployeeAdministrationTest@46d51d5e]" started-at="2023-06-19T06:56:36 IST" name="VerifyEmpUpdate" finished-at="2023-06-19T06:57:37 IST" duration-ms="61625" status="PASS">
          <reporter-output>
          </reporter-output>
        </test-method> <!-- VerifyEmpUpdate -->
        <test-method is-config="true" signature="afterMethod(org.testng.ITestResult)[pri:0, instance:com.jivi.auto.employeetest.JiViewsEmployeeAdministrationTest@46d51d5e]" started-at="2023-06-19T06:57:37 IST" name="afterMethod" finished-at="2023-06-19T06:57:37 IST" duration-ms="313" status="PASS">
          <params>
            <param index="0">
              <value>
                <![CDATA[[TestResult name=VerifyEmpUpdate status=SUCCESS method=JiViewsEmployeeAdministrationTest.VerifyEmpUpdate()[pri:0, instance:com.jivi.auto.employeetest.JiViewsEmployeeAdministrationTest@46d51d5e] output={null}]]]>
              </value>
            </param>
          </params>
          <reporter-output>
          </reporter-output>
        </test-method> <!-- afterMethod -->
        <test-method is-config="true" signature="beforeMethod(java.lang.reflect.Method)[pri:0, instance:com.jivi.auto.employeetest.JiViewsEmployeeAdministrationTest@46d51d5e]" started-at="2023-06-19T06:57:37 IST" name="beforeMethod" finished-at="2023-06-19T06:57:38 IST" duration-ms="776" status="PASS">
          <params>
            <param index="0">
              <value>
                <![CDATA[public void com.jivi.auto.employeetest.JiViewsEmployeeAdministrationTest.VerifyEmpUpdateDuplicate() throws java.lang.Exception]]>
              </value>
            </param>
          </params>
          <reporter-output>
          </reporter-output>
        </test-method> <!-- beforeMethod -->
        <test-method signature="VerifyEmpUpdateDuplicate()[pri:0, instance:com.jivi.auto.employeetest.JiViewsEmployeeAdministrationTest@46d51d5e]" started-at="2023-06-19T06:57:38 IST" name="VerifyEmpUpdateDuplicate" finished-at="2023-06-19T06:59:01 IST" duration-ms="82821" status="PASS">
          <reporter-output>
          </reporter-output>
        </test-method> <!-- VerifyEmpUpdateDuplicate -->
        <test-method is-config="true" signature="afterMethod(org.testng.ITestResult)[pri:0, instance:com.jivi.auto.employeetest.JiViewsEmployeeAdministrationTest@46d51d5e]" started-at="2023-06-19T06:59:01 IST" name="afterMethod" finished-at="2023-06-19T06:59:02 IST" duration-ms="1359" status="PASS">
          <params>
            <param index="0">
              <value>
                <![CDATA[[TestResult name=VerifyEmpUpdateDuplicate status=SUCCESS method=JiViewsEmployeeAdministrationTest.VerifyEmpUpdateDuplicate()[pri:0, instance:com.jivi.auto.employeetest.JiViewsEmployeeAdministrationTest@46d51d5e] output={null}]]]>
              </value>
            </param>
          </params>
          <reporter-output>
          </reporter-output>
        </test-method> <!-- afterMethod -->
        <test-method is-config="true" signature="beforeMethod(java.lang.reflect.Method)[pri:0, instance:com.jivi.auto.employeetest.JiViewsEmployeeAdministrationTest@46d51d5e]" started-at="2023-06-19T06:59:02 IST" name="beforeMethod" finished-at="2023-06-19T06:59:03 IST" duration-ms="800" status="PASS">
          <params>
            <param index="0">
              <value>
                <![CDATA[public void com.jivi.auto.employeetest.JiViewsEmployeeAdministrationTest.VerifyEmpUpdateContactsPositive() throws java.lang.Exception]]>
              </value>
            </param>
          </params>
          <reporter-output>
          </reporter-output>
        </test-method> <!-- beforeMethod -->
        <test-method signature="VerifyEmpUpdateContactsPositive()[pri:0, instance:com.jivi.auto.employeetest.JiViewsEmployeeAdministrationTest@46d51d5e]" started-at="2023-06-19T06:59:03 IST" name="VerifyEmpUpdateContactsPositive" finished-at="2023-06-19T06:59:59 IST" duration-ms="55544" status="PASS">
          <reporter-output>
          </reporter-output>
        </test-method> <!-- VerifyEmpUpdateContactsPositive -->
        <test-method is-config="true" signature="afterMethod(org.testng.ITestResult)[pri:0, instance:com.jivi.auto.employeetest.JiViewsEmployeeAdministrationTest@46d51d5e]" started-at="2023-06-19T06:59:59 IST" name="afterMethod" finished-at="2023-06-19T06:59:59 IST" duration-ms="594" status="PASS">
          <params>
            <param index="0">
              <value>
                <![CDATA[[TestResult name=VerifyEmpUpdateContactsPositive status=SUCCESS method=JiViewsEmployeeAdministrationTest.VerifyEmpUpdateContactsPositive()[pri:0, instance:com.jivi.auto.employeetest.JiViewsEmployeeAdministrationTest@46d51d5e] output={null}]]]>
              </value>
            </param>
          </params>
          <reporter-output>
          </reporter-output>
        </test-method> <!-- afterMethod -->
        <test-method is-config="true" signature="beforeMethod(java.lang.reflect.Method)[pri:0, instance:com.jivi.auto.employeetest.JiViewsEmployeeAdministrationTest@46d51d5e]" started-at="2023-06-19T06:59:59 IST" name="beforeMethod" finished-at="2023-06-19T07:00:00 IST" duration-ms="790" status="PASS">
          <params>
            <param index="0">
              <value>
                <![CDATA[public void com.jivi.auto.employeetest.JiViewsEmployeeAdministrationTest.VerifyEmpUpdateContactsNegative() throws java.lang.Exception]]>
              </value>
            </param>
          </params>
          <reporter-output>
          </reporter-output>
        </test-method> <!-- beforeMethod -->
        <test-method signature="VerifyEmpUpdateContactsNegative()[pri:0, instance:com.jivi.auto.employeetest.JiViewsEmployeeAdministrationTest@46d51d5e]" started-at="2023-06-19T07:00:00 IST" name="VerifyEmpUpdateContactsNegative" finished-at="2023-06-19T07:00:54 IST" duration-ms="53468" status="PASS">
          <reporter-output>
          </reporter-output>
        </test-method> <!-- VerifyEmpUpdateContactsNegative -->
        <test-method is-config="true" signature="afterMethod(org.testng.ITestResult)[pri:0, instance:com.jivi.auto.employeetest.JiViewsEmployeeAdministrationTest@46d51d5e]" started-at="2023-06-19T07:00:54 IST" name="afterMethod" finished-at="2023-06-19T07:00:54 IST" duration-ms="408" status="PASS">
          <params>
            <param index="0">
              <value>
                <![CDATA[[TestResult name=VerifyEmpUpdateContactsNegative status=SUCCESS method=JiViewsEmployeeAdministrationTest.VerifyEmpUpdateContactsNegative()[pri:0, instance:com.jivi.auto.employeetest.JiViewsEmployeeAdministrationTest@46d51d5e] output={null}]]]>
              </value>
            </param>
          </params>
          <reporter-output>
          </reporter-output>
        </test-method> <!-- afterMethod -->
        <test-method is-config="true" signature="beforeMethod(java.lang.reflect.Method)[pri:0, instance:com.jivi.auto.employeetest.JiViewsEmployeeAdministrationTest@46d51d5e]" started-at="2023-06-19T07:00:54 IST" name="beforeMethod" finished-at="2023-06-19T07:00:55 IST" duration-ms="869" status="PASS">
          <params>
            <param index="0">
              <value>
                <![CDATA[public void com.jivi.auto.employeetest.JiViewsEmployeeAdministrationTest.VerifyEmpUpdateExcludedSkillsPositive() throws java.lang.Exception]]>
              </value>
            </param>
          </params>
          <reporter-output>
          </reporter-output>
        </test-method> <!-- beforeMethod -->
        <test-method signature="VerifyEmpUpdateExcludedSkillsPositive()[pri:0, instance:com.jivi.auto.employeetest.JiViewsEmployeeAdministrationTest@46d51d5e]" started-at="2023-06-19T07:00:55 IST" name="VerifyEmpUpdateExcludedSkillsPositive" finished-at="2023-06-19T07:01:54 IST" duration-ms="59061" status="PASS">
          <reporter-output>
          </reporter-output>
        </test-method> <!-- VerifyEmpUpdateExcludedSkillsPositive -->
        <test-method is-config="true" signature="afterMethod(org.testng.ITestResult)[pri:0, instance:com.jivi.auto.employeetest.JiViewsEmployeeAdministrationTest@46d51d5e]" started-at="2023-06-19T07:01:54 IST" name="afterMethod" finished-at="2023-06-19T07:01:54 IST" duration-ms="406" status="PASS">
          <params>
            <param index="0">
              <value>
                <![CDATA[[TestResult name=VerifyEmpUpdateExcludedSkillsPositive status=SUCCESS method=JiViewsEmployeeAdministrationTest.VerifyEmpUpdateExcludedSkillsPositive()[pri:0, instance:com.jivi.auto.employeetest.JiViewsEmployeeAdministrationTest@46d51d5e] output={null}]]]>
              </value>
            </param>
          </params>
          <reporter-output>
          </reporter-output>
        </test-method> <!-- afterMethod -->
        <test-method is-config="true" signature="beforeMethod(java.lang.reflect.Method)[pri:0, instance:com.jivi.auto.employeetest.JiViewsEmployeeAdministrationTest@46d51d5e]" started-at="2023-06-19T07:01:54 IST" name="beforeMethod" finished-at="2023-06-19T07:01:55 IST" duration-ms="734" status="PASS">
          <params>
            <param index="0">
              <value>
                <![CDATA[public void com.jivi.auto.employeetest.JiViewsEmployeeAdministrationTest.VerifyEmpUpdateExcludedSkillsNegative() throws java.lang.Exception]]>
              </value>
            </param>
          </params>
          <reporter-output>
          </reporter-output>
        </test-method> <!-- beforeMethod -->
        <test-method signature="VerifyEmpUpdateExcludedSkillsNegative()[pri:0, instance:com.jivi.auto.employeetest.JiViewsEmployeeAdministrationTest@46d51d5e]" started-at="2023-06-19T07:01:55 IST" name="VerifyEmpUpdateExcludedSkillsNegative" finished-at="2023-06-19T07:02:55 IST" duration-ms="59708" status="PASS">
          <reporter-output>
          </reporter-output>
        </test-method> <!-- VerifyEmpUpdateExcludedSkillsNegative -->
        <test-method is-config="true" signature="afterMethod(org.testng.ITestResult)[pri:0, instance:com.jivi.auto.employeetest.JiViewsEmployeeAdministrationTest@46d51d5e]" started-at="2023-06-19T07:02:55 IST" name="afterMethod" finished-at="2023-06-19T07:02:55 IST" duration-ms="446" status="PASS">
          <params>
            <param index="0">
              <value>
                <![CDATA[[TestResult name=VerifyEmpUpdateExcludedSkillsNegative status=SUCCESS method=JiViewsEmployeeAdministrationTest.VerifyEmpUpdateExcludedSkillsNegative()[pri:0, instance:com.jivi.auto.employeetest.JiViewsEmployeeAdministrationTest@46d51d5e] output={null}]]]>
              </value>
            </param>
          </params>
          <reporter-output>
          </reporter-output>
        </test-method> <!-- afterMethod -->
        <test-method is-config="true" signature="beforeMethod(java.lang.reflect.Method)[pri:0, instance:com.jivi.auto.employeetest.JiViewsEmployeeAdministrationTest@46d51d5e]" started-at="2023-06-19T07:02:55 IST" name="beforeMethod" finished-at="2023-06-19T07:02:56 IST" duration-ms="899" status="PASS">
          <params>
            <param index="0">
              <value>
                <![CDATA[public void com.jivi.auto.employeetest.JiViewsEmployeeAdministrationTest.VerifyEmpUpdateAddRolesPositive() throws java.lang.Exception]]>
              </value>
            </param>
          </params>
          <reporter-output>
          </reporter-output>
        </test-method> <!-- beforeMethod -->
        <test-method signature="VerifyEmpUpdateAddRolesPositive()[pri:0, instance:com.jivi.auto.employeetest.JiViewsEmployeeAdministrationTest@46d51d5e]" started-at="2023-06-19T07:02:56 IST" name="VerifyEmpUpdateAddRolesPositive" finished-at="2023-06-19T07:03:57 IST" duration-ms="60798" status="PASS">
          <reporter-output>
          </reporter-output>
        </test-method> <!-- VerifyEmpUpdateAddRolesPositive -->
        <test-method is-config="true" signature="afterMethod(org.testng.ITestResult)[pri:0, instance:com.jivi.auto.employeetest.JiViewsEmployeeAdministrationTest@46d51d5e]" started-at="2023-06-19T07:03:57 IST" name="afterMethod" finished-at="2023-06-19T07:03:57 IST" duration-ms="466" status="PASS">
          <params>
            <param index="0">
              <value>
                <![CDATA[[TestResult name=VerifyEmpUpdateAddRolesPositive status=SUCCESS method=JiViewsEmployeeAdministrationTest.VerifyEmpUpdateAddRolesPositive()[pri:0, instance:com.jivi.auto.employeetest.JiViewsEmployeeAdministrationTest@46d51d5e] output={null}]]]>
              </value>
            </param>
          </params>
          <reporter-output>
          </reporter-output>
        </test-method> <!-- afterMethod -->
        <test-method is-config="true" signature="beforeMethod(java.lang.reflect.Method)[pri:0, instance:com.jivi.auto.employeetest.JiViewsEmployeeAdministrationTest@46d51d5e]" started-at="2023-06-19T07:03:57 IST" name="beforeMethod" finished-at="2023-06-19T07:03:58 IST" duration-ms="839" status="PASS">
          <params>
            <param index="0">
              <value>
                <![CDATA[public void com.jivi.auto.employeetest.JiViewsEmployeeAdministrationTest.VerifyEmpUpdateAddRolesNegative() throws java.lang.Exception]]>
              </value>
            </param>
          </params>
          <reporter-output>
          </reporter-output>
        </test-method> <!-- beforeMethod -->
        <test-method signature="VerifyEmpUpdateAddRolesNegative()[pri:0, instance:com.jivi.auto.employeetest.JiViewsEmployeeAdministrationTest@46d51d5e]" started-at="2023-06-19T07:03:58 IST" name="VerifyEmpUpdateAddRolesNegative" finished-at="2023-06-19T07:05:35 IST" duration-ms="96519" status="FAIL">
          <exception class="org.openqa.selenium.NoSuchElementException">
            <message>
              <![CDATA[no such element: Unable to locate element: {"method":"xpath","selector":"//*[@id="-1"]"}
  (Session info: chrome=114.0.5735.134)
For documentation on this error, please visit: https://selenium.dev/exceptions/#no_such_element
Build info: version: '4.1.2', revision: '9a5a329c5a'
System info: host: 'ASHOK', ip: '192.168.0.103', os.name: 'Windows 11', os.arch: 'amd64', os.version: '10.0', java.version: '17.0.5'
Driver info: org.openqa.selenium.chrome.ChromeDriver
Command: [8ec7727217136d6d3b825c48f88355c3, findElement {using=xpath, value=//*[@id="-1"]}]
Capabilities {acceptInsecureCerts: false, browserName: chrome, browserVersion: 114.0.5735.134, chrome: {chromedriverVersion: 114.0.5735.90 (386bc09e8f4f..., userDataDir: C:\Users\ashok\AppData\Loca...}, goog:chromeOptions: {debuggerAddress: localhost:60411}, javascriptEnabled: true, networkConnectionEnabled: false, pageLoadStrategy: normal, platform: WINDOWS, platformName: WINDOWS, proxy: Proxy(), se:cdp: ws://localhost:60411/devtoo..., se:cdpVersion: 114.0.5735.134, setWindowRect: true, strictFileInteractability: false, timeouts: {implicit: 0, pageLoad: 300000, script: 30000}, unhandledPromptBehavior: dismiss and notify, webauthn:extension:credBlob: true, webauthn:extension:largeBlob: true, webauthn:extension:minPinLength: true, webauthn:extension:prf: true, webauthn:virtualAuthenticators: true}
Session ID: 8ec7727217136d6d3b825c48f88355c3]]>
            </message>
            <full-stacktrace>
              <![CDATA[org.openqa.selenium.NoSuchElementException: no such element: Unable to locate element: {"method":"xpath","selector":"//*[@id="-1"]"}
  (Session info: chrome=114.0.5735.134)
For documentation on this error, please visit: https://selenium.dev/exceptions/#no_such_element
Build info: version: '4.1.2', revision: '9a5a329c5a'
System info: host: 'ASHOK', ip: '192.168.0.103', os.name: 'Windows 11', os.arch: 'amd64', os.version: '10.0', java.version: '17.0.5'
Driver info: org.openqa.selenium.chrome.ChromeDriver
Command: [8ec7727217136d6d3b825c48f88355c3, findElement {using=xpath, value=//*[@id="-1"]}]
Capabilities {acceptInsecureCerts: false, browserName: chrome, browserVersion: 114.0.5735.134, chrome: {chromedriverVersion: 114.0.5735.90 (386bc09e8f4f..., userDataDir: C:\Users\ashok\AppData\Loca...}, goog:chromeOptions: {debuggerAddress: localhost:60411}, javascriptEnabled: true, networkConnectionEnabled: false, pageLoadStrategy: normal, platform: WINDOWS, platformName: WINDOWS, proxy: Proxy(), se:cdp: ws://localhost:60411/devtoo..., se:cdpVersion: 114.0.5735.134, setWindowRect: true, strictFileInteractability: false, timeouts: {implicit: 0, pageLoad: 300000, script: 30000}, unhandledPromptBehavior: dismiss and notify, webauthn:extension:credBlob: true, webauthn:extension:largeBlob: true, webauthn:extension:minPinLength: true, webauthn:extension:prf: true, webauthn:virtualAuthenticators: true}
Session ID: 8ec7727217136d6d3b825c48f88355c3
at java.base/jdk.internal.reflect.NativeConstructorAccessorImpl.newInstance0(Native Method)
at java.base/jdk.internal.reflect.NativeConstructorAccessorImpl.newInstance(NativeConstructorAccessorImpl.java:77)
at java.base/jdk.internal.reflect.DelegatingConstructorAccessorImpl.newInstance(DelegatingConstructorAccessorImpl.java:45)
at java.base/java.lang.reflect.Constructor.newInstanceWithCaller(Constructor.java:499)
at java.base/java.lang.reflect.Constructor.newInstance(Constructor.java:480)
at org.openqa.selenium.remote.codec.w3c.W3CHttpResponseCodec.createException(W3CHttpResponseCodec.java:200)
at org.openqa.selenium.remote.codec.w3c.W3CHttpResponseCodec.decode(W3CHttpResponseCodec.java:133)
at org.openqa.selenium.remote.codec.w3c.W3CHttpResponseCodec.decode(W3CHttpResponseCodec.java:53)
at org.openqa.selenium.remote.HttpCommandExecutor.execute(HttpCommandExecutor.java:184)
at org.openqa.selenium.remote.service.DriverCommandExecutor.invokeExecute(DriverCommandExecutor.java:167)
at org.openqa.selenium.remote.service.DriverCommandExecutor.execute(DriverCommandExecutor.java:142)
at org.openqa.selenium.remote.RemoteWebDriver.execute(RemoteWebDriver.java:558)
at org.openqa.selenium.remote.ElementLocation$ElementFinder$2.findElement(ElementLocation.java:162)
at org.openqa.selenium.remote.ElementLocation.findElement(ElementLocation.java:60)
at org.openqa.selenium.remote.RemoteWebDriver.findElement(RemoteWebDriver.java:382)
at org.openqa.selenium.remote.RemoteWebDriver.findElement(RemoteWebDriver.java:374)
at org.openqa.selenium.support.pagefactory.DefaultElementLocator.findElement(DefaultElementLocator.java:70)
at org.openqa.selenium.support.pagefactory.internal.LocatingElementHandler.invoke(LocatingElementHandler.java:39)
at jdk.proxy2/jdk.proxy2.$Proxy18.getWrappedElement(Unknown Source)
at org.openqa.selenium.remote.internal.WebElementToJsonConverter.apply(WebElementToJsonConverter.java:51)
at java.base/java.util.stream.ReferencePipeline$3$1.accept(ReferencePipeline.java:197)
at java.base/java.util.Spliterators$ArraySpliterator.forEachRemaining(Spliterators.java:992)
at java.base/java.util.stream.AbstractPipeline.copyInto(AbstractPipeline.java:509)
at java.base/java.util.stream.AbstractPipeline.wrapAndCopyInto(AbstractPipeline.java:499)
at java.base/java.util.stream.ReduceOps$ReduceOp.evaluateSequential(ReduceOps.java:921)
at java.base/java.util.stream.AbstractPipeline.evaluate(AbstractPipeline.java:234)
at java.base/java.util.stream.ReferencePipeline.collect(ReferencePipeline.java:682)
at org.openqa.selenium.remote.RemoteWebDriver.executeScript(RemoteWebDriver.java:489)
at com.jivi.auto.pageobjectutils.POMCommon.highlightElement(POMCommon.java:197)
at com.jivi.auto.pageobjectutils.POMCommon.getObject(POMCommon.java:34)
at com.jivi.auto.pageobjectutils.WebElementKeys.clickUsingJavaScript(WebElementKeys.java:64)
at com.jivi.auto.employeepages.JiViewsEmployeeAdministration.empAddRoles_RemoveAllRoles(JiViewsEmployeeAdministration.java:1164)
at com.jivi.auto.employeetest.JiViewsEmployeeAdministrationTest.VerifyEmpUpdateAddRolesNegative(JiViewsEmployeeAdministrationTest.java:555)
at java.base/jdk.internal.reflect.NativeMethodAccessorImpl.invoke0(Native Method)
at java.base/jdk.internal.reflect.NativeMethodAccessorImpl.invoke(NativeMethodAccessorImpl.java:77)
at java.base/jdk.internal.reflect.DelegatingMethodAccessorImpl.invoke(DelegatingMethodAccessorImpl.java:43)
at java.base/java.lang.reflect.Method.invoke(Method.java:568)
at org.testng.internal.MethodInvocationHelper.invokeMethod(MethodInvocationHelper.java:134)
at org.testng.internal.TestInvoker.invokeMethod(TestInvoker.java:597)
at org.testng.internal.TestInvoker.invokeTestMethod(TestInvoker.java:173)
at org.testng.internal.MethodRunner.runInSequence(MethodRunner.java:46)
at org.testng.internal.TestInvoker$MethodInvocationAgent.invoke(TestInvoker.java:816)
at org.testng.internal.TestInvoker.invokeTestMethods(TestInvoker.java:146)
at org.testng.internal.TestMethodWorker.invokeTestMethods(TestMethodWorker.java:146)
at org.testng.internal.TestMethodWorker.run(TestMethodWorker.java:128)
at java.base/java.util.ArrayList.forEach(ArrayList.java:1511)
at org.testng.TestRunner.privateRun(TestRunner.java:766)
at org.testng.TestRunner.run(TestRunner.java:587)
at org.testng.SuiteRunner.runTest(SuiteRunner.java:384)
at org.testng.SuiteRunner.runSequentially(SuiteRunner.java:378)
at org.testng.SuiteRunner.privateRun(SuiteRunner.java:337)
at org.testng.SuiteRunner.run(SuiteRunner.java:286)
at org.testng.SuiteRunnerWorker.runSuite(SuiteRunnerWorker.java:53)
at org.testng.SuiteRunnerWorker.run(SuiteRunnerWorker.java:96)
at org.testng.TestNG.runSuitesSequentially(TestNG.java:1187)
at org.testng.TestNG.runSuitesLocally(TestNG.java:1109)
at org.testng.TestNG.runSuites(TestNG.java:1039)
at org.testng.TestNG.run(TestNG.java:1007)
at com.jivi.auto.driver.JiviewsMainClass.main(JiviewsMainClass.java:27)
]]>
            </full-stacktrace>
          </exception> <!-- org.openqa.selenium.NoSuchElementException -->
          <reporter-output>
          </reporter-output>
        </test-method> <!-- VerifyEmpUpdateAddRolesNegative -->
        <test-method is-config="true" signature="afterMethod(org.testng.ITestResult)[pri:0, instance:com.jivi.auto.employeetest.JiViewsEmployeeAdministrationTest@46d51d5e]" started-at="2023-06-19T07:05:35 IST" name="afterMethod" finished-at="2023-06-19T07:05:35 IST" duration-ms="652" status="PASS">
          <params>
            <param index="0">
              <value>
                <![CDATA[[TestResult name=VerifyEmpUpdateAddRolesNegative status=FAILURE method=JiViewsEmployeeAdministrationTest.VerifyEmpUpdateAddRolesNegative()[pri:0, instance:com.jivi.auto.employeetest.JiViewsEmployeeAdministrationTest@46d51d5e] output={null}]]]>
              </value>
            </param>
          </params>
          <reporter-output>
          </reporter-output>
        </test-method> <!-- afterMethod -->
        <test-method is-config="true" signature="beforeMethod(java.lang.reflect.Method)[pri:0, instance:com.jivi.auto.employeetest.JiViewsEmployeeAdministrationTest@46d51d5e]" started-at="2023-06-19T07:05:35 IST" name="beforeMethod" finished-at="2023-06-19T07:05:36 IST" duration-ms="914" status="PASS">
          <params>
            <param index="0">
              <value>
                <![CDATA[public void com.jivi.auto.employeetest.JiViewsEmployeeAdministrationTest.VerifyEmpUpdateSecurity() throws java.lang.Exception]]>
              </value>
            </param>
          </params>
          <reporter-output>
          </reporter-output>
        </test-method> <!-- beforeMethod -->
        <test-method signature="VerifyEmpUpdateSecurity()[pri:0, instance:com.jivi.auto.employeetest.JiViewsEmployeeAdministrationTest@46d51d5e]" started-at="2023-06-19T07:05:36 IST" name="VerifyEmpUpdateSecurity" finished-at="2023-06-19T07:07:05 IST" duration-ms="88378" status="PASS">
          <reporter-output>
          </reporter-output>
        </test-method> <!-- VerifyEmpUpdateSecurity -->
        <test-method is-config="true" signature="afterMethod(org.testng.ITestResult)[pri:0, instance:com.jivi.auto.employeetest.JiViewsEmployeeAdministrationTest@46d51d5e]" started-at="2023-06-19T07:07:05 IST" name="afterMethod" finished-at="2023-06-19T07:07:05 IST" duration-ms="509" status="PASS">
          <params>
            <param index="0">
              <value>
                <![CDATA[[TestResult name=VerifyEmpUpdateSecurity status=SUCCESS method=JiViewsEmployeeAdministrationTest.VerifyEmpUpdateSecurity()[pri:0, instance:com.jivi.auto.employeetest.JiViewsEmployeeAdministrationTest@46d51d5e] output={null}]]]>
              </value>
            </param>
          </params>
          <reporter-output>
          </reporter-output>
        </test-method> <!-- afterMethod -->
        <test-method is-config="true" signature="beforeMethod(java.lang.reflect.Method)[pri:0, instance:com.jivi.auto.employeetest.JiViewsEmployeeAdministrationTest@46d51d5e]" started-at="2023-06-19T07:07:05 IST" name="beforeMethod" finished-at="2023-06-19T07:07:06 IST" duration-ms="913" status="PASS">
          <params>
            <param index="0">
              <value>
                <![CDATA[public void com.jivi.auto.employeetest.JiViewsEmployeeAdministrationTest.VerifyEmpUpdateESS() throws java.lang.Exception]]>
              </value>
            </param>
          </params>
          <reporter-output>
          </reporter-output>
        </test-method> <!-- beforeMethod -->
        <test-method signature="VerifyEmpUpdateESS()[pri:0, instance:com.jivi.auto.employeetest.JiViewsEmployeeAdministrationTest@46d51d5e]" started-at="2023-06-19T07:07:06 IST" name="VerifyEmpUpdateESS" finished-at="2023-06-19T07:08:39 IST" duration-ms="93150" status="FAIL">
          <exception class="org.openqa.selenium.NoSuchElementException">
            <message>
              <![CDATA[Cannot locate option with index: 0
For documentation on this error, please visit: https://selenium.dev/exceptions/#no_such_element
Build info: version: '4.1.2', revision: '9a5a329c5a'
System info: host: 'ASHOK', ip: '192.168.0.103', os.name: 'Windows 11', os.arch: 'amd64', os.version: '10.0', java.version: '17.0.5'
Driver info: driver.version: unknown]]>
            </message>
            <full-stacktrace>
              <![CDATA[org.openqa.selenium.NoSuchElementException: Cannot locate option with index: 0
For documentation on this error, please visit: https://selenium.dev/exceptions/#no_such_element
Build info: version: '4.1.2', revision: '9a5a329c5a'
System info: host: 'ASHOK', ip: '192.168.0.103', os.name: 'Windows 11', os.arch: 'amd64', os.version: '10.0', java.version: '17.0.5'
Driver info: driver.version: unknown
at org.openqa.selenium.support.ui.Select.setSelectedByIndex(Select.java:301)
at org.openqa.selenium.support.ui.Select.selectByIndex(Select.java:176)
at com.jivi.auto.pageobjectutils.DropDown.selectByIndex(DropDown.java:27)
at com.jivi.auto.employeepages.JiViewsEmployeeAdministration.empAdd_ESSAdd(JiViewsEmployeeAdministration.java:1301)
at com.jivi.auto.employeetest.JiViewsEmployeeAdministrationTest.VerifyEmpUpdateESS(JiViewsEmployeeAdministrationTest.java:620)
at java.base/jdk.internal.reflect.NativeMethodAccessorImpl.invoke0(Native Method)
at java.base/jdk.internal.reflect.NativeMethodAccessorImpl.invoke(NativeMethodAccessorImpl.java:77)
at java.base/jdk.internal.reflect.DelegatingMethodAccessorImpl.invoke(DelegatingMethodAccessorImpl.java:43)
at java.base/java.lang.reflect.Method.invoke(Method.java:568)
at org.testng.internal.MethodInvocationHelper.invokeMethod(MethodInvocationHelper.java:134)
at org.testng.internal.TestInvoker.invokeMethod(TestInvoker.java:597)
at org.testng.internal.TestInvoker.invokeTestMethod(TestInvoker.java:173)
at org.testng.internal.MethodRunner.runInSequence(MethodRunner.java:46)
at org.testng.internal.TestInvoker$MethodInvocationAgent.invoke(TestInvoker.java:816)
at org.testng.internal.TestInvoker.invokeTestMethods(TestInvoker.java:146)
at org.testng.internal.TestMethodWorker.invokeTestMethods(TestMethodWorker.java:146)
at org.testng.internal.TestMethodWorker.run(TestMethodWorker.java:128)
at java.base/java.util.ArrayList.forEach(ArrayList.java:1511)
at org.testng.TestRunner.privateRun(TestRunner.java:766)
at org.testng.TestRunner.run(TestRunner.java:587)
at org.testng.SuiteRunner.runTest(SuiteRunner.java:384)
at org.testng.SuiteRunner.runSequentially(SuiteRunner.java:378)
at org.testng.SuiteRunner.privateRun(SuiteRunner.java:337)
at org.testng.SuiteRunner.run(SuiteRunner.java:286)
at org.testng.SuiteRunnerWorker.runSuite(SuiteRunnerWorker.java:53)
at org.testng.SuiteRunnerWorker.run(SuiteRunnerWorker.java:96)
at org.testng.TestNG.runSuitesSequentially(TestNG.java:1187)
at org.testng.TestNG.runSuitesLocally(TestNG.java:1109)
at org.testng.TestNG.runSuites(TestNG.java:1039)
at org.testng.TestNG.run(TestNG.java:1007)
at com.jivi.auto.driver.JiviewsMainClass.main(JiviewsMainClass.java:27)
]]>
            </full-stacktrace>
          </exception> <!-- org.openqa.selenium.NoSuchElementException -->
          <reporter-output>
          </reporter-output>
        </test-method> <!-- VerifyEmpUpdateESS -->
        <test-method is-config="true" signature="afterMethod(org.testng.ITestResult)[pri:0, instance:com.jivi.auto.employeetest.JiViewsEmployeeAdministrationTest@46d51d5e]" started-at="2023-06-19T07:08:39 IST" name="afterMethod" finished-at="2023-06-19T07:08:40 IST" duration-ms="564" status="PASS">
          <params>
            <param index="0">
              <value>
                <![CDATA[[TestResult name=VerifyEmpUpdateESS status=FAILURE method=JiViewsEmployeeAdministrationTest.VerifyEmpUpdateESS()[pri:0, instance:com.jivi.auto.employeetest.JiViewsEmployeeAdministrationTest@46d51d5e] output={null}]]]>
              </value>
            </param>
          </params>
          <reporter-output>
          </reporter-output>
        </test-method> <!-- afterMethod -->
        <test-method is-config="true" signature="beforeMethod(java.lang.reflect.Method)[pri:0, instance:com.jivi.auto.employeetest.JiViewsEmployeeAdministrationTest@46d51d5e]" started-at="2023-06-19T07:08:40 IST" name="beforeMethod" finished-at="2023-06-19T07:08:41 IST" duration-ms="862" status="PASS">
          <params>
            <param index="0">
              <value>
                <![CDATA[public void com.jivi.auto.employeetest.JiViewsEmployeeAdministrationTest.VerifyEmpUpdateMisc() throws java.lang.Exception]]>
              </value>
            </param>
          </params>
          <reporter-output>
          </reporter-output>
        </test-method> <!-- beforeMethod -->
        <test-method signature="VerifyEmpUpdateMisc()[pri:0, instance:com.jivi.auto.employeetest.JiViewsEmployeeAdministrationTest@46d51d5e]" started-at="2023-06-19T07:08:41 IST" name="VerifyEmpUpdateMisc" finished-at="2023-06-19T07:09:51 IST" duration-ms="69881" status="PASS">
          <reporter-output>
          </reporter-output>
        </test-method> <!-- VerifyEmpUpdateMisc -->
        <test-method is-config="true" signature="afterMethod(org.testng.ITestResult)[pri:0, instance:com.jivi.auto.employeetest.JiViewsEmployeeAdministrationTest@46d51d5e]" started-at="2023-06-19T07:09:51 IST" name="afterMethod" finished-at="2023-06-19T07:09:51 IST" duration-ms="479" status="PASS">
          <params>
            <param index="0">
              <value>
                <![CDATA[[TestResult name=VerifyEmpUpdateMisc status=SUCCESS method=JiViewsEmployeeAdministrationTest.VerifyEmpUpdateMisc()[pri:0, instance:com.jivi.auto.employeetest.JiViewsEmployeeAdministrationTest@46d51d5e] output={null}]]]>
              </value>
            </param>
          </params>
          <reporter-output>
          </reporter-output>
        </test-method> <!-- afterMethod -->
        <test-method is-config="true" signature="beforeMethod(java.lang.reflect.Method)[pri:0, instance:com.jivi.auto.employeetest.JiViewsEmployeeAdministrationTest@46d51d5e]" started-at="2023-06-19T07:09:51 IST" name="beforeMethod" finished-at="2023-06-19T07:09:52 IST" duration-ms="841" status="PASS">
          <params>
            <param index="0">
              <value>
                <![CDATA[public void com.jivi.auto.employeetest.JiViewsEmployeeAdministrationTest.VerifyLoginwithNewEmployee() throws java.lang.Exception]]>
              </value>
            </param>
          </params>
          <reporter-output>
          </reporter-output>
        </test-method> <!-- beforeMethod -->
        <test-method signature="VerifyLoginwithNewEmployee()[pri:0, instance:com.jivi.auto.employeetest.JiViewsEmployeeAdministrationTest@46d51d5e]" started-at="2023-06-19T07:09:52 IST" name="VerifyLoginwithNewEmployee" finished-at="2023-06-19T07:10:07 IST" duration-ms="14611" status="PASS">
          <reporter-output>
          </reporter-output>
        </test-method> <!-- VerifyLoginwithNewEmployee -->
        <test-method is-config="true" signature="afterMethod(org.testng.ITestResult)[pri:0, instance:com.jivi.auto.employeetest.JiViewsEmployeeAdministrationTest@46d51d5e]" started-at="2023-06-19T07:10:07 IST" name="afterMethod" finished-at="2023-06-19T07:10:07 IST" duration-ms="348" status="PASS">
          <params>
            <param index="0">
              <value>
                <![CDATA[[TestResult name=VerifyLoginwithNewEmployee status=SUCCESS method=JiViewsEmployeeAdministrationTest.VerifyLoginwithNewEmployee()[pri:0, instance:com.jivi.auto.employeetest.JiViewsEmployeeAdministrationTest@46d51d5e] output={null}]]]>
              </value>
            </param>
          </params>
          <reporter-output>
          </reporter-output>
        </test-method> <!-- afterMethod -->
        <test-method is-config="true" signature="beforeMethod(java.lang.reflect.Method)[pri:0, instance:com.jivi.auto.employeetest.JiViewsEmployeeAdministrationTest@46d51d5e]" started-at="2023-06-19T07:10:07 IST" name="beforeMethod" finished-at="2023-06-19T07:10:08 IST" duration-ms="780" status="PASS">
          <params>
            <param index="0">
              <value>
                <![CDATA[public void com.jivi.auto.employeetest.JiViewsEmployeeAdministrationTest.VerifyEmpProCreationFiveEmp() throws java.lang.Exception]]>
              </value>
            </param>
          </params>
          <reporter-output>
          </reporter-output>
        </test-method> <!-- beforeMethod -->
        <test-method signature="VerifyEmpProCreationFiveEmp()[pri:0, instance:com.jivi.auto.employeetest.JiViewsEmployeeAdministrationTest@46d51d5e]" started-at="2023-06-19T07:10:08 IST" name="VerifyEmpProCreationFiveEmp" finished-at="2023-06-19T07:15:06 IST" duration-ms="298001" status="PASS">
          <reporter-output>
          </reporter-output>
        </test-method> <!-- VerifyEmpProCreationFiveEmp -->
        <test-method is-config="true" signature="afterMethod(org.testng.ITestResult)[pri:0, instance:com.jivi.auto.employeetest.JiViewsEmployeeAdministrationTest@46d51d5e]" started-at="2023-06-19T07:15:06 IST" name="afterMethod" finished-at="2023-06-19T07:15:06 IST" duration-ms="524" status="PASS">
          <params>
            <param index="0">
              <value>
                <![CDATA[[TestResult name=VerifyEmpProCreationFiveEmp status=SUCCESS method=JiViewsEmployeeAdministrationTest.VerifyEmpProCreationFiveEmp()[pri:0, instance:com.jivi.auto.employeetest.JiViewsEmployeeAdministrationTest@46d51d5e] output={null}]]]>
              </value>
            </param>
          </params>
          <reporter-output>
          </reporter-output>
        </test-method> <!-- afterMethod -->
        <test-method is-config="true" signature="beforeMethod(java.lang.reflect.Method)[pri:0, instance:com.jivi.auto.employeetest.JiViewsEmployeeAdministrationTest@46d51d5e]" started-at="2023-06-19T07:15:06 IST" name="beforeMethod" finished-at="2023-06-19T07:15:07 IST" duration-ms="988" status="PASS">
          <params>
            <param index="0">
              <value>
                <![CDATA[public void com.jivi.auto.employeetest.JiViewsEmployeeAdministrationTest.VerifyTerminateEmployee() throws java.lang.Exception]]>
              </value>
            </param>
          </params>
          <reporter-output>
          </reporter-output>
        </test-method> <!-- beforeMethod -->
        <test-method signature="VerifyTerminateEmployee()[pri:0, instance:com.jivi.auto.employeetest.JiViewsEmployeeAdministrationTest@46d51d5e]" started-at="2023-06-19T07:15:07 IST" name="VerifyTerminateEmployee" finished-at="2023-06-19T07:16:11 IST" duration-ms="63883" status="PASS">
          <reporter-output>
          </reporter-output>
        </test-method> <!-- VerifyTerminateEmployee -->
        <test-method is-config="true" signature="afterMethod(org.testng.ITestResult)[pri:0, instance:com.jivi.auto.employeetest.JiViewsEmployeeAdministrationTest@46d51d5e]" started-at="2023-06-19T07:16:11 IST" name="afterMethod" finished-at="2023-06-19T07:16:12 IST" duration-ms="474" status="PASS">
          <params>
            <param index="0">
              <value>
                <![CDATA[[TestResult name=VerifyTerminateEmployee status=SUCCESS method=JiViewsEmployeeAdministrationTest.VerifyTerminateEmployee()[pri:0, instance:com.jivi.auto.employeetest.JiViewsEmployeeAdministrationTest@46d51d5e] output={null}]]]>
              </value>
            </param>
          </params>
          <reporter-output>
          </reporter-output>
        </test-method> <!-- afterMethod -->
        <test-method is-config="true" signature="afterClass()[pri:0, instance:com.jivi.auto.employeetest.JiViewsEmployeeAdministrationTest@46d51d5e]" started-at="2023-06-19T07:16:12 IST" name="afterClass" finished-at="2023-06-19T07:16:12 IST" duration-ms="0" status="PASS">
          <reporter-output>
          </reporter-output>
        </test-method> <!-- afterClass -->
      </class> <!-- com.jivi.auto.employeetest.JiViewsEmployeeAdministrationTest -->
    </test> <!-- Test2 -->
    <test started-at="2023-06-19T07:16:12 IST" name="Test3" finished-at="2023-06-19T07:21:36 IST" duration-ms="323919">
      <class name="com.jivi.auto.employeetest.RoaserSetup">
        <test-method is-config="true" signature="setUpClass()[pri:0, instance:com.jivi.auto.employeetest.RoaserSetup@77e5c765]" started-at="2023-06-19T07:16:12 IST" name="setUpClass" finished-at="2023-06-19T07:16:12 IST" duration-ms="0" status="PASS">
          <reporter-output>
          </reporter-output>
        </test-method> <!-- setUpClass -->
        <test-method is-config="true" signature="beforeMethod(java.lang.reflect.Method)[pri:0, instance:com.jivi.auto.employeetest.RoaserSetup@77e5c765]" started-at="2023-06-19T07:16:12 IST" name="beforeMethod" finished-at="2023-06-19T07:16:13 IST" duration-ms="898" status="PASS">
          <params>
            <param index="0">
              <value>
                <![CDATA[public void com.jivi.auto.employeetest.RoaserSetup.createShiftBandDefinition() throws java.lang.Exception]]>
              </value>
            </param>
          </params>
          <reporter-output>
          </reporter-output>
        </test-method> <!-- beforeMethod -->
        <test-method signature="createShiftBandDefinition()[pri:0, instance:com.jivi.auto.employeetest.RoaserSetup@77e5c765]" started-at="2023-06-19T07:16:13 IST" name="createShiftBandDefinition" finished-at="2023-06-19T07:16:56 IST" duration-ms="43182" status="PASS">
          <reporter-output>
          </reporter-output>
        </test-method> <!-- createShiftBandDefinition -->
        <test-method is-config="true" signature="afterMethod(org.testng.ITestResult)[pri:0, instance:com.jivi.auto.employeetest.RoaserSetup@77e5c765]" started-at="2023-06-19T07:16:56 IST" name="afterMethod" finished-at="2023-06-19T07:16:56 IST" duration-ms="287" status="PASS">
          <params>
            <param index="0">
              <value>
                <![CDATA[[TestResult name=createShiftBandDefinition status=SUCCESS method=RoaserSetup.createShiftBandDefinition()[pri:0, instance:com.jivi.auto.employeetest.RoaserSetup@77e5c765] output={null}]]]>
              </value>
            </param>
          </params>
          <reporter-output>
          </reporter-output>
        </test-method> <!-- afterMethod -->
        <test-method is-config="true" signature="beforeMethod(java.lang.reflect.Method)[pri:0, instance:com.jivi.auto.employeetest.RoaserSetup@77e5c765]" started-at="2023-06-19T07:16:56 IST" name="beforeMethod" finished-at="2023-06-19T07:16:57 IST" duration-ms="783" status="PASS">
          <params>
            <param index="0">
              <value>
                <![CDATA[public void com.jivi.auto.employeetest.RoaserSetup.rosterGroupAssignmentAddingSelectedEmp() throws java.lang.Exception]]>
              </value>
            </param>
          </params>
          <reporter-output>
          </reporter-output>
        </test-method> <!-- beforeMethod -->
        <test-method signature="rosterGroupAssignmentAddingSelectedEmp()[pri:0, instance:com.jivi.auto.employeetest.RoaserSetup@77e5c765]" started-at="2023-06-19T07:16:57 IST" name="rosterGroupAssignmentAddingSelectedEmp" finished-at="2023-06-19T07:18:06 IST" duration-ms="69136" status="PASS">
          <reporter-output>
          </reporter-output>
        </test-method> <!-- rosterGroupAssignmentAddingSelectedEmp -->
        <test-method is-config="true" signature="afterMethod(org.testng.ITestResult)[pri:0, instance:com.jivi.auto.employeetest.RoaserSetup@77e5c765]" started-at="2023-06-19T07:18:06 IST" name="afterMethod" finished-at="2023-06-19T07:18:06 IST" duration-ms="514" status="PASS">
          <params>
            <param index="0">
              <value>
                <![CDATA[[TestResult name=rosterGroupAssignmentAddingSelectedEmp status=SUCCESS method=RoaserSetup.rosterGroupAssignmentAddingSelectedEmp()[pri:0, instance:com.jivi.auto.employeetest.RoaserSetup@77e5c765] output={null}]]]>
              </value>
            </param>
          </params>
          <reporter-output>
          </reporter-output>
        </test-method> <!-- afterMethod -->
        <test-method is-config="true" signature="beforeMethod(java.lang.reflect.Method)[pri:0, instance:com.jivi.auto.employeetest.RoaserSetup@77e5c765]" started-at="2023-06-19T07:18:06 IST" name="beforeMethod" finished-at="2023-06-19T07:18:07 IST" duration-ms="807" status="PASS">
          <params>
            <param index="0">
              <value>
                <![CDATA[public void com.jivi.auto.employeetest.RoaserSetup.rosterGroupAssignmentRemoveSelectedEmp() throws java.lang.Exception]]>
              </value>
            </param>
          </params>
          <reporter-output>
          </reporter-output>
        </test-method> <!-- beforeMethod -->
        <test-method signature="rosterGroupAssignmentRemoveSelectedEmp()[pri:0, instance:com.jivi.auto.employeetest.RoaserSetup@77e5c765]" started-at="2023-06-19T07:18:07 IST" name="rosterGroupAssignmentRemoveSelectedEmp" finished-at="2023-06-19T07:19:14 IST" duration-ms="66890" status="PASS">
          <reporter-output>
          </reporter-output>
        </test-method> <!-- rosterGroupAssignmentRemoveSelectedEmp -->
        <test-method is-config="true" signature="afterMethod(org.testng.ITestResult)[pri:0, instance:com.jivi.auto.employeetest.RoaserSetup@77e5c765]" started-at="2023-06-19T07:19:14 IST" name="afterMethod" finished-at="2023-06-19T07:19:15 IST" duration-ms="471" status="PASS">
          <params>
            <param index="0">
              <value>
                <![CDATA[[TestResult name=rosterGroupAssignmentRemoveSelectedEmp status=SUCCESS method=RoaserSetup.rosterGroupAssignmentRemoveSelectedEmp()[pri:0, instance:com.jivi.auto.employeetest.RoaserSetup@77e5c765] output={null}]]]>
              </value>
            </param>
          </params>
          <reporter-output>
          </reporter-output>
        </test-method> <!-- afterMethod -->
        <test-method is-config="true" signature="beforeMethod(java.lang.reflect.Method)[pri:0, instance:com.jivi.auto.employeetest.RoaserSetup@77e5c765]" started-at="2023-06-19T07:19:15 IST" name="beforeMethod" finished-at="2023-06-19T07:19:15 IST" duration-ms="797" status="PASS">
          <params>
            <param index="0">
              <value>
                <![CDATA[public void com.jivi.auto.employeetest.RoaserSetup.rosterGroupAssignmentRemoveAllEmp() throws java.lang.Exception]]>
              </value>
            </param>
          </params>
          <reporter-output>
          </reporter-output>
        </test-method> <!-- beforeMethod -->
        <test-method signature="rosterGroupAssignmentRemoveAllEmp()[pri:0, instance:com.jivi.auto.employeetest.RoaserSetup@77e5c765]" started-at="2023-06-19T07:19:15 IST" name="rosterGroupAssignmentRemoveAllEmp" finished-at="2023-06-19T07:19:56 IST" duration-ms="40716" status="PASS">
          <reporter-output>
          </reporter-output>
        </test-method> <!-- rosterGroupAssignmentRemoveAllEmp -->
        <test-method is-config="true" signature="afterMethod(org.testng.ITestResult)[pri:0, instance:com.jivi.auto.employeetest.RoaserSetup@77e5c765]" started-at="2023-06-19T07:19:56 IST" name="afterMethod" finished-at="2023-06-19T07:19:57 IST" duration-ms="464" status="PASS">
          <params>
            <param index="0">
              <value>
                <![CDATA[[TestResult name=rosterGroupAssignmentRemoveAllEmp status=SUCCESS method=RoaserSetup.rosterGroupAssignmentRemoveAllEmp()[pri:0, instance:com.jivi.auto.employeetest.RoaserSetup@77e5c765] output={null}]]]>
              </value>
            </param>
          </params>
          <reporter-output>
          </reporter-output>
        </test-method> <!-- afterMethod -->
        <test-method is-config="true" signature="beforeMethod(java.lang.reflect.Method)[pri:0, instance:com.jivi.auto.employeetest.RoaserSetup@77e5c765]" started-at="2023-06-19T07:19:57 IST" name="beforeMethod" finished-at="2023-06-19T07:19:57 IST" duration-ms="741" status="PASS">
          <params>
            <param index="0">
              <value>
                <![CDATA[public void com.jivi.auto.employeetest.RoaserSetup.rosterCreation() throws java.lang.Exception]]>
              </value>
            </param>
          </params>
          <reporter-output>
          </reporter-output>
        </test-method> <!-- beforeMethod -->
        <test-method signature="rosterCreation()[pri:0, instance:com.jivi.auto.employeetest.RoaserSetup@77e5c765]" started-at="2023-06-19T07:19:57 IST" name="rosterCreation" finished-at="2023-06-19T07:21:35 IST" duration-ms="97810" status="PASS">
          <reporter-output>
          </reporter-output>
        </test-method> <!-- rosterCreation -->
        <test-method is-config="true" signature="afterMethod(org.testng.ITestResult)[pri:0, instance:com.jivi.auto.employeetest.RoaserSetup@77e5c765]" started-at="2023-06-19T07:21:35 IST" name="afterMethod" finished-at="2023-06-19T07:21:36 IST" duration-ms="412" status="PASS">
          <params>
            <param index="0">
              <value>
                <![CDATA[[TestResult name=rosterCreation status=SUCCESS method=RoaserSetup.rosterCreation()[pri:0, instance:com.jivi.auto.employeetest.RoaserSetup@77e5c765] output={null}]]]>
              </value>
            </param>
          </params>
          <reporter-output>
          </reporter-output>
        </test-method> <!-- afterMethod -->
        <test-method is-config="true" signature="afterClass()[pri:0, instance:com.jivi.auto.employeetest.RoaserSetup@77e5c765]" started-at="2023-06-19T07:21:36 IST" name="afterClass" finished-at="2023-06-19T07:21:36 IST" duration-ms="0" status="PASS">
          <reporter-output>
          </reporter-output>
        </test-method> <!-- afterClass -->
        <test-method is-config="true" signature="endTest()[pri:0, instance:com.jivi.auto.employeetest.RoaserSetup@77e5c765]" started-at="2023-06-19T07:21:36 IST" name="endTest" finished-at="2023-06-19T07:21:36 IST" duration-ms="0" status="PASS">
          <reporter-output>
          </reporter-output>
        </test-method> <!-- endTest -->
      </class> <!-- com.jivi.auto.employeetest.RoaserSetup -->
    </test> <!-- Test3 -->
    <test started-at="2023-06-19T07:21:36 IST" name="Test4" finished-at="2023-06-19T07:24:04 IST" duration-ms="148701">
      <class name="com.jivi.auto.employeetest.WorkloadPlanner">
        <test-method is-config="true" signature="setUpClass()[pri:0, instance:com.jivi.auto.employeetest.WorkloadPlanner@32b1e906]" started-at="2023-06-19T07:21:36 IST" name="setUpClass" finished-at="2023-06-19T07:21:36 IST" duration-ms="0" status="PASS">
          <reporter-output>
          </reporter-output>
        </test-method> <!-- setUpClass -->
        <test-method is-config="true" signature="beforeMethod(java.lang.reflect.Method)[pri:0, instance:com.jivi.auto.employeetest.WorkloadPlanner@32b1e906]" started-at="2023-06-19T07:21:36 IST" name="beforeMethod" finished-at="2023-06-19T07:21:36 IST" duration-ms="782" status="PASS">
          <params>
            <param index="0">
              <value>
                <![CDATA[public void com.jivi.auto.employeetest.WorkloadPlanner.createVesselSchedule() throws java.lang.Exception]]>
              </value>
            </param>
          </params>
          <reporter-output>
          </reporter-output>
        </test-method> <!-- beforeMethod -->
        <test-method signature="createVesselSchedule()[pri:0, instance:com.jivi.auto.employeetest.WorkloadPlanner@32b1e906]" started-at="2023-06-19T07:21:36 IST" name="createVesselSchedule" finished-at="2023-06-19T07:24:04 IST" duration-ms="147197" status="FAIL">
          <exception class="org.openqa.selenium.ElementClickInterceptedException">
            <message>
              <![CDATA[element click intercepted: Element <a class="nav-link" data-toggle="tab" href="#dp-task-summary" style="">...</a> is not clickable at point (523, 517). Other element would receive the click: <div class="blockUI blockOverlay" style="z-index: 1000; border: none; margin: 0px; padding: 0px; width: 100%; height: 100%; top: 0px; left: 0px; background-color: rgb(255, 255, 255); opacity: 0.8; cursor: wait; position: absolute;"></div>
  (Session info: chrome=114.0.5735.134)
Build info: version: '4.1.2', revision: '9a5a329c5a'
System info: host: 'ASHOK', ip: '192.168.0.103', os.name: 'Windows 11', os.arch: 'amd64', os.version: '10.0', java.version: '17.0.5'
Driver info: org.openqa.selenium.chrome.ChromeDriver
Command: [debfc94baf543dbd2fb5007ac7c9e91a, clickElement {id=5AB5A2CD263217FF11CA2AC2A02A2354_element_620}]
Capabilities {acceptInsecureCerts: false, browserName: chrome, browserVersion: 114.0.5735.134, chrome: {chromedriverVersion: 114.0.5735.90 (386bc09e8f4f..., userDataDir: C:\Users\ashok\AppData\Loca...}, goog:chromeOptions: {debuggerAddress: localhost:60836}, javascriptEnabled: true, networkConnectionEnabled: false, pageLoadStrategy: normal, platform: WINDOWS, platformName: WINDOWS, proxy: Proxy(), se:cdp: ws://localhost:60836/devtoo..., se:cdpVersion: 114.0.5735.134, setWindowRect: true, strictFileInteractability: false, timeouts: {implicit: 0, pageLoad: 300000, script: 30000}, unhandledPromptBehavior: dismiss and notify, webauthn:extension:credBlob: true, webauthn:extension:largeBlob: true, webauthn:extension:minPinLength: true, webauthn:extension:prf: true, webauthn:virtualAuthenticators: true}
Element: [[ChromeDriver: chrome on WINDOWS (debfc94baf543dbd2fb5007ac7c9e91a)] -> xpath: //*[text()='Skill Summary']]
Session ID: debfc94baf543dbd2fb5007ac7c9e91a]]>
            </message>
            <full-stacktrace>
              <![CDATA[org.openqa.selenium.ElementClickInterceptedException: element click intercepted: Element <a class="nav-link" data-toggle="tab" href="#dp-task-summary" style="">...</a> is not clickable at point (523, 517). Other element would receive the click: <div class="blockUI blockOverlay" style="z-index: 1000; border: none; margin: 0px; padding: 0px; width: 100%; height: 100%; top: 0px; left: 0px; background-color: rgb(255, 255, 255); opacity: 0.8; cursor: wait; position: absolute;"></div>
  (Session info: chrome=114.0.5735.134)
Build info: version: '4.1.2', revision: '9a5a329c5a'
System info: host: 'ASHOK', ip: '192.168.0.103', os.name: 'Windows 11', os.arch: 'amd64', os.version: '10.0', java.version: '17.0.5'
Driver info: org.openqa.selenium.chrome.ChromeDriver
Command: [debfc94baf543dbd2fb5007ac7c9e91a, clickElement {id=5AB5A2CD263217FF11CA2AC2A02A2354_element_620}]
Capabilities {acceptInsecureCerts: false, browserName: chrome, browserVersion: 114.0.5735.134, chrome: {chromedriverVersion: 114.0.5735.90 (386bc09e8f4f..., userDataDir: C:\Users\ashok\AppData\Loca...}, goog:chromeOptions: {debuggerAddress: localhost:60836}, javascriptEnabled: true, networkConnectionEnabled: false, pageLoadStrategy: normal, platform: WINDOWS, platformName: WINDOWS, proxy: Proxy(), se:cdp: ws://localhost:60836/devtoo..., se:cdpVersion: 114.0.5735.134, setWindowRect: true, strictFileInteractability: false, timeouts: {implicit: 0, pageLoad: 300000, script: 30000}, unhandledPromptBehavior: dismiss and notify, webauthn:extension:credBlob: true, webauthn:extension:largeBlob: true, webauthn:extension:minPinLength: true, webauthn:extension:prf: true, webauthn:virtualAuthenticators: true}
Element: [[ChromeDriver: chrome on WINDOWS (debfc94baf543dbd2fb5007ac7c9e91a)] -> xpath: //*[text()='Skill Summary']]
Session ID: debfc94baf543dbd2fb5007ac7c9e91a
at java.base/jdk.internal.reflect.NativeConstructorAccessorImpl.newInstance0(Native Method)
at java.base/jdk.internal.reflect.NativeConstructorAccessorImpl.newInstance(NativeConstructorAccessorImpl.java:77)
at java.base/jdk.internal.reflect.DelegatingConstructorAccessorImpl.newInstance(DelegatingConstructorAccessorImpl.java:45)
at java.base/java.lang.reflect.Constructor.newInstanceWithCaller(Constructor.java:499)
at java.base/java.lang.reflect.Constructor.newInstance(Constructor.java:480)
at org.openqa.selenium.remote.codec.w3c.W3CHttpResponseCodec.createException(W3CHttpResponseCodec.java:200)
at org.openqa.selenium.remote.codec.w3c.W3CHttpResponseCodec.decode(W3CHttpResponseCodec.java:133)
at org.openqa.selenium.remote.codec.w3c.W3CHttpResponseCodec.decode(W3CHttpResponseCodec.java:53)
at org.openqa.selenium.remote.HttpCommandExecutor.execute(HttpCommandExecutor.java:184)
at org.openqa.selenium.remote.service.DriverCommandExecutor.invokeExecute(DriverCommandExecutor.java:167)
at org.openqa.selenium.remote.service.DriverCommandExecutor.execute(DriverCommandExecutor.java:142)
at org.openqa.selenium.remote.RemoteWebDriver.execute(RemoteWebDriver.java:558)
at org.openqa.selenium.remote.RemoteWebElement.execute(RemoteWebElement.java:251)
at org.openqa.selenium.remote.RemoteWebElement.click(RemoteWebElement.java:77)
at jdk.internal.reflect.GeneratedMethodAccessor21.invoke(Unknown Source)
at java.base/jdk.internal.reflect.DelegatingMethodAccessorImpl.invoke(DelegatingMethodAccessorImpl.java:43)
at java.base/java.lang.reflect.Method.invoke(Method.java:568)
at org.openqa.selenium.support.pagefactory.internal.LocatingElementHandler.invoke(LocatingElementHandler.java:52)
at jdk.proxy2/jdk.proxy2.$Proxy18.click(Unknown Source)
at com.jivi.auto.pageobjectutils.WebElementKeys.click(WebElementKeys.java:58)
at com.jivi.auto.employeepages.WorkLoadPlanning.validateSkillSummary(WorkLoadPlanning.java:322)
at com.jivi.auto.employeetest.WorkloadPlanner.createVesselSchedule(WorkloadPlanner.java:75)
at java.base/jdk.internal.reflect.NativeMethodAccessorImpl.invoke0(Native Method)
at java.base/jdk.internal.reflect.NativeMethodAccessorImpl.invoke(NativeMethodAccessorImpl.java:77)
at java.base/jdk.internal.reflect.DelegatingMethodAccessorImpl.invoke(DelegatingMethodAccessorImpl.java:43)
at java.base/java.lang.reflect.Method.invoke(Method.java:568)
at org.testng.internal.MethodInvocationHelper.invokeMethod(MethodInvocationHelper.java:134)
at org.testng.internal.TestInvoker.invokeMethod(TestInvoker.java:597)
at org.testng.internal.TestInvoker.invokeTestMethod(TestInvoker.java:173)
at org.testng.internal.MethodRunner.runInSequence(MethodRunner.java:46)
at org.testng.internal.TestInvoker$MethodInvocationAgent.invoke(TestInvoker.java:816)
at org.testng.internal.TestInvoker.invokeTestMethods(TestInvoker.java:146)
at org.testng.internal.TestMethodWorker.invokeTestMethods(TestMethodWorker.java:146)
at org.testng.internal.TestMethodWorker.run(TestMethodWorker.java:128)
at java.base/java.util.ArrayList.forEach(ArrayList.java:1511)
at org.testng.TestRunner.privateRun(TestRunner.java:766)
at org.testng.TestRunner.run(TestRunner.java:587)
at org.testng.SuiteRunner.runTest(SuiteRunner.java:384)
at org.testng.SuiteRunner.runSequentially(SuiteRunner.java:378)
at org.testng.SuiteRunner.privateRun(SuiteRunner.java:337)
at org.testng.SuiteRunner.run(SuiteRunner.java:286)
at org.testng.SuiteRunnerWorker.runSuite(SuiteRunnerWorker.java:53)
at org.testng.SuiteRunnerWorker.run(SuiteRunnerWorker.java:96)
at org.testng.TestNG.runSuitesSequentially(TestNG.java:1187)
at org.testng.TestNG.runSuitesLocally(TestNG.java:1109)
at org.testng.TestNG.runSuites(TestNG.java:1039)
at org.testng.TestNG.run(TestNG.java:1007)
at com.jivi.auto.driver.JiviewsMainClass.main(JiviewsMainClass.java:27)
]]>
            </full-stacktrace>
          </exception> <!-- org.openqa.selenium.ElementClickInterceptedException -->
          <reporter-output>
          </reporter-output>
        </test-method> <!-- createVesselSchedule -->
        <test-method is-config="true" signature="afterMethod(org.testng.ITestResult)[pri:0, instance:com.jivi.auto.employeetest.WorkloadPlanner@32b1e906]" started-at="2023-06-19T07:24:04 IST" name="afterMethod" finished-at="2023-06-19T07:24:04 IST" duration-ms="722" status="PASS">
          <params>
            <param index="0">
              <value>
                <![CDATA[[TestResult name=createVesselSchedule status=FAILURE method=WorkloadPlanner.createVesselSchedule()[pri:0, instance:com.jivi.auto.employeetest.WorkloadPlanner@32b1e906] output={null}]]]>
              </value>
            </param>
          </params>
          <reporter-output>
          </reporter-output>
        </test-method> <!-- afterMethod -->
        <test-method is-config="true" signature="afterClass()[pri:0, instance:com.jivi.auto.employeetest.WorkloadPlanner@32b1e906]" started-at="2023-06-19T07:24:04 IST" name="afterClass" finished-at="2023-06-19T07:24:04 IST" duration-ms="0" status="PASS">
          <reporter-output>
          </reporter-output>
        </test-method> <!-- afterClass -->
      </class> <!-- com.jivi.auto.employeetest.WorkloadPlanner -->
    </test> <!-- Test4 -->
    <test started-at="2023-06-19T07:24:04 IST" name="Test5" finished-at="2023-06-19T07:27:06 IST" duration-ms="181235">
      <class name="com.jivi.auto.employeetest.TimeAndAttendanceTest">
        <test-method is-config="true" signature="beforeMethod(java.lang.reflect.Method)[pri:0, instance:com.jivi.auto.employeetest.TimeAndAttendanceTest@3c538e62]" started-at="2023-06-19T07:24:04 IST" name="beforeMethod" finished-at="2023-06-19T07:24:05 IST" duration-ms="909" status="PASS">
          <params>
            <param index="0">
              <value>
                <![CDATA[public void com.jivi.auto.employeetest.TimeAndAttendanceTest.attendaceRecon() throws java.lang.Exception]]>
              </value>
            </param>
          </params>
          <reporter-output>
          </reporter-output>
        </test-method> <!-- beforeMethod -->
        <test-method is-config="true" signature="setUpClass()[pri:0, instance:com.jivi.auto.employeetest.TimeAndAttendanceTest@3c538e62]" started-at="2023-06-19T07:24:04 IST" name="setUpClass" finished-at="2023-06-19T07:24:04 IST" duration-ms="0" status="PASS">
          <reporter-output>
          </reporter-output>
        </test-method> <!-- setUpClass -->
        <test-method signature="attendaceRecon()[pri:0, instance:com.jivi.auto.employeetest.TimeAndAttendanceTest@3c538e62]" started-at="2023-06-19T07:24:05 IST" name="attendaceRecon" finished-at="2023-06-19T07:27:06 IST" duration-ms="180204" status="FAIL">
          <exception class="org.openqa.selenium.WebDriverException">
            <message>
              <![CDATA[disconnected: unable to send message to renderer
  (failed to check if window was closed: disconnected: not connected to DevTools)
  (Session info: chrome=114.0.5735.134)
Build info: version: '4.1.2', revision: '9a5a329c5a'
System info: host: 'ASHOK', ip: '192.168.0.103', os.name: 'Windows 11', os.arch: 'amd64', os.version: '10.0', java.version: '17.0.5'
Driver info: org.openqa.selenium.chrome.ChromeDriver
Command: [d1372e8dcd656a174792612ab8495ad0, findElement {using=xpath, value=//button[text()='Yes']}]
[...]
at jdk.internal.reflect.GeneratedMethodAccessor60.invoke(Unknown Source)
at java.base/jdk.internal.reflect.DelegatingMethodAccessorImpl.invoke(DelegatingMethodAccessorImpl.java:43)
at java.base/java.lang.reflect.Method.invoke(Method.java:568)
at org.testng.internal.MethodInvocationHelper.invokeMethod(MethodInvocationHelper.java:134)
at org.testng.internal.MethodInvocationHelper.invokeMethodConsideringTimeout(MethodInvocationHelper.java:63)
at org.testng.internal.ConfigInvoker.invokeConfigurationMethod(ConfigInvoker.java:348)
at org.testng.internal.ConfigInvoker.invokeConfigurations(ConfigInvoker.java:302)
at org.testng.internal.TestInvoker.runConfigMethods(TestInvoker.java:695)
at org.testng.internal.TestInvoker.runAfterGroupsConfigurations(TestInvoker.java:671)
at org.testng.internal.TestInvoker.invokeMethod(TestInvoker.java:655)
at org.testng.internal.TestInvoker.invokeTestMethod(TestInvoker.java:173)
at org.testng.internal.MethodRunner.runInSequence(MethodRunner.java:46)
at org.testng.internal.TestInvoker$MethodInvocationAgent.invoke(TestInvoker.java:816)
at org.testng.internal.TestInvoker.invokeTestMethods(TestInvoker.java:146)
at org.testng.internal.TestMethodWorker.invokeTestMethods(TestMethodWorker.java:146)
at org.testng.internal.TestMethodWorker.run(TestMethodWorker.java:128)
at java.base/java.util.ArrayList.forEach(ArrayList.java:1511)
at org.testng.TestRunner.privateRun(TestRunner.java:766)
at org.testng.TestRunner.run(TestRunner.java:587)
at org.testng.SuiteRunner.runTest(SuiteRunner.java:384)
at org.testng.SuiteRunner.runSequentially(SuiteRunner.java:378)
at org.testng.SuiteRunner.privateRun(SuiteRunner.java:337)
at org.testng.SuiteRunner.run(SuiteRunner.java:286)
at org.testng.SuiteRunnerWorker.runSuite(SuiteRunnerWorker.java:53)
at org.testng.SuiteRunnerWorker.run(SuiteRunnerWorker.java:96)
at org.testng.TestNG.runSuitesSequentially(TestNG.java:1187)
at org.testng.TestNG.runSuitesLocally(TestNG.java:1109)
at org.testng.TestNG.runSuites(TestNG.java:1039)
at org.testng.TestNG.run(TestNG.java:1007)
at com.jivi.auto.driver.JiviewsMainClass.main(JiviewsMainClass.java:27)
]]>
            </full-stacktrace>
          </exception> <!-- org.openqa.selenium.WebDriverException -->
          <reporter-output>
          </reporter-output>
        </test-method> <!-- employeeSelfServiceApplyTimeOff -->
        <test-method is-config="true" signature="beforeMethod(java.lang.reflect.Method)[pri:0, instance:com.jivi.auto.employeetest.EmployeeSelfServiceTest@6655f3cd]" started-at="2023-06-19T07:27:06 IST" name="beforeMethod" finished-at="1970-01-01T05:30:00 IST" duration-ms="-1687139826225" status="SKIP">
          <reporter-output>
          </reporter-output>
        </test-method> <!-- beforeMethod -->
        <test-method is-config="true" signature="afterMethod(org.testng.ITestResult)[pri:0, instance:com.jivi.auto.employeetest.EmployeeSelfServiceTest@6655f3cd]" started-at="2023-06-19T07:27:06 IST" name="afterMethod" finished-at="1970-01-01T05:30:00 IST" duration-ms="-1687139826225" status="SKIP">
          <reporter-output>
          </reporter-output>
        </test-method> <!-- afterMethod -->
      </class> <!-- com.jivi.auto.employeetest.EmployeeSelfServiceTest -->
    </test> <!-- Test6 -->
    <test started-at="2023-06-19T07:27:06 IST" name="Test7" finished-at="2023-06-19T07:27:06 IST" duration-ms="29">
      <class name="com.jivi.auto.employeetest.HSSEPlanner">
        <test-method is-config="true" signature="beforeSuiteSetup()[pri:0, instance:com.jivi.auto.employeetest.HSSEPlanner@25b8f9d2]" started-at="2023-06-19T06:49:47 IST" name="beforeSuiteSetup" finished-at="2023-06-19T06:49:47 IST" duration-ms="239" status="PASS">
          <reporter-output>
          </reporter-output>
        </test-method> <!-- beforeSuiteSetup -->
        <test-method is-config="true" signature="setUpClass()[pri:0, instance:com.jivi.auto.employeetest.HSSEPlanner@25b8f9d2]" started-at="2023-06-19T07:27:06 IST" name="setUpClass" finished-at="2023-06-19T07:27:06 IST" duration-ms="0" status="PASS">
          <reporter-output>
          </reporter-output>
        </test-method> <!-- setUpClass -->
        <test-method is-config="true" signature="beforeMethod(java.lang.reflect.Method)[pri:0, instance:com.jivi.auto.employeetest.HSSEPlanner@25b8f9d2]" started-at="2023-06-19T07:27:06 IST" name="beforeMethod" finished-at="2023-06-19T07:27:06 IST" duration-ms="0" status="PASS">
          <params>
            <param index="0">
              <value>
                <![CDATA[public void com.jivi.auto.employeetest.HSSEPlanner.createHSSEPlanning() throws java.lang.Exception]]>
              </value>
            </param>
          </params>
          <reporter-output>
          </reporter-output>
        </test-method> <!-- beforeMethod -->
        <test-method signature="createHSSEPlanning()[pri:0, instance:com.jivi.auto.employeetest.HSSEPlanner@25b8f9d2]" started-at="2023-06-19T07:27:06 IST" name="createHSSEPlanning" finished-at="2023-06-19T07:27:06 IST" duration-ms="4" status="FAIL">
          <exception class="org.openqa.selenium.WebDriverException">
            <message>
              <![CDATA[disconnected: not connected to DevTools
  (failed to check if window was closed: disconnected: not connected to DevTools)
  (Session info: chrome=114.0.5735.134)
Build info: version: '4.1.2', revision: '9a5a329c5a'
System info: host: 'ASHOK', ip: '192.168.0.103', os.name: 'Windows 11', os.arch: 'amd64', os.version: '10.0', java.version: '17.0.5'
Driver info: org.openqa.selenium.chrome.ChromeDriver
Command: [d1372e8dcd656a174792612ab8495ad0, get {url=https://www.jiviews.com/DEMO/Home}]
Capabilities {acceptInsecureCerts: false, browserName: chrome, browserVersion: 114.0.5735.134, chrome: {chromedriverVersion: 114.0.5735.90 (386bc09e8f4f..., userDataDir: C:\Users\ashok\AppData\Loca...}, goog:chromeOptions: {debuggerAddress: localhost:60877}, javascriptEnabled: true, networkConnectionEnabled: false, pageLoadStrategy: normal, platform: WINDOWS, platformName: WINDOWS, proxy: Proxy(), se:cdp: ws://localhost:60877/devtoo..., se:cdpVersion: 114.0.5735.134, setWindowRect: true, strictFileInteractability: false, timeouts: {implicit: 0, pageLoad: 300000, script: 30000}, unhandledPromptBehavior: dismiss and notify, webauthn:extension:credBlob: true, webauthn:extension:largeBlob: true, webauthn:extension:minPinLength: true, webauthn:extension:prf: true, webauthn:virtualAuthenticators: true}
Session ID: d1372e8dcd656a174792612ab8495ad0]]>
            </message>
            <full-stacktrace>
              <![CDATA[org.openqa.selenium.WebDriverException: disconnected: not connected to DevTools
  (failed to check if window was closed: disconnected: not connected to DevTools)
  (Session info: chrome=114.0.5735.134)
Build info: version: '4.1.2', revision: '9a5a329c5a'
System info: host: 'ASHOK', ip: '192.168.0.103', os.name: 'Windows 11', os.arch: 'amd64', os.version: '10.0', java.version: '17.0.5'
Driver info: org.openqa.selenium.chrome.ChromeDriver
Command: [d1372e8dcd656a174792612ab8495ad0, get {url=https://www.jiviews.com/DEMO/Home}]
Capabilities {acceptInsecureCerts: false, browserName: chrome, browserVersion: 114.0.5735.134, chrome: {chromedriverVersion: 114.0.5735.90 (386bc09e8f4f..., userDataDir: C:\Users\ashok\AppData\Loca...}, goog:chromeOptions: {debuggerAddress: localhost:60877}, javascriptEnabled: true, networkConnectionEnabled: false, pageLoadStrategy: normal, platform: WINDOWS, platformName: WINDOWS, proxy: Proxy(), se:cdp: ws://localhost:60877/devtoo..., se:cdpVersion: 114.0.5735.134, setWindowRect: true, strictFileInteractability: false, timeouts: {implicit: 0, pageLoad: 300000, script: 30000}, unhandledPromptBehavior: dismiss and notify, webauthn:extension:credBlob: true, webauthn:extension:largeBlob: true, webauthn:extension:minPinLength: true, webauthn:extension:prf: true, webauthn:virtualAuthenticators: true}
Session ID: d1372e8dcd656a174792612ab8495ad0
at java.base/jdk.internal.reflect.NativeConstructorAccessorImpl.newInstance0(Native Method)
at java.base/jdk.internal.reflect.NativeConstructorAccessorImpl.newInstance(NativeConstructorAccessorImpl.java:77)
at java.base/jdk.internal.reflect.DelegatingConstructorAccessorImpl.newInstance(DelegatingConstructorAccessorImpl.java:45)
at java.base/java.lang.reflect.Constructor.newInstanceWithCaller(Constructor.java:499)
at java.base/java.lang.reflect.Constructor.newInstance(Constructor.java:480)
at org.openqa.selenium.remote.codec.w3c.W3CHttpResponseCodec.createException(W3CHttpResponseCodec.java:200)
at org.openqa.selenium.remote.codec.w3c.W3CHttpResponseCodec.decode(W3CHttpResponseCodec.java:133)
at org.openqa.selenium.remote.codec.w3c.W3CHttpResponseCodec.decode(W3CHttpResponseCodec.java:53)
at org.openqa.selenium.remote.HttpCommandExecutor.execute(HttpCommandExecutor.java:184)
at org.openqa.selenium.remote.service.DriverCommandExecutor.invokeExecute(DriverCommandExecutor.java:167)
at org.openqa.selenium.remote.service.DriverCommandExecutor.execute(DriverCommandExecutor.java:142)
at org.openqa.selenium.remote.RemoteWebDriver.execute(RemoteWebDriver.java:558)
at org.openqa.selenium.remote.RemoteWebDriver.get(RemoteWebDriver.java:327)
at com.jivi.auto.utilities.BaseTest.goTo(BaseTest.java:250)
at com.jivi.auto.utilities.BaseTest.launchBrowser(BaseTest.java:237)
at com.jivi.auto.utilities.BaseTest.setupTest(BaseTest.java:157)
at com.jivi.auto.employeetest.HSSEPlanner.createHSSEPlanning(HSSEPlanner.java:54)
at java.base/jdk.internal.reflect.NativeMethodAccessorImpl.invoke0(Native Method)
at java.base/jdk.internal.reflect.NativeMethodAccessorImpl.invoke(NativeMethodAccessorImpl.java:77)
at java.base/jdk.internal.reflect.DelegatingMethodAccessorImpl.invoke(DelegatingMethodAccessorImpl.java:43)
at java.base/java.lang.reflect.Method.invoke(Method.java:568)
at org.testng.internal.MethodInvocationHelper.invokeMethod(MethodInvocationHelper.java:134)
at org.testng.internal.TestInvoker.invokeMethod(TestInvoker.java:597)
at org.testng.internal.TestInvoker.invokeTestMethod(TestInvoker.java:173)
at org.testng.internal.MethodRunner.runInSequence(MethodRunner.java:46)
at org.testng.internal.TestInvoker$MethodInvocationAgent.invoke(TestInvoker.java:816)
at org.testng.internal.TestInvoker.invokeTestMethods(TestInvoker.java:146)
at org.testng.internal.TestMethodWorker.invokeTestMethods(TestMethodWorker.java:146)
at org.testng.internal.TestMethodWorker.run(TestMethodWorker.java:128)
at java.base/java.util.ArrayList.forEach(ArrayList.java:1511)
at org.testng.TestRunner.privateRun(TestRunner.java:766)
at org.testng.TestRunner.run(TestRunner.java:587)
at org.testng.SuiteRunner.runTest(SuiteRunner.java:384)
at org.testng.SuiteRunner.runSequentially(SuiteRunner.java:378)
at org.testng.SuiteRunner.privateRun(SuiteRunner.java:337)
at org.testng.SuiteRunner.run(SuiteRunner.java:286)
at org.testng.SuiteRunnerWorker.runSuite(SuiteRunnerWorker.java:53)
at org.testng.SuiteRunnerWorker.run(SuiteRunnerWorker.java:96)
at org.testng.TestNG.runSuitesSequentially(TestNG.java:1187)
at org.testng.TestNG.runSuitesLocally(TestNG.java:1109)
at org.testng.TestNG.runSuites(TestNG.java:1039)
at org.testng.TestNG.run(TestNG.java:1007)
at com.jivi.auto.driver.JiviewsMainClass.main(JiviewsMainClass.java:27)
]]>
            </full-stacktrace>
          </exception> <!-- org.openqa.selenium.WebDriverException -->
          <reporter-output>
          </reporter-output>
        </test-method> <!-- createHSSEPlanning -->
        <test-method is-config="true" signature="afterMethod(org.testng.ITestResult)[pri:0, instance:com.jivi.auto.employeetest.HSSEPlanner@25b8f9d2]" started-at="2023-06-19T07:27:06 IST" name="afterMethod" finished-at="2023-06-19T07:27:06 IST" duration-ms="19" status="FAIL">
          <params>
            <param index="0">
              <value>
                <![CDATA[[TestResult name=createHSSEPlanning status=FAILURE method=HSSEPlanner.createHSSEPlanning()[pri:0, instance:com.jivi.auto.employeetest.HSSEPlanner@25b8f9d2] output={null}]]]>
              </value>
            </param>
          </params>
          <exception class="org.openqa.selenium.WebDriverException">
            <message>
              <![CDATA[disconnected: not connected to DevTools
  (failed to check if window was closed: disconnected: not connected to DevTools)
  (Session info: chrome=114.0.5735.134)
Build info: version: '4.1.2', revision: '9a5a329c5a'
System info: host: 'ASHOK', ip: '192.168.0.103', os.name: 'Windows 11', os.arch: 'amd64', os.version: '10.0', java.version: '17.0.5'
Driver info: org.openqa.selenium.chrome.ChromeDriver
Command: [d1372e8dcd656a174792612ab8495ad0, screenshot {}]
Capabilities {acceptInsecureCerts: false, browserName: chrome, browserVersion: 114.0.5735.134, chrome: {chromedriverVersion: 114.0.5735.90 (386bc09e8f4f..., userDataDir: C:\Users\ashok\AppData\Loca...}, goog:chromeOptions: {debuggerAddress: localhost:60877}, javascriptEnabled: true, networkConnectionEnabled: false, pageLoadStrategy: normal, platform: WINDOWS, platformName: WINDOWS, proxy: Proxy(), se:cdp: ws://localhost:60877/devtoo..., se:cdpVersion: 114.0.5735.134, setWindowRect: true, strictFileInteractability: false, timeouts: {implicit: 0, pageLoad: 300000, script: 30000}, unhandledPromptBehavior: dismiss and notify, webauthn:extension:credBlob: true, webauthn:extension:largeBlob: true, webauthn:extension:minPinLength: true, webauthn:extension:prf: true, webauthn:virtualAuthenticators: true}
Session ID: d1372e8dcd656a174792612ab8495ad0]]>
            </message>
            <full-stacktrace>
              <![CDATA[org.openqa.selenium.WebDriverException: disconnected: not connected to DevTools
  (failed to check if window was closed: disconnected: not connected to DevTools)
  (Session info: chrome=114.0.5735.134)
Build info: version: '4.1.2', revision: '9a5a329c5a'
System info: host: 'ASHOK', ip: '192.168.0.103', os.name: 'Windows 11', os.arch: 'amd64', os.version: '10.0', java.version: '17.0.5'
Driver info: org.openqa.selenium.chrome.ChromeDriver
Command: [d1372e8dcd656a174792612ab8495ad0, screenshot {}]
Capabilities {acceptInsecureCerts: false, browserName: chrome, browserVersion: 114.0.5735.134, chrome: {chromedriverVersion: 114.0.5735.90 (386bc09e8f4f..., userDataDir: C:\Users\ashok\AppData\Loca...}, goog:chromeOptions: {debuggerAddress: localhost:60877}, javascriptEnabled: true, networkConnectionEnabled: false, pageLoadStrategy: normal, platform: WINDOWS, platformName: WINDOWS, proxy: Proxy(), se:cdp: ws://localhost:60877/devtoo..., se:cdpVersion: 114.0.5735.134, setWindowRect: true, strictFileInteractability: false, timeouts: {implicit: 0, pageLoad: 300000, script: 30000}, unhandledPromptBehavior: dismiss and notify, webauthn:extension:credBlob: true, webauthn:extension:largeBlob: true, webauthn:extension:minPinLength: true, webauthn:extension:prf: true, webauthn:virtualAuthenticators: true}
Session ID: d1372e8dcd656a174792612ab8495ad0
at java.base/jdk.internal.reflect.NativeConstructorAccessorImpl.newInstance0(Native Method)
at java.base/jdk.internal.reflect.NativeConstructorAccessorImpl.newInstance(NativeConstructorAccessorImpl.java:77)
at java.base/jdk.internal.reflect.DelegatingConstructorAccessorImpl.newInstance(DelegatingConstructorAccessorImpl.java:45)
at java.base/java.lang.reflect.Constructor.newInstanceWithCaller(Constructor.java:499)
at java.base/java.lang.reflect.Constructor.newInstance(Constructor.java:480)
at org.openqa.selenium.remote.codec.w3c.W3CHttpResponseCodec.createException(W3CHttpResponseCodec.java:200)
at org.openqa.selenium.remote.codec.w3c.W3CHttpResponseCodec.decode(W3CHttpResponseCodec.java:133)
at org.openqa.selenium.remote.codec.w3c.W3CHttpResponseCodec.decode(W3CHttpResponseCodec.java:53)
at org.openqa.selenium.remote.HttpCommandExecutor.execute(HttpCommandExecutor.java:184)
at org.openqa.selenium.remote.service.DriverCommandExecutor.invokeExecute(DriverCommandExecutor.java:167)
at org.openqa.selenium.remote.service.DriverCommandExecutor.execute(DriverCommandExecutor.java:142)
at org.openqa.selenium.remote.RemoteWebDriver.execute(RemoteWebDriver.java:558)
at org.openqa.selenium.remote.RemoteWebDriver.execute(RemoteWebDriver.java:613)
at org.openqa.selenium.remote.RemoteWebDriver.execute(RemoteWebDriver.java:617)
at org.openqa.selenium.remote.RemoteWebDriver.getScreenshotAs(RemoteWebDriver.java:348)
at com.jivi.auto.utilities.ReportUtils.takeScreenShotBASE64(ReportUtils.java:145)
at com.jivi.auto.utilities.ReportUtils.takeScreenShot(ReportUtils.java:115)
at com.jivi.auto.utilities.ReportUtils.takeScreenShotOnFailure(ReportUtils.java:100)
at com.jivi.auto.utilities.ReportUtils.addInfoOnValidations(ReportUtils.java:72)
at com.jivi.auto.utilities.BaseTest.afterMethod(BaseTest.java:180)
at jdk.internal.reflect.GeneratedMethodAccessor60.invoke(Unknown Source)
at java.base/jdk.internal.reflect.DelegatingMethodAccessorImpl.invoke(DelegatingMethodAccessorImpl.java:43)
at java.base/java.lang.reflect.Method.invoke(Method.java:568)
at org.testng.internal.MethodInvocationHelper.invokeMethod(MethodInvocationHelper.java:134)
at org.testng.internal.MethodInvocationHelper.invokeMethodConsideringTimeout(MethodInvocationHelper.java:63)
at org.testng.internal.ConfigInvoker.invokeConfigurationMethod(ConfigInvoker.java:348)
at org.testng.internal.ConfigInvoker.invokeConfigurations(ConfigInvoker.java:302)
at org.testng.internal.TestInvoker.runConfigMethods(TestInvoker.java:695)
at org.testng.internal.TestInvoker.runAfterGroupsConfigurations(TestInvoker.java:671)
at org.testng.internal.TestInvoker.invokeMethod(TestInvoker.java:655)
at org.testng.internal.TestInvoker.invokeTestMethod(TestInvoker.java:173)
at org.testng.internal.MethodRunner.runInSequence(MethodRunner.java:46)
at org.testng.internal.TestInvoker$MethodInvocationAgent.invoke(TestInvoker.java:816)
at org.testng.internal.TestInvoker.invokeTestMethods(TestInvoker.java:146)
at org.testng.internal.TestMethodWorker.invokeTestMethods(TestMethodWorker.java:146)
at org.testng.internal.TestMethodWorker.run(TestMethodWorker.java:128)
at java.base/java.util.ArrayList.forEach(ArrayList.java:1511)
at org.testng.TestRunner.privateRun(TestRunner.java:766)
at org.testng.TestRunner.run(TestRunner.java:587)
at org.testng.SuiteRunner.runTest(SuiteRunner.java:384)
at org.testng.SuiteRunner.runSequentially(SuiteRunner.java:378)
at org.testng.SuiteRunner.privateRun(SuiteRunner.java:337)
at org.testng.SuiteRunner.run(SuiteRunner.java:286)
at org.testng.SuiteRunnerWorker.runSuite(SuiteRunnerWorker.java:53)
at org.testng.SuiteRunnerWorker.run(SuiteRunnerWorker.java:96)
at org.testng.TestNG.runSuitesSequentially(TestNG.java:1187)
at org.testng.TestNG.runSuitesLocally(TestNG.java:1109)
at org.testng.TestNG.runSuites(TestNG.java:1039)
at org.testng.TestNG.run(TestNG.java:1007)
at com.jivi.auto.driver.JiviewsMainClass.main(JiviewsMainClass.java:27)
]]>
            </full-stacktrace>
          </exception> <!-- org.openqa.selenium.WebDriverException -->
          <reporter-output>
          </reporter-output>
        </test-method> <!-- afterMethod -->
        <test-method is-config="true" signature="afterClass()[pri:0, instance:com.jivi.auto.employeetest.HSSEPlanner@25b8f9d2]" started-at="2023-06-19T07:27:06 IST" name="afterClass" finished-at="1970-01-01T05:30:00 IST" duration-ms="-1687139826282" status="SKIP">
          <reporter-output>
          </reporter-output>
        </test-method> <!-- afterClass -->
        <test-method is-config="true" signature="afterTestSuite()[pri:0, instance:com.jivi.auto.employeetest.HSSEPlanner@25b8f9d2]" started-at="2023-06-19T07:27:06 IST" name="afterTestSuite" finished-at="2023-06-19T07:27:06 IST" duration-ms="40" status="PASS">
          <reporter-output>
          </reporter-output>
        </test-method> <!-- afterTestSuite -->
      </class> <!-- com.jivi.auto.employeetest.HSSEPlanner -->
    </test> <!-- Test7 -->
  </suite> <!-- Suite -->
</testng-results>
