<?xml version="1.0" encoding="UTF-8"?>
<testng-results ignored="0" total="8" passed="6" failed="2" skipped="0">
  <reporter-output>
  </reporter-output>
  <suite started-at="2023-06-09T00:10:32 IST" name="Suite" finished-at="2023-06-09T00:23:25 IST" duration-ms="772233">
    <groups>
    </groups>
    <test started-at="2023-06-09T00:10:32 IST" name="Test1" finished-at="2023-06-09T00:23:25 IST" duration-ms="772233">
      <class name="com.jivi.auto.employeetest.EmployeeSelfServiceTest">
        <test-method is-config="true" signature="beforeSuiteSetup()[pri:0, instance:com.jivi.auto.employeetest.EmployeeSelfServiceTest@66ec9390]" started-at="2023-06-09T00:10:32 IST" name="beforeSuiteSetup" finished-at="2023-06-09T00:10:32 IST" duration-ms="166" status="PASS">
          <reporter-output>
          </reporter-output>
        </test-method> <!-- beforeSuiteSetup -->
        <test-method is-config="true" signature="setUpClass()[pri:0, instance:com.jivi.auto.employeetest.EmployeeSelfServiceTest@66ec9390]" started-at="2023-06-09T00:10:33 IST" name="setUpClass" finished-at="2023-06-09T00:10:33 IST" duration-ms="4" status="PASS">
          <reporter-output>
          </reporter-output>
        </test-method> <!-- setUpClass -->
        <test-method is-config="true" signature="beforeMethod(java.lang.reflect.Method)[pri:0, instance:com.jivi.auto.employeetest.EmployeeSelfServiceTest@66ec9390]" started-at="2023-06-09T00:10:33 IST" name="beforeMethod" finished-at="2023-06-09T00:10:35 IST" duration-ms="1970" status="PASS">
          <params>
            <param index="0">
              <value>
                <![CDATA[public void com.jivi.auto.employeetest.EmployeeSelfServiceTest.employeeSelfServiceEmployeeTest() throws java.lang.Exception]]>
              </value>
            </param>
          </params>
          <reporter-output>
          </reporter-output>
        </test-method> <!-- beforeMethod -->
        <test-method signature="employeeSelfServiceEmployeeTest()[pri:0, instance:com.jivi.auto.employeetest.EmployeeSelfServiceTest@66ec9390]" started-at="2023-06-09T00:10:35 IST" name="employeeSelfServiceEmployeeTest" finished-at="2023-06-09T00:11:56 IST" duration-ms="81524" status="PASS">
          <reporter-output>
          </reporter-output>
        </test-method> <!-- employeeSelfServiceEmployeeTest -->
        <test-method is-config="true" signature="afterMethod(org.testng.ITestResult)[pri:0, instance:com.jivi.auto.employeetest.EmployeeSelfServiceTest@66ec9390]" started-at="2023-06-09T00:11:56 IST" name="afterMethod" finished-at="2023-06-09T00:11:57 IST" duration-ms="514" status="PASS">
          <params>
            <param index="0">
              <value>
                <![CDATA[[TestResult name=employeeSelfServiceEmployeeTest status=SUCCESS method=EmployeeSelfServiceTest.employeeSelfServiceEmployeeTest()[pri:0, instance:com.jivi.auto.employeetest.EmployeeSelfServiceTest@66ec9390] output={null}]]]>
              </value>
            </param>
          </params>
          <reporter-output>
          </reporter-output>
        </test-method> <!-- afterMethod -->
        <test-method is-config="true" signature="beforeMethod(java.lang.reflect.Method)[pri:0, instance:com.jivi.auto.employeetest.EmployeeSelfServiceTest@66ec9390]" started-at="2023-06-09T00:11:57 IST" name="beforeMethod" finished-at="2023-06-09T00:11:57 IST" duration-ms="879" status="PASS">
          <params>
            <param index="0">
              <value>
                <![CDATA[public void com.jivi.auto.employeetest.EmployeeSelfServiceTest.employeeSelfServiceAdminTest() throws java.lang.Exception]]>
              </value>
            </param>
          </params>
          <reporter-output>
          </reporter-output>
        </test-method> <!-- beforeMethod -->
        <test-method signature="employeeSelfServiceAdminTest()[pri:0, instance:com.jivi.auto.employeetest.EmployeeSelfServiceTest@66ec9390]" started-at="2023-06-09T00:11:57 IST" name="employeeSelfServiceAdminTest" finished-at="2023-06-09T00:13:35 IST" duration-ms="97175" status="PASS">
          <reporter-output>
          </reporter-output>
        </test-method> <!-- employeeSelfServiceAdminTest -->
        <test-method is-config="true" signature="afterMethod(org.testng.ITestResult)[pri:0, instance:com.jivi.auto.employeetest.EmployeeSelfServiceTest@66ec9390]" started-at="2023-06-09T00:13:35 IST" name="afterMethod" finished-at="2023-06-09T00:13:35 IST" duration-ms="426" status="PASS">
          <params>
            <param index="0">
              <value>
                <![CDATA[[TestResult name=employeeSelfServiceAdminTest status=SUCCESS method=EmployeeSelfServiceTest.employeeSelfServiceAdminTest()[pri:0, instance:com.jivi.auto.employeetest.EmployeeSelfServiceTest@66ec9390] output={null}]]]>
              </value>
            </param>
          </params>
          <reporter-output>
          </reporter-output>
        </test-method> <!-- afterMethod -->
        <test-method is-config="true" signature="beforeMethod(java.lang.reflect.Method)[pri:0, instance:com.jivi.auto.employeetest.EmployeeSelfServiceTest@66ec9390]" started-at="2023-06-09T00:13:35 IST" name="beforeMethod" finished-at="2023-06-09T00:13:36 IST" duration-ms="982" status="PASS">
          <params>
            <param index="0">
              <value>
                <![CDATA[public void com.jivi.auto.employeetest.EmployeeSelfServiceTest.employeeSelfServiceApplyLeave() throws java.lang.Exception]]>
              </value>
            </param>
          </params>
          <reporter-output>
          </reporter-output>
        </test-method> <!-- beforeMethod -->
        <test-method signature="employeeSelfServiceApplyLeave()[pri:0, instance:com.jivi.auto.employeetest.EmployeeSelfServiceTest@66ec9390]" started-at="2023-06-09T00:13:36 IST" name="employeeSelfServiceApplyLeave" finished-at="2023-06-09T00:16:15 IST" duration-ms="158667" status="FAIL">
          <exception class="org.openqa.selenium.TimeoutException">
            <message>
              <![CDATA[Expected condition failed: waiting for element to be clickable: [[ChromeDriver: chrome on WINDOWS (1a501f7083fd512d64ba181e686ac03d)] -> xpath: //*[text()='Next']] (tried for 70 second(s) with 500 milliseconds interval)
Build info: version: '4.1.2', revision: '9a5a329c5a'
System info: host: 'ASHOK', ip: '192.168.0.103', os.name: 'Windows 11', os.arch: 'amd64', os.version: '10.0', java.version: '17.0.5'
Driver info: org.openqa.selenium.chrome.ChromeDriver
Capabilities {acceptInsecureCerts: false, browserName: chrome, browserVersion: 114.0.5735.110, chrome: {chromedriverVersion: 114.0.5735.90 (386bc09e8f4f..., userDataDir: C:\Users\ashok\AppData\Loca...}, goog:chromeOptions: {debuggerAddress: localhost:61853}, javascriptEnabled: true, networkConnectionEnabled: false, pageLoadStrategy: normal, platform: WINDOWS, platformName: WINDOWS, proxy: Proxy(), se:cdp: ws://localhost:61853/devtoo..., se:cdpVersion: 114.0.5735.110, setWindowRect: true, strictFileInteractability: false, timeouts: {implicit: 0, pageLoad: 300000, script: 30000}, unhandledPromptBehavior: dismiss and notify, webauthn:extension:credBlob: true, webauthn:extension:largeBlob: true, webauthn:extension:minPinLength: true, webauthn:extension:prf: true, webauthn:virtualAuthenticators: true}
Session ID: 1a501f7083fd512d64ba181e686ac03d]]>
            </message>
            <full-stacktrace>
              <![CDATA[org.openqa.selenium.TimeoutException: Expected condition failed: waiting for element to be clickable: [[ChromeDriver: chrome on WINDOWS (1a501f7083fd512d64ba181e686ac03d)] -> xpath: //*[text()='Next']] (tried for 70 second(s) with 500 milliseconds interval)
Build info: version: '4.1.2', revision: '9a5a329c5a'
System info: host: 'ASHOK', ip: '192.168.0.103', os.name: 'Windows 11', os.arch: 'amd64', os.version: '10.0', java.version: '17.0.5'
Driver info: org.openqa.selenium.chrome.ChromeDriver
Capabilities {acceptInsecureCerts: false, browserName: chrome, browserVersion: 114.0.5735.110, chrome: {chromedriverVersion: 114.0.5735.90 (386bc09e8f4f..., userDataDir: C:\Users\ashok\AppData\Loca...}, goog:chromeOptions: {debuggerAddress: localhost:61853}, javascriptEnabled: true, networkConnectionEnabled: false, pageLoadStrategy: normal, platform: WINDOWS, platformName: WINDOWS, proxy: Proxy(), se:cdp: ws://localhost:61853/devtoo..., se:cdpVersion: 114.0.5735.110, setWindowRect: true, strictFileInteractability: false, timeouts: {implicit: 0, pageLoad: 300000, script: 30000}, unhandledPromptBehavior: dismiss and notify, webauthn:extension:credBlob: true, webauthn:extension:largeBlob: true, webauthn:extension:minPinLength: true, webauthn:extension:prf: true, webauthn:virtualAuthenticators: true}
Session ID: 1a501f7083fd512d64ba181e686ac03d
at org.openqa.selenium.support.ui.WebDriverWait.timeoutException(WebDriverWait.java:138)
at org.openqa.selenium.support.ui.FluentWait.until(FluentWait.java:231)
at com.jivi.auto.pageobjectutils.POMCommon.waitUntilElementIsClickable(POMCommon.java:55)
at com.jivi.auto.pageobjectutils.POMCommon.getObject(POMCommon.java:33)
at com.jivi.auto.pageobjectutils.WebElementKeys.clickUsingJavaScript(WebElementKeys.java:64)
at com.jivi.auto.employeepages.EmployeeSelfService.employeeSelfServiceApplyAnnualLeave(EmployeeSelfService.java:347)
at com.jivi.auto.employeetest.EmployeeSelfServiceTest.employeeSelfServiceApplyLeave(EmployeeSelfServiceTest.java:140)
at java.base/jdk.internal.reflect.NativeMethodAccessorImpl.invoke0(Native Method)
at java.base/jdk.internal.reflect.NativeMethodAccessorImpl.invoke(NativeMethodAccessorImpl.java:77)
at java.base/jdk.internal.reflect.DelegatingMethodAccessorImpl.invoke(DelegatingMethodAccessorImpl.java:43)
at java.base/java.lang.reflect.Method.invoke(Method.java:568)
at org.testng.internal.MethodInvocationHelper.invokeMethod(MethodInvocationHelper.java:134)
at org.testng.internal.TestInvoker.invokeMethod(TestInvoker.java:597)
at org.testng.internal.TestInvoker.invokeTestMethod(TestInvoker.java:173)
at org.testng.internal.MethodRunner.runInSequence(MethodRunner.java:46)
at org.testng.internal.TestInvoker$MethodInvocationAgent.invoke(TestInvoker.java:816)
at org.testng.internal.TestInvoker.invokeTestMethods(TestInvoker.java:146)
at org.testng.internal.TestMethodWorker.invokeTestMethods(TestMethodWorker.java:146)
at org.testng.internal.TestMethodWorker.run(TestMethodWorker.java:128)
at java.base/java.util.ArrayList.forEach(ArrayList.java:1511)
at org.testng.TestRunner.privateRun(TestRunner.java:766)
at org.testng.TestRunner.run(TestRunner.java:587)
at org.testng.SuiteRunner.runTest(SuiteRunner.java:384)
at org.testng.SuiteRunner.runSequentially(SuiteRunner.java:378)
at org.testng.SuiteRunner.privateRun(SuiteRunner.java:337)
at org.testng.SuiteRunner.run(SuiteRunner.java:286)
at org.testng.SuiteRunnerWorker.runSuite(SuiteRunnerWorker.java:53)
at org.testng.SuiteRunnerWorker.run(SuiteRunnerWorker.java:96)
at org.testng.TestNG.runSuitesSequentially(TestNG.java:1187)
at org.testng.TestNG.runSuitesLocally(TestNG.java:1109)
at org.testng.TestNG.runSuites(TestNG.java:1039)
at org.testng.TestNG.run(TestNG.java:1007)
at com.jivi.auto.driver.JiviewsMainClass.main(JiviewsMainClass.java:27)
]]>
            </full-stacktrace>
          </exception> <!-- org.openqa.selenium.TimeoutException -->
          <reporter-output>
          </reporter-output>
        </test-method> <!-- employeeSelfServiceApplyLeave -->
        <test-method is-config="true" signature="afterMethod(org.testng.ITestResult)[pri:0, instance:com.jivi.auto.employeetest.EmployeeSelfServiceTest@66ec9390]" started-at="2023-06-09T00:16:15 IST" name="afterMethod" finished-at="2023-06-09T00:16:15 IST" duration-ms="632" status="PASS">
          <params>
            <param index="0">
              <value>
                <![CDATA[[TestResult name=employeeSelfServiceApplyLeave status=FAILURE method=EmployeeSelfServiceTest.employeeSelfServiceApplyLeave()[pri:0, instance:com.jivi.auto.employeetest.EmployeeSelfServiceTest@66ec9390] output={null}]]]>
              </value>
            </param>
          </params>
          <reporter-output>
          </reporter-output>
        </test-method> <!-- afterMethod -->
        <test-method is-config="true" signature="beforeMethod(java.lang.reflect.Method)[pri:0, instance:com.jivi.auto.employeetest.EmployeeSelfServiceTest@66ec9390]" started-at="2023-06-09T00:16:15 IST" name="beforeMethod" finished-at="2023-06-09T00:16:18 IST" duration-ms="2542" status="PASS">
          <params>
            <param index="0">
              <value>
                <![CDATA[public void com.jivi.auto.employeetest.EmployeeSelfServiceTest.employeeSelfServiceRejectLeave() throws java.lang.Exception]]>
              </value>
            </param>
          </params>
          <reporter-output>
          </reporter-output>
        </test-method> <!-- beforeMethod -->
        <test-method signature="employeeSelfServiceRejectLeave()[pri:0, instance:com.jivi.auto.employeetest.EmployeeSelfServiceTest@66ec9390]" started-at="2023-06-09T00:16:18 IST" name="employeeSelfServiceRejectLeave" finished-at="2023-06-09T00:18:58 IST" duration-ms="160567" status="FAIL">
          <exception class="org.openqa.selenium.TimeoutException">
            <message>
              <![CDATA[Expected condition failed: waiting for visibility of Proxy element for: DefaultElementLocator 'By.xpath: //*[text()='Approver Kiosk']' (tried for 70 second(s) with 500 milliseconds interval)]]>
            </message>
            <full-stacktrace>
              <![CDATA[org.openqa.selenium.TimeoutException: Expected condition failed: waiting for visibility of Proxy element for: DefaultElementLocator 'By.xpath: //*[text()='Approver Kiosk']' (tried for 70 second(s) with 500 milliseconds interval)
at org.openqa.selenium.support.ui.WebDriverWait.timeoutException(WebDriverWait.java:138)
at org.openqa.selenium.support.ui.FluentWait.until(FluentWait.java:231)
at com.jivi.auto.pageobjectutils.POMCommon.waitUntilElementIsVisible(POMCommon.java:45)
at com.jivi.auto.pageobjectutils.POMCommon.getObject(POMCommon.java:32)
at com.jivi.auto.pageobjectutils.WebElementKeys.clickUsingJavaScript(WebElementKeys.java:64)
at com.jivi.auto.employeepages.EmployeeSelfService.employeeSelfServiceRejectLeave(EmployeeSelfService.java:363)
at com.jivi.auto.employeetest.EmployeeSelfServiceTest.employeeSelfServiceRejectLeave(EmployeeSelfServiceTest.java:156)
at java.base/jdk.internal.reflect.NativeMethodAccessorImpl.invoke0(Native Method)
at java.base/jdk.internal.reflect.NativeMethodAccessorImpl.invoke(NativeMethodAccessorImpl.java:77)
at java.base/jdk.internal.reflect.DelegatingMethodAccessorImpl.invoke(DelegatingMethodAccessorImpl.java:43)
at java.base/java.lang.reflect.Method.invoke(Method.java:568)
at org.testng.internal.MethodInvocationHelper.invokeMethod(MethodInvocationHelper.java:134)
at org.testng.internal.TestInvoker.invokeMethod(TestInvoker.java:597)
at org.testng.internal.TestInvoker.invokeTestMethod(TestInvoker.java:173)
at org.testng.internal.MethodRunner.runInSequence(MethodRunner.java:46)
at org.testng.internal.TestInvoker$MethodInvocationAgent.invoke(TestInvoker.java:816)
at org.testng.internal.TestInvoker.invokeTestMethods(TestInvoker.java:146)
at org.testng.internal.TestMethodWorker.invokeTestMethods(TestMethodWorker.java:146)
at org.testng.internal.TestMethodWorker.run(TestMethodWorker.java:128)
at java.base/java.util.ArrayList.forEach(ArrayList.java:1511)
at org.testng.TestRunner.privateRun(TestRunner.java:766)
at org.testng.TestRunner.run(TestRunner.java:587)
at org.testng.SuiteRunner.runTest(SuiteRunner.java:384)
at org.testng.SuiteRunner.runSequentially(SuiteRunner.java:378)
at org.testng.SuiteRunner.privateRun(SuiteRunner.java:337)
at org.testng.SuiteRunner.run(SuiteRunner.java:286)
at org.testng.SuiteRunnerWorker.runSuite(SuiteRunnerWorker.java:53)
at org.testng.SuiteRunnerWorker.run(SuiteRunnerWorker.java:96)
at org.testng.TestNG.runSuitesSequentially(TestNG.java:1187)
at org.testng.TestNG.runSuitesLocally(TestNG.java:1109)
at org.testng.TestNG.runSuites(TestNG.java:1039)
at org.testng.TestNG.run(TestNG.java:1007)
at com.jivi.auto.driver.JiviewsMainClass.main(JiviewsMainClass.java:27)
Caused by: org.openqa.selenium.NoSuchElementException: no such element: Unable to locate element: {"method":"xpath","selector":"//*[text()='Approver Kiosk']"}
  (Session info: chrome=114.0.5735.110)
For documentation on this error, please visit: https://selenium.dev/exceptions/#no_such_element
Build info: version: '4.1.2', revision: '9a5a329c5a'
System info: host: 'ASHOK', ip: '192.168.0.103', os.name: 'Windows 11', os.arch: 'amd64', os.version: '10.0', java.version: '17.0.5'
Driver info: org.openqa.selenium.chrome.ChromeDriver
Command: [64013d6678c0970a359c81c3f0e3ae00, findElement {using=xpath, value=//*[text()='Approver Kiosk']}]
Capabilities {acceptInsecureCerts: false, browserName: chrome, browserVersion: 114.0.5735.110, chrome: {chromedriverVersion: 114.0.5735.90 (386bc09e8f4f..., userDataDir: C:\Users\ashok\AppData\Loca...}, goog:chromeOptions: {debuggerAddress: localhost:62041}, javascriptEnabled: true, networkConnectionEnabled: false, pageLoadStrategy: normal, platform: WINDOWS, platformName: WINDOWS, proxy: Proxy(), se:cdp: ws://localhost:62041/devtoo..., se:cdpVersion: 114.0.5735.110, setWindowRect: true, strictFileInteractability: false, timeouts: {implicit: 0, pageLoad: 300000, script: 30000}, unhandledPromptBehavior: dismiss and notify, webauthn:extension:credBlob: true, webauthn:extension:largeBlob: true, webauthn:extension:minPinLength: true, webauthn:extension:prf: true, webauthn:virtualAuthenticators: true}
Session ID: 64013d6678c0970a359c81c3f0e3ae00
at java.base/jdk.internal.reflect.NativeConstructorAccessorImpl.newInstance0(Native Method)
at java.base/jdk.internal.reflect.NativeConstructorAccessorImpl.newInstance(NativeConstructorAccessorImpl.java:77)
at java.base/jdk.internal.reflect.DelegatingConstructorAccessorImpl.newInstance(DelegatingConstructorAccessorImpl.java:45)
at java.base/java.lang.reflect.Constructor.newInstanceWithCaller(Constructor.java:499)
at java.base/java.lang.reflect.Constructor.newInstance(Constructor.java:480)
at org.openqa.selenium.remote.codec.w3c.W3CHttpResponseCodec.createException(W3CHttpResponseCodec.java:200)
at org.openqa.selenium.remote.codec.w3c.W3CHttpResponseCodec.decode(W3CHttpResponseCodec.java:133)
at org.openqa.selenium.remote.codec.w3c.W3CHttpResponseCodec.decode(W3CHttpResponseCodec.java:53)
at org.openqa.selenium.remote.HttpCommandExecutor.execute(HttpCommandExecutor.java:184)
at org.openqa.selenium.remote.service.DriverCommandExecutor.invokeExecute(DriverCommandExecutor.java:167)
at org.openqa.selenium.remote.service.DriverCommandExecutor.execute(DriverCommandExecutor.java:142)
at org.openqa.selenium.remote.RemoteWebDriver.execute(RemoteWebDriver.java:558)
at org.openqa.selenium.remote.ElementLocation$ElementFinder$2.findElement(ElementLocation.java:162)
at org.openqa.selenium.remote.ElementLocation.findElement(ElementLocation.java:60)
at org.openqa.selenium.remote.RemoteWebDriver.findElement(RemoteWebDriver.java:382)
at org.openqa.selenium.remote.RemoteWebDriver.findElement(RemoteWebDriver.java:374)
at org.openqa.selenium.support.pagefactory.DefaultElementLocator.findElement(DefaultElementLocator.java:70)
at org.openqa.selenium.support.pagefactory.internal.LocatingElementHandler.invoke(LocatingElementHandler.java:39)
at jdk.proxy2/jdk.proxy2.$Proxy17.isDisplayed(Unknown Source)
at org.openqa.selenium.support.ui.ExpectedConditions.elementIfVisible(ExpectedConditions.java:307)
at org.openqa.selenium.support.ui.ExpectedConditions.access$000(ExpectedConditions.java:40)
at org.openqa.selenium.support.ui.ExpectedConditions$10.apply(ExpectedConditions.java:293)
at org.openqa.selenium.support.ui.ExpectedConditions$10.apply(ExpectedConditions.java:290)
at org.openqa.selenium.support.ui.FluentWait.until(FluentWait.java:208)
... 31 more
]]>
            </full-stacktrace>
          </exception> <!-- org.openqa.selenium.TimeoutException -->
          <reporter-output>
          </reporter-output>
        </test-method> <!-- employeeSelfServiceRejectLeave -->
        <test-method is-config="true" signature="afterMethod(org.testng.ITestResult)[pri:0, instance:com.jivi.auto.employeetest.EmployeeSelfServiceTest@66ec9390]" started-at="2023-06-09T00:18:58 IST" name="afterMethod" finished-at="2023-06-09T00:18:59 IST" duration-ms="636" status="PASS">
          <params>
            <param index="0">
              <value>
                <![CDATA[[TestResult name=employeeSelfServiceRejectLeave status=FAILURE method=EmployeeSelfServiceTest.employeeSelfServiceRejectLeave()[pri:0, instance:com.jivi.auto.employeetest.EmployeeSelfServiceTest@66ec9390] output={null}]]]>
              </value>
            </param>
          </params>
          <reporter-output>
          </reporter-output>
        </test-method> <!-- afterMethod -->
        <test-method is-config="true" signature="beforeMethod(java.lang.reflect.Method)[pri:0, instance:com.jivi.auto.employeetest.EmployeeSelfServiceTest@66ec9390]" started-at="2023-06-09T00:18:59 IST" name="beforeMethod" finished-at="2023-06-09T00:19:00 IST" duration-ms="912" status="PASS">
          <params>
            <param index="0">
              <value>
                <![CDATA[public void com.jivi.auto.employeetest.EmployeeSelfServiceTest.leaveBalanceAfterRejection() throws java.lang.Exception]]>
              </value>
            </param>
          </params>
          <reporter-output>
          </reporter-output>
        </test-method> <!-- beforeMethod -->
        <test-method signature="leaveBalanceAfterRejection()[pri:0, instance:com.jivi.auto.employeetest.EmployeeSelfServiceTest@66ec9390]" started-at="2023-06-09T00:19:00 IST" name="leaveBalanceAfterRejection" finished-at="2023-06-09T00:19:58 IST" duration-ms="57989" status="PASS">
          <reporter-output>
          </reporter-output>
        </test-method> <!-- leaveBalanceAfterRejection -->
        <test-method is-config="true" signature="afterMethod(org.testng.ITestResult)[pri:0, instance:com.jivi.auto.employeetest.EmployeeSelfServiceTest@66ec9390]" started-at="2023-06-09T00:19:58 IST" name="afterMethod" finished-at="2023-06-09T00:19:58 IST" duration-ms="412" status="PASS">
          <params>
            <param index="0">
              <value>
                <![CDATA[[TestResult name=leaveBalanceAfterRejection status=SUCCESS method=EmployeeSelfServiceTest.leaveBalanceAfterRejection()[pri:0, instance:com.jivi.auto.employeetest.EmployeeSelfServiceTest@66ec9390] output={null}]]]>
              </value>
            </param>
          </params>
          <reporter-output>
          </reporter-output>
        </test-method> <!-- afterMethod -->
        <test-method is-config="true" signature="beforeMethod(java.lang.reflect.Method)[pri:0, instance:com.jivi.auto.employeetest.EmployeeSelfServiceTest@66ec9390]" started-at="2023-06-09T00:19:58 IST" name="beforeMethod" finished-at="2023-06-09T00:19:59 IST" duration-ms="834" status="PASS">
          <params>
            <param index="0">
              <value>
                <![CDATA[public void com.jivi.auto.employeetest.EmployeeSelfServiceTest.employeeSelfServiceApproveLeave() throws java.lang.Exception]]>
              </value>
            </param>
          </params>
          <reporter-output>
          </reporter-output>
        </test-method> <!-- beforeMethod -->
        <test-method signature="employeeSelfServiceApproveLeave()[pri:0, instance:com.jivi.auto.employeetest.EmployeeSelfServiceTest@66ec9390]" started-at="2023-06-09T00:19:59 IST" name="employeeSelfServiceApproveLeave" finished-at="2023-06-09T00:21:09 IST" duration-ms="69330" status="PASS">
          <reporter-output>
          </reporter-output>
        </test-method> <!-- employeeSelfServiceApproveLeave -->
        <test-method is-config="true" signature="afterMethod(org.testng.ITestResult)[pri:0, instance:com.jivi.auto.employeetest.EmployeeSelfServiceTest@66ec9390]" started-at="2023-06-09T00:21:09 IST" name="afterMethod" finished-at="2023-06-09T00:21:09 IST" duration-ms="414" status="PASS">
          <params>
            <param index="0">
              <value>
                <![CDATA[[TestResult name=employeeSelfServiceApproveLeave status=SUCCESS method=EmployeeSelfServiceTest.employeeSelfServiceApproveLeave()[pri:0, instance:com.jivi.auto.employeetest.EmployeeSelfServiceTest@66ec9390] output={null}]]]>
              </value>
            </param>
          </params>
          <reporter-output>
          </reporter-output>
        </test-method> <!-- afterMethod -->
        <test-method is-config="true" signature="beforeMethod(java.lang.reflect.Method)[pri:0, instance:com.jivi.auto.employeetest.EmployeeSelfServiceTest@66ec9390]" started-at="2023-06-09T00:21:09 IST" name="beforeMethod" finished-at="2023-06-09T00:21:10 IST" duration-ms="931" status="PASS">
          <params>
            <param index="0">
              <value>
                <![CDATA[public void com.jivi.auto.employeetest.EmployeeSelfServiceTest.leaveBalanceAfterApprove() throws java.lang.Exception]]>
              </value>
            </param>
          </params>
          <reporter-output>
          </reporter-output>
        </test-method> <!-- beforeMethod -->
        <test-method signature="leaveBalanceAfterApprove()[pri:0, instance:com.jivi.auto.employeetest.EmployeeSelfServiceTest@66ec9390]" started-at="2023-06-09T00:21:10 IST" name="leaveBalanceAfterApprove" finished-at="2023-06-09T00:22:21 IST" duration-ms="71223" status="PASS">
          <reporter-output>
          </reporter-output>
        </test-method> <!-- leaveBalanceAfterApprove -->
        <test-method is-config="true" signature="afterMethod(org.testng.ITestResult)[pri:0, instance:com.jivi.auto.employeetest.EmployeeSelfServiceTest@66ec9390]" started-at="2023-06-09T00:22:21 IST" name="afterMethod" finished-at="2023-06-09T00:22:22 IST" duration-ms="412" status="PASS">
          <params>
            <param index="0">
              <value>
                <![CDATA[[TestResult name=leaveBalanceAfterApprove status=SUCCESS method=EmployeeSelfServiceTest.leaveBalanceAfterApprove()[pri:0, instance:com.jivi.auto.employeetest.EmployeeSelfServiceTest@66ec9390] output={null}]]]>
              </value>
            </param>
          </params>
          <reporter-output>
          </reporter-output>
        </test-method> <!-- afterMethod -->
        <test-method is-config="true" signature="beforeMethod(java.lang.reflect.Method)[pri:0, instance:com.jivi.auto.employeetest.EmployeeSelfServiceTest@66ec9390]" started-at="2023-06-09T00:22:22 IST" name="beforeMethod" finished-at="2023-06-09T00:22:23 IST" duration-ms="970" status="PASS">
          <params>
            <param index="0">
              <value>
                <![CDATA[public void com.jivi.auto.employeetest.EmployeeSelfServiceTest.employeeSelfServiceApplyTimeOff() throws java.lang.Exception]]>
              </value>
            </param>
          </params>
          <reporter-output>
          </reporter-output>
        </test-method> <!-- beforeMethod -->
        <test-method signature="employeeSelfServiceApplyTimeOff()[pri:0, instance:com.jivi.auto.employeetest.EmployeeSelfServiceTest@66ec9390]" started-at="2023-06-09T00:22:23 IST" name="employeeSelfServiceApplyTimeOff" finished-at="2023-06-09T00:23:24 IST" duration-ms="61594" status="PASS">
          <reporter-output>
          </reporter-output>
        </test-method> <!-- employeeSelfServiceApplyTimeOff -->
        <test-method is-config="true" signature="afterMethod(org.testng.ITestResult)[pri:0, instance:com.jivi.auto.employeetest.EmployeeSelfServiceTest@66ec9390]" started-at="2023-06-09T00:23:24 IST" name="afterMethod" finished-at="2023-06-09T00:23:25 IST" duration-ms="425" status="PASS">
          <params>
            <param index="0">
              <value>
                <![CDATA[[TestResult name=employeeSelfServiceApplyTimeOff status=SUCCESS method=EmployeeSelfServiceTest.employeeSelfServiceApplyTimeOff()[pri:0, instance:com.jivi.auto.employeetest.EmployeeSelfServiceTest@66ec9390] output={null}]]]>
              </value>
            </param>
          </params>
          <reporter-output>
          </reporter-output>
        </test-method> <!-- afterMethod -->
        <test-method is-config="true" signature="afterClass()[pri:0, instance:com.jivi.auto.employeetest.EmployeeSelfServiceTest@66ec9390]" started-at="2023-06-09T00:23:25 IST" name="afterClass" finished-at="2023-06-09T00:23:25 IST" duration-ms="0" status="PASS">
          <reporter-output>
          </reporter-output>
        </test-method> <!-- afterClass -->
        <test-method is-config="true" signature="afterTestSuite()[pri:0, instance:com.jivi.auto.employeetest.EmployeeSelfServiceTest@66ec9390]" started-at="2023-06-09T00:23:25 IST" name="afterTestSuite" finished-at="2023-06-09T00:23:25 IST" duration-ms="63" status="PASS">
          <reporter-output>
          </reporter-output>
        </test-method> <!-- afterTestSuite -->
      </class> <!-- com.jivi.auto.employeetest.EmployeeSelfServiceTest -->
    </test> <!-- Test1 -->
  </suite> <!-- Suite -->
</testng-results>
